# x= r [kpc] ,  y= #rho(r) [GeV cm^{-3}]
#      x     y[    sm       <subs>      tot    <subs>/tot  N_cl(<r)/N_tot]
  1.0000e-02     6.25e+02   7.80e+00   6.32e+02   1.23e-02   5.85e-09
  1.0975e-02     5.69e+02   7.11e+00   5.76e+02   1.23e-02   7.04e-09
  1.2045e-02     5.18e+02   6.47e+00   5.25e+02   1.23e-02   8.48e-09
  1.3219e-02     4.72e+02   5.90e+00   4.78e+02   1.23e-02   1.02e-08
  1.4508e-02     4.30e+02   5.37e+00   4.36e+02   1.23e-02   1.23e-08
  1.5923e-02     3.92e+02   4.89e+00   3.97e+02   1.23e-02   1.48e-08
  1.7475e-02     3.57e+02   4.46e+00   3.62e+02   1.23e-02   1.78e-08
  1.9179e-02     3.25e+02   4.06e+00   3.29e+02   1.23e-02   2.15e-08
  2.1049e-02     2.96e+02   3.70e+00   3.00e+02   1.23e-02   2.59e-08
  2.3101e-02     2.70e+02   3.37e+00   2.73e+02   1.23e-02   3.12e-08
  2.5354e-02     2.46e+02   3.07e+00   2.49e+02   1.23e-02   3.75e-08
  2.7826e-02     2.24e+02   2.79e+00   2.27e+02   1.23e-02   4.52e-08
  3.0539e-02     2.04e+02   2.55e+00   2.07e+02   1.23e-02   5.44e-08
  3.3516e-02     1.86e+02   2.32e+00   1.88e+02   1.23e-02   6.55e-08
  3.6784e-02     1.69e+02   2.11e+00   1.71e+02   1.23e-02   7.89e-08
  4.0370e-02     1.54e+02   1.92e+00   1.56e+02   1.23e-02   9.50e-08
  4.4306e-02     1.40e+02   1.75e+00   1.42e+02   1.23e-02   1.14e-07
  4.8626e-02     1.28e+02   1.60e+00   1.30e+02   1.23e-02   1.38e-07
  5.3367e-02     1.17e+02   1.45e+00   1.18e+02   1.23e-02   1.66e-07
  5.8570e-02     1.06e+02   1.32e+00   1.07e+02   1.23e-02   2.00e-07
  6.4281e-02     9.66e+01   1.20e+00   9.78e+01   1.23e-02   2.40e-07
  7.0548e-02     8.80e+01   1.10e+00   8.91e+01   1.23e-02   2.89e-07
  7.7426e-02     8.01e+01   9.99e-01   8.11e+01   1.23e-02   3.48e-07
  8.4975e-02     7.29e+01   9.09e-01   7.39e+01   1.23e-02   4.19e-07
  9.3260e-02     6.64e+01   8.28e-01   6.72e+01   1.23e-02   5.05e-07
  1.0235e-01     6.05e+01   7.53e-01   6.12e+01   1.23e-02   6.08e-07
  1.1233e-01     5.50e+01   6.86e-01   5.57e+01   1.23e-02   7.31e-07
  1.2328e-01     5.01e+01   6.24e-01   5.07e+01   1.23e-02   8.80e-07
  1.3530e-01     4.56e+01   5.68e-01   4.61e+01   1.23e-02   1.06e-06
  1.4850e-01     4.15e+01   5.17e-01   4.20e+01   1.23e-02   1.28e-06
  1.6298e-01     3.77e+01   4.71e-01   3.82e+01   1.23e-02   1.53e-06
  1.7886e-01     3.43e+01   4.28e-01   3.48e+01   1.23e-02   1.85e-06
  1.9630e-01     3.12e+01   3.90e-01   3.16e+01   1.23e-02   2.22e-06
  2.1544e-01     2.84e+01   3.55e-01   2.87e+01   1.23e-02   2.67e-06
  2.3645e-01     2.58e+01   3.23e-01   2.61e+01   1.23e-02   3.22e-06
  2.5950e-01     2.35e+01   2.93e-01   2.38e+01   1.24e-02   3.87e-06
  2.8480e-01     2.13e+01   2.67e-01   2.16e+01   1.24e-02   4.65e-06
  3.1257e-01     1.94e+01   2.43e-01   1.96e+01   1.24e-02   5.60e-06
  3.4305e-01     1.76e+01   2.21e-01   1.78e+01   1.24e-02   6.73e-06
  3.7649e-01     1.60e+01   2.01e-01   1.62e+01   1.24e-02   8.10e-06
  4.1320e-01     1.45e+01   1.82e-01   1.47e+01   1.24e-02   9.74e-06
  4.5349e-01     1.32e+01   1.66e-01   1.33e+01   1.24e-02   1.17e-05
  4.9770e-01     1.19e+01   1.51e-01   1.21e+01   1.25e-02   1.41e-05
  5.4623e-01     1.08e+01   1.37e-01   1.10e+01   1.25e-02   1.69e-05
  5.9948e-01     9.82e+00   1.24e-01   9.94e+00   1.25e-02   2.03e-05
  6.5793e-01     8.89e+00   1.13e-01   9.01e+00   1.26e-02   2.44e-05
  7.2208e-01     8.05e+00   1.03e-01   8.15e+00   1.26e-02   2.94e-05
  7.9248e-01     7.29e+00   9.32e-02   7.38e+00   1.26e-02   3.53e-05
  8.6975e-01     6.59e+00   8.46e-02   6.67e+00   1.27e-02   4.24e-05
  9.5455e-01     5.95e+00   7.68e-02   6.03e+00   1.27e-02   5.09e-05
  1.0476e+00     5.38e+00   6.97e-02   5.45e+00   1.28e-02   6.11e-05
  1.1498e+00     4.85e+00   6.32e-02   4.91e+00   1.29e-02   7.34e-05
  1.2619e+00     4.37e+00   5.73e-02   4.43e+00   1.30e-02   8.81e-05
  1.3849e+00     3.94e+00   5.20e-02   3.99e+00   1.30e-02   1.06e-04
  1.5199e+00     3.54e+00   4.71e-02   3.59e+00   1.31e-02   1.27e-04
  1.6681e+00     3.18e+00   4.27e-02   3.22e+00   1.32e-02   1.52e-04
  1.8307e+00     2.85e+00   3.87e-02   2.89e+00   1.34e-02   1.82e-04
  2.0092e+00     2.56e+00   3.50e-02   2.59e+00   1.35e-02   2.19e-04
  2.2051e+00     2.29e+00   3.17e-02   2.32e+00   1.37e-02   2.62e-04
  2.4201e+00     2.04e+00   2.87e-02   2.07e+00   1.38e-02   3.14e-04
  2.6561e+00     1.82e+00   2.59e-02   1.85e+00   1.40e-02   3.76e-04
  2.9151e+00     1.62e+00   2.34e-02   1.65e+00   1.42e-02   4.50e-04
  3.1993e+00     1.44e+00   2.11e-02   1.46e+00   1.45e-02   5.38e-04
  3.5112e+00     1.28e+00   1.91e-02   1.30e+00   1.47e-02   6.44e-04
  3.8535e+00     1.13e+00   1.72e-02   1.15e+00   1.50e-02   7.70e-04
  4.2292e+00     9.97e-01   1.55e-02   1.01e+00   1.53e-02   9.20e-04
  4.6416e+00     8.78e-01   1.40e-02   8.92e-01   1.57e-02   1.10e-03
  5.0941e+00     7.70e-01   1.26e-02   7.83e-01   1.61e-02   1.31e-03
  5.5908e+00     6.74e-01   1.13e-02   6.85e-01   1.66e-02   1.57e-03
  6.1359e+00     5.88e-01   1.02e-02   5.98e-01   1.70e-02   1.87e-03
  6.7342e+00     5.12e-01   9.17e-03   5.21e-01   1.76e-02   2.23e-03
  7.3907e+00     4.43e-01   8.23e-03   4.52e-01   1.82e-02   2.65e-03
  8.1113e+00     3.83e-01   7.38e-03   3.90e-01   1.89e-02   3.16e-03
  8.9022e+00     3.30e-01   6.61e-03   3.36e-01   1.97e-02   3.76e-03
  9.7701e+00     2.83e-01   5.92e-03   2.89e-01   2.05e-02   4.46e-03
  1.0723e+01     2.41e-01   5.30e-03   2.47e-01   2.15e-02   5.30e-03
  1.1768e+01     2.05e-01   4.73e-03   2.10e-01   2.25e-02   6.29e-03
  1.2915e+01     1.74e-01   4.22e-03   1.78e-01   2.37e-02   7.46e-03
  1.4175e+01     1.47e-01   3.76e-03   1.50e-01   2.50e-02   8.84e-03
  1.5557e+01     1.23e-01   3.35e-03   1.26e-01   2.65e-02   1.05e-02
  1.7074e+01     1.03e-01   2.98e-03   1.06e-01   2.81e-02   1.24e-02
  1.8738e+01     8.57e-02   2.64e-03   8.83e-02   2.99e-02   1.46e-02
  2.0565e+01     7.10e-02   2.34e-03   7.33e-02   3.20e-02   1.72e-02
  2.2570e+01     5.85e-02   2.07e-03   6.06e-02   3.42e-02   2.03e-02
  2.4771e+01     4.80e-02   1.83e-03   4.99e-02   3.67e-02   2.39e-02
  2.7186e+01     3.93e-02   1.62e-03   4.09e-02   3.95e-02   2.81e-02
  2.9836e+01     3.19e-02   1.42e-03   3.34e-02   4.27e-02   3.30e-02
  3.2745e+01     2.59e-02   1.25e-03   2.71e-02   4.62e-02   3.87e-02
  3.5938e+01     2.08e-02   1.10e-03   2.19e-02   5.00e-02   4.53e-02
  3.9442e+01     1.67e-02   9.62e-04   1.77e-02   5.44e-02   5.29e-02
  4.3288e+01     1.34e-02   8.40e-04   1.42e-02   5.92e-02   6.18e-02
  4.7508e+01     1.06e-02   7.33e-04   1.14e-02   6.45e-02   7.20e-02
  5.2140e+01     8.42e-03   6.38e-04   9.06e-03   7.04e-02   8.38e-02
  5.7224e+01     6.65e-03   5.54e-04   7.20e-03   7.69e-02   9.73e-02
  6.2803e+01     5.22e-03   4.80e-04   5.70e-03   8.42e-02   1.13e-01
  6.8926e+01     4.09e-03   4.15e-04   4.50e-03   9.22e-02   1.31e-01
  7.5646e+01     3.19e-03   3.58e-04   3.54e-03   1.01e-01   1.51e-01
  8.3022e+01     2.47e-03   3.08e-04   2.78e-03   1.11e-01   1.74e-01
  9.1116e+01     1.91e-03   2.64e-04   2.18e-03   1.21e-01   2.00e-01
  1.0000e+02     1.47e-03   2.26e-04   1.70e-03   1.33e-01   2.30e-01
