# x= r [kpc] ,  y= #rho(r) [GeV cm^{-3}]
#      x     y[    sm       <subs>      tot    <subs>/tot  N_cl(<r)/N_tot]
  1.0000e-02     8.52e+02   8.55e+00   8.61e+02   9.93e-03   6.39e-09
  1.0975e-02     7.77e+02   7.79e+00   7.84e+02   9.93e-03   7.69e-09
  1.2045e-02     7.08e+02   7.09e+00   7.15e+02   9.93e-03   9.27e-09
  1.3219e-02     6.45e+02   6.46e+00   6.51e+02   9.93e-03   1.12e-08
  1.4508e-02     5.87e+02   5.89e+00   5.93e+02   9.93e-03   1.34e-08
  1.5923e-02     5.35e+02   5.36e+00   5.40e+02   9.92e-03   1.62e-08
  1.7475e-02     4.87e+02   4.88e+00   4.92e+02   9.92e-03   1.95e-08
  1.9179e-02     4.44e+02   4.45e+00   4.48e+02   9.92e-03   2.35e-08
  2.1049e-02     4.04e+02   4.05e+00   4.09e+02   9.92e-03   2.83e-08
  2.3101e-02     3.68e+02   3.69e+00   3.72e+02   9.92e-03   3.40e-08
  2.5354e-02     3.36e+02   3.36e+00   3.39e+02   9.92e-03   4.10e-08
  2.7826e-02     3.06e+02   3.06e+00   3.09e+02   9.92e-03   4.93e-08
  3.0539e-02     2.78e+02   2.79e+00   2.81e+02   9.92e-03   5.94e-08
  3.3516e-02     2.54e+02   2.54e+00   2.56e+02   9.92e-03   7.15e-08
  3.6784e-02     2.31e+02   2.31e+00   2.33e+02   9.91e-03   8.61e-08
  4.0370e-02     2.10e+02   2.11e+00   2.12e+02   9.91e-03   1.04e-07
  4.4306e-02     1.92e+02   1.92e+00   1.94e+02   9.91e-03   1.25e-07
  4.8626e-02     1.74e+02   1.75e+00   1.76e+02   9.91e-03   1.50e-07
  5.3367e-02     1.59e+02   1.59e+00   1.60e+02   9.91e-03   1.81e-07
  5.8570e-02     1.45e+02   1.45e+00   1.46e+02   9.91e-03   2.18e-07
  6.4281e-02     1.32e+02   1.32e+00   1.33e+02   9.91e-03   2.62e-07
  7.0548e-02     1.20e+02   1.20e+00   1.21e+02   9.91e-03   3.16e-07
  7.7426e-02     1.09e+02   1.09e+00   1.10e+02   9.91e-03   3.80e-07
  8.4975e-02     9.94e+01   9.95e-01   1.00e+02   9.91e-03   4.58e-07
  9.3260e-02     9.05e+01   9.06e-01   9.14e+01   9.91e-03   5.51e-07
  1.0235e-01     8.23e+01   8.25e-01   8.32e+01   9.91e-03   6.63e-07
  1.1233e-01     7.49e+01   7.51e-01   7.57e+01   9.92e-03   7.98e-07
  1.2328e-01     6.82e+01   6.83e-01   6.89e+01   9.92e-03   9.60e-07
  1.3530e-01     6.20e+01   6.22e-01   6.27e+01   9.92e-03   1.16e-06
  1.4850e-01     5.64e+01   5.66e-01   5.70e+01   9.92e-03   1.39e-06
  1.6298e-01     5.13e+01   5.15e-01   5.18e+01   9.93e-03   1.67e-06
  1.7886e-01     4.67e+01   4.68e-01   4.71e+01   9.93e-03   2.01e-06
  1.9630e-01     4.24e+01   4.26e-01   4.29e+01   9.94e-03   2.42e-06
  2.1544e-01     3.86e+01   3.88e-01   3.90e+01   9.95e-03   2.91e-06
  2.3645e-01     3.51e+01   3.53e-01   3.54e+01   9.95e-03   3.50e-06
  2.5950e-01     3.19e+01   3.21e-01   3.22e+01   9.96e-03   4.22e-06
  2.8480e-01     2.89e+01   2.92e-01   2.92e+01   9.97e-03   5.07e-06
  3.1257e-01     2.63e+01   2.65e-01   2.65e+01   9.99e-03   6.10e-06
  3.4305e-01     2.39e+01   2.41e-01   2.41e+01   1.00e-02   7.33e-06
  3.7649e-01     2.16e+01   2.19e-01   2.19e+01   1.00e-02   8.81e-06
  4.1320e-01     1.96e+01   1.99e-01   1.98e+01   1.00e-02   1.06e-05
  4.5349e-01     1.78e+01   1.81e-01   1.80e+01   1.01e-02   1.27e-05
  4.9770e-01     1.61e+01   1.64e-01   1.63e+01   1.01e-02   1.53e-05
  5.4623e-01     1.46e+01   1.49e-01   1.48e+01   1.01e-02   1.84e-05
  5.9948e-01     1.32e+01   1.36e-01   1.34e+01   1.01e-02   2.21e-05
  6.5793e-01     1.20e+01   1.23e-01   1.21e+01   1.02e-02   2.66e-05
  7.2208e-01     1.08e+01   1.12e-01   1.09e+01   1.02e-02   3.19e-05
  7.9248e-01     9.78e+00   1.01e-01   9.88e+00   1.03e-02   3.83e-05
  8.6975e-01     8.83e+00   9.20e-02   8.92e+00   1.03e-02   4.60e-05
  9.5455e-01     7.97e+00   8.35e-02   8.05e+00   1.04e-02   5.52e-05
  1.0476e+00     7.18e+00   7.57e-02   7.25e+00   1.04e-02   6.63e-05
  1.1498e+00     6.46e+00   6.86e-02   6.53e+00   1.05e-02   7.95e-05
  1.2619e+00     5.81e+00   6.22e-02   5.88e+00   1.06e-02   9.54e-05
  1.3849e+00     5.22e+00   5.63e-02   5.28e+00   1.07e-02   1.14e-04
  1.5199e+00     4.68e+00   5.10e-02   4.74e+00   1.08e-02   1.37e-04
  1.6681e+00     4.20e+00   4.62e-02   4.24e+00   1.09e-02   1.64e-04
  1.8307e+00     3.75e+00   4.18e-02   3.80e+00   1.10e-02   1.97e-04
  2.0092e+00     3.35e+00   3.78e-02   3.39e+00   1.11e-02   2.36e-04
  2.2051e+00     2.99e+00   3.42e-02   3.02e+00   1.13e-02   2.83e-04
  2.4201e+00     2.66e+00   3.09e-02   2.69e+00   1.15e-02   3.39e-04
  2.6561e+00     2.36e+00   2.79e-02   2.39e+00   1.17e-02   4.05e-04
  2.9151e+00     2.10e+00   2.52e-02   2.12e+00   1.19e-02   4.85e-04
  3.1993e+00     1.85e+00   2.27e-02   1.88e+00   1.21e-02   5.79e-04
  3.5112e+00     1.63e+00   2.05e-02   1.65e+00   1.24e-02   6.92e-04
  3.8535e+00     1.44e+00   1.85e-02   1.46e+00   1.27e-02   8.27e-04
  4.2292e+00     1.26e+00   1.66e-02   1.28e+00   1.30e-02   9.87e-04
  4.6416e+00     1.10e+00   1.50e-02   1.12e+00   1.34e-02   1.18e-03
  5.0941e+00     9.63e-01   1.35e-02   9.77e-01   1.38e-02   1.41e-03
  5.5908e+00     8.37e-01   1.21e-02   8.50e-01   1.42e-02   1.67e-03
  6.1359e+00     7.26e-01   1.08e-02   7.37e-01   1.47e-02   1.99e-03
  6.7342e+00     6.27e-01   9.73e-03   6.36e-01   1.53e-02   2.37e-03
  7.3907e+00     5.39e-01   8.72e-03   5.48e-01   1.59e-02   2.82e-03
  8.1113e+00     4.62e-01   7.80e-03   4.70e-01   1.66e-02   3.36e-03
  8.9022e+00     3.95e-01   6.98e-03   4.02e-01   1.74e-02   3.99e-03
  9.7701e+00     3.36e-01   6.23e-03   3.42e-01   1.82e-02   4.73e-03
  1.0723e+01     2.84e-01   5.56e-03   2.90e-01   1.92e-02   5.61e-03
  1.1768e+01     2.40e-01   4.96e-03   2.45e-01   2.03e-02   6.64e-03
  1.2915e+01     2.01e-01   4.41e-03   2.06e-01   2.15e-02   7.86e-03
  1.4175e+01     1.68e-01   3.92e-03   1.72e-01   2.28e-02   9.29e-03
  1.5557e+01     1.40e-01   3.48e-03   1.43e-01   2.43e-02   1.10e-02
  1.7074e+01     1.16e-01   3.08e-03   1.19e-01   2.59e-02   1.29e-02
  1.8738e+01     9.55e-02   2.73e-03   9.83e-02   2.78e-02   1.53e-02
  2.0565e+01     7.84e-02   2.41e-03   8.08e-02   2.98e-02   1.80e-02
  2.2570e+01     6.41e-02   2.13e-03   6.62e-02   3.21e-02   2.11e-02
  2.4771e+01     5.21e-02   1.87e-03   5.40e-02   3.47e-02   2.48e-02
  2.7186e+01     4.22e-02   1.65e-03   4.39e-02   3.75e-02   2.90e-02
  2.9836e+01     3.41e-02   1.44e-03   3.55e-02   4.07e-02   3.40e-02
  3.2745e+01     2.73e-02   1.26e-03   2.86e-02   4.42e-02   3.97e-02
  3.5938e+01     2.19e-02   1.10e-03   2.30e-02   4.81e-02   4.64e-02
  3.9442e+01     1.74e-02   9.63e-04   1.84e-02   5.24e-02   5.40e-02
  4.3288e+01     1.38e-02   8.38e-04   1.46e-02   5.73e-02   6.28e-02
  4.7508e+01     1.09e-02   7.28e-04   1.16e-02   6.26e-02   7.30e-02
  5.2140e+01     8.57e-03   6.30e-04   9.20e-03   6.85e-02   8.46e-02
  5.7224e+01     6.72e-03   5.45e-04   7.26e-03   7.50e-02   9.78e-02
  6.2803e+01     5.25e-03   4.70e-04   5.72e-03   8.21e-02   1.13e-01
  6.8926e+01     4.08e-03   4.04e-04   4.48e-03   9.00e-02   1.30e-01
  7.5646e+01     3.16e-03   3.46e-04   3.51e-03   9.87e-02   1.50e-01
  8.3022e+01     2.44e-03   2.96e-04   2.74e-03   1.08e-01   1.72e-01
  9.1116e+01     1.88e-03   2.53e-04   2.13e-03   1.18e-01   1.97e-01
  1.0000e+02     1.44e-03   2.15e-04   1.66e-03   1.30e-01   2.25e-01
