# x= r [kpc] ,  y= #rho(r) [GeV cm^{-3}]
#      x     y[    sm       <subs>      tot    <subs>/tot  N_cl(<r)/N_tot]
  1.0000e-02     7.35e+02   8.42e+00   7.43e+02   1.13e-02   6.39e-09
  1.0975e-02     6.69e+02   7.67e+00   6.77e+02   1.13e-02   7.69e-09
  1.2045e-02     6.10e+02   6.99e+00   6.17e+02   1.13e-02   9.27e-09
  1.3219e-02     5.56e+02   6.37e+00   5.62e+02   1.13e-02   1.12e-08
  1.4508e-02     5.06e+02   5.80e+00   5.12e+02   1.13e-02   1.34e-08
  1.5923e-02     4.61e+02   5.28e+00   4.66e+02   1.13e-02   1.62e-08
  1.7475e-02     4.20e+02   4.81e+00   4.25e+02   1.13e-02   1.95e-08
  1.9179e-02     3.83e+02   4.38e+00   3.87e+02   1.13e-02   2.35e-08
  2.1049e-02     3.49e+02   3.99e+00   3.53e+02   1.13e-02   2.83e-08
  2.3101e-02     3.18e+02   3.64e+00   3.21e+02   1.13e-02   3.40e-08
  2.5354e-02     2.89e+02   3.31e+00   2.93e+02   1.13e-02   4.10e-08
  2.7826e-02     2.63e+02   3.02e+00   2.67e+02   1.13e-02   4.93e-08
  3.0539e-02     2.40e+02   2.75e+00   2.43e+02   1.13e-02   5.94e-08
  3.3516e-02     2.19e+02   2.50e+00   2.21e+02   1.13e-02   7.15e-08
  3.6784e-02     1.99e+02   2.28e+00   2.01e+02   1.13e-02   8.61e-08
  4.0370e-02     1.81e+02   2.08e+00   1.83e+02   1.13e-02   1.04e-07
  4.4306e-02     1.65e+02   1.89e+00   1.67e+02   1.13e-02   1.25e-07
  4.8626e-02     1.50e+02   1.72e+00   1.52e+02   1.13e-02   1.50e-07
  5.3367e-02     1.37e+02   1.57e+00   1.39e+02   1.13e-02   1.81e-07
  5.8570e-02     1.25e+02   1.43e+00   1.26e+02   1.13e-02   2.18e-07
  6.4281e-02     1.14e+02   1.30e+00   1.15e+02   1.13e-02   2.62e-07
  7.0548e-02     1.03e+02   1.18e+00   1.05e+02   1.13e-02   3.16e-07
  7.7426e-02     9.41e+01   1.08e+00   9.52e+01   1.13e-02   3.80e-07
  8.4975e-02     8.57e+01   9.80e-01   8.67e+01   1.13e-02   4.58e-07
  9.3260e-02     7.80e+01   8.92e-01   7.89e+01   1.13e-02   5.51e-07
  1.0235e-01     7.10e+01   8.12e-01   7.18e+01   1.13e-02   6.63e-07
  1.1233e-01     6.46e+01   7.39e-01   6.53e+01   1.13e-02   7.98e-07
  1.2328e-01     5.88e+01   6.73e-01   5.94e+01   1.13e-02   9.60e-07
  1.3530e-01     5.35e+01   6.12e-01   5.41e+01   1.13e-02   1.16e-06
  1.4850e-01     4.86e+01   5.57e-01   4.92e+01   1.13e-02   1.39e-06
  1.6298e-01     4.42e+01   5.07e-01   4.47e+01   1.13e-02   1.67e-06
  1.7886e-01     4.02e+01   4.61e-01   4.07e+01   1.13e-02   2.01e-06
  1.9630e-01     3.66e+01   4.20e-01   3.70e+01   1.13e-02   2.42e-06
  2.1544e-01     3.33e+01   3.82e-01   3.36e+01   1.14e-02   2.91e-06
  2.3645e-01     3.02e+01   3.47e-01   3.06e+01   1.14e-02   3.50e-06
  2.5950e-01     2.75e+01   3.16e-01   2.78e+01   1.14e-02   4.22e-06
  2.8480e-01     2.49e+01   2.87e-01   2.52e+01   1.14e-02   5.07e-06
  3.1257e-01     2.26e+01   2.61e-01   2.29e+01   1.14e-02   6.10e-06
  3.4305e-01     2.06e+01   2.37e-01   2.08e+01   1.14e-02   7.33e-06
  3.7649e-01     1.87e+01   2.16e-01   1.89e+01   1.14e-02   8.81e-06
  4.1320e-01     1.69e+01   1.96e-01   1.71e+01   1.15e-02   1.06e-05
  4.5349e-01     1.53e+01   1.78e-01   1.55e+01   1.15e-02   1.27e-05
  4.9770e-01     1.39e+01   1.62e-01   1.41e+01   1.15e-02   1.53e-05
  5.4623e-01     1.26e+01   1.47e-01   1.27e+01   1.15e-02   1.84e-05
  5.9948e-01     1.14e+01   1.34e-01   1.15e+01   1.16e-02   2.21e-05
  6.5793e-01     1.03e+01   1.21e-01   1.04e+01   1.16e-02   2.66e-05
  7.2208e-01     9.33e+00   1.10e-01   9.44e+00   1.17e-02   3.19e-05
  7.9248e-01     8.43e+00   9.99e-02   8.53e+00   1.17e-02   3.83e-05
  8.6975e-01     7.61e+00   9.06e-02   7.70e+00   1.18e-02   4.60e-05
  9.5455e-01     6.87e+00   8.22e-02   6.95e+00   1.18e-02   5.52e-05
  1.0476e+00     6.19e+00   7.46e-02   6.26e+00   1.19e-02   6.63e-05
  1.1498e+00     5.57e+00   6.76e-02   5.64e+00   1.20e-02   7.95e-05
  1.2619e+00     5.01e+00   6.13e-02   5.07e+00   1.21e-02   9.54e-05
  1.3849e+00     4.50e+00   5.55e-02   4.56e+00   1.22e-02   1.14e-04
  1.5199e+00     4.04e+00   5.03e-02   4.09e+00   1.23e-02   1.37e-04
  1.6681e+00     3.62e+00   4.55e-02   3.66e+00   1.24e-02   1.64e-04
  1.8307e+00     3.24e+00   4.12e-02   3.28e+00   1.26e-02   1.97e-04
  2.0092e+00     2.89e+00   3.72e-02   2.93e+00   1.27e-02   2.36e-04
  2.2051e+00     2.58e+00   3.37e-02   2.61e+00   1.29e-02   2.83e-04
  2.4201e+00     2.29e+00   3.04e-02   2.32e+00   1.31e-02   3.39e-04
  2.6561e+00     2.04e+00   2.75e-02   2.06e+00   1.33e-02   4.05e-04
  2.9151e+00     1.81e+00   2.48e-02   1.83e+00   1.36e-02   4.85e-04
  3.1993e+00     1.60e+00   2.24e-02   1.62e+00   1.38e-02   5.79e-04
  3.5112e+00     1.41e+00   2.02e-02   1.43e+00   1.41e-02   6.92e-04
  3.8535e+00     1.24e+00   1.82e-02   1.26e+00   1.45e-02   8.27e-04
  4.2292e+00     1.09e+00   1.64e-02   1.10e+00   1.48e-02   9.87e-04
  4.6416e+00     9.51e-01   1.47e-02   9.66e-01   1.53e-02   1.18e-03
  5.0941e+00     8.30e-01   1.33e-02   8.43e-01   1.57e-02   1.41e-03
  5.5908e+00     7.21e-01   1.19e-02   7.33e-01   1.62e-02   1.67e-03
  6.1359e+00     6.25e-01   1.07e-02   6.36e-01   1.68e-02   1.99e-03
  6.7342e+00     5.40e-01   9.59e-03   5.49e-01   1.74e-02   2.37e-03
  7.3907e+00     4.64e-01   8.59e-03   4.73e-01   1.82e-02   2.82e-03
  8.1113e+00     3.98e-01   7.69e-03   4.06e-01   1.90e-02   3.36e-03
  8.9022e+00     3.40e-01   6.87e-03   3.47e-01   1.98e-02   3.99e-03
  9.7701e+00     2.89e-01   6.14e-03   2.95e-01   2.08e-02   4.73e-03
  1.0723e+01     2.45e-01   5.48e-03   2.50e-01   2.19e-02   5.61e-03
  1.1768e+01     2.06e-01   4.88e-03   2.11e-01   2.31e-02   6.64e-03
  1.2915e+01     1.73e-01   4.34e-03   1.77e-01   2.45e-02   7.86e-03
  1.4175e+01     1.45e-01   3.86e-03   1.48e-01   2.60e-02   9.29e-03
  1.5557e+01     1.20e-01   3.43e-03   1.24e-01   2.77e-02   1.10e-02
  1.7074e+01     9.96e-02   3.04e-03   1.03e-01   2.96e-02   1.29e-02
  1.8738e+01     8.21e-02   2.69e-03   8.48e-02   3.17e-02   1.53e-02
  2.0565e+01     6.74e-02   2.37e-03   6.98e-02   3.40e-02   1.80e-02
  2.2570e+01     5.51e-02   2.09e-03   5.72e-02   3.67e-02   2.11e-02
  2.4771e+01     4.48e-02   1.84e-03   4.66e-02   3.96e-02   2.48e-02
  2.7186e+01     3.62e-02   1.62e-03   3.79e-02   4.28e-02   2.90e-02
  2.9836e+01     2.92e-02   1.42e-03   3.06e-02   4.64e-02   3.40e-02
  3.2745e+01     2.34e-02   1.25e-03   2.47e-02   5.04e-02   3.97e-02
  3.5938e+01     1.87e-02   1.09e-03   1.98e-02   5.49e-02   4.64e-02
  3.9442e+01     1.49e-02   9.49e-04   1.59e-02   5.99e-02   5.40e-02
  4.3288e+01     1.18e-02   8.26e-04   1.26e-02   6.53e-02   6.28e-02
  4.7508e+01     9.32e-03   7.17e-04   1.00e-02   7.14e-02   7.30e-02
  5.2140e+01     7.32e-03   6.21e-04   7.94e-03   7.81e-02   8.46e-02
  5.7224e+01     5.73e-03   5.36e-04   6.27e-03   8.56e-02   9.78e-02
  6.2803e+01     4.47e-03   4.62e-04   4.93e-03   9.37e-02   1.13e-01
  6.8926e+01     3.47e-03   3.98e-04   3.87e-03   1.03e-01   1.30e-01
  7.5646e+01     2.69e-03   3.41e-04   3.03e-03   1.13e-01   1.50e-01
  8.3022e+01     2.07e-03   2.92e-04   2.36e-03   1.23e-01   1.72e-01
  9.1116e+01     1.59e-03   2.49e-04   1.84e-03   1.35e-01   1.97e-01
  1.0000e+02     1.22e-03   2.12e-04   1.43e-03   1.48e-01   2.25e-01
