# x= r [kpc] ,  y= #rho(r) [GeV cm^{-3}]
#      x     y[    sm       <subs>      tot    <subs>/tot  N_cl(<r)/N_tot]
  1.0000e-02     9.40e+02   8.64e+00   9.49e+02   9.10e-03   6.39e-09
  1.0975e-02     8.56e+02   7.87e+00   8.64e+02   9.10e-03   7.69e-09
  1.2045e-02     7.80e+02   7.17e+00   7.87e+02   9.10e-03   9.27e-09
  1.3219e-02     7.11e+02   6.53e+00   7.17e+02   9.10e-03   1.12e-08
  1.4508e-02     6.48e+02   5.95e+00   6.53e+02   9.10e-03   1.34e-08
  1.5923e-02     5.90e+02   5.42e+00   5.95e+02   9.10e-03   1.62e-08
  1.7475e-02     5.37e+02   4.93e+00   5.42e+02   9.10e-03   1.95e-08
  1.9179e-02     4.90e+02   4.49e+00   4.94e+02   9.10e-03   2.35e-08
  2.1049e-02     4.46e+02   4.09e+00   4.50e+02   9.10e-03   2.83e-08
  2.3101e-02     4.06e+02   3.73e+00   4.10e+02   9.09e-03   3.40e-08
  2.5354e-02     3.70e+02   3.40e+00   3.73e+02   9.09e-03   4.10e-08
  2.7826e-02     3.37e+02   3.09e+00   3.40e+02   9.09e-03   4.93e-08
  3.0539e-02     3.07e+02   2.82e+00   3.10e+02   9.09e-03   5.94e-08
  3.3516e-02     2.80e+02   2.57e+00   2.82e+02   9.09e-03   7.15e-08
  3.6784e-02     2.55e+02   2.34e+00   2.57e+02   9.09e-03   8.61e-08
  4.0370e-02     2.32e+02   2.13e+00   2.34e+02   9.09e-03   1.04e-07
  4.4306e-02     2.11e+02   1.94e+00   2.13e+02   9.09e-03   1.25e-07
  4.8626e-02     1.92e+02   1.76e+00   1.94e+02   9.09e-03   1.50e-07
  5.3367e-02     1.75e+02   1.61e+00   1.77e+02   9.09e-03   1.81e-07
  5.8570e-02     1.60e+02   1.46e+00   1.61e+02   9.09e-03   2.18e-07
  6.4281e-02     1.45e+02   1.33e+00   1.47e+02   9.09e-03   2.62e-07
  7.0548e-02     1.32e+02   1.21e+00   1.33e+02   9.09e-03   3.16e-07
  7.7426e-02     1.20e+02   1.10e+00   1.21e+02   9.09e-03   3.80e-07
  8.4975e-02     1.10e+02   1.01e+00   1.11e+02   9.09e-03   4.58e-07
  9.3260e-02     9.98e+01   9.15e-01   1.01e+02   9.09e-03   5.51e-07
  1.0235e-01     9.08e+01   8.33e-01   9.16e+01   9.09e-03   6.63e-07
  1.1233e-01     8.26e+01   7.58e-01   8.34e+01   9.09e-03   7.98e-07
  1.2328e-01     7.52e+01   6.90e-01   7.59e+01   9.09e-03   9.60e-07
  1.3530e-01     6.84e+01   6.28e-01   6.90e+01   9.09e-03   1.16e-06
  1.4850e-01     6.22e+01   5.71e-01   6.28e+01   9.10e-03   1.39e-06
  1.6298e-01     5.66e+01   5.20e-01   5.71e+01   9.10e-03   1.67e-06
  1.7886e-01     5.15e+01   4.73e-01   5.19e+01   9.11e-03   2.01e-06
  1.9630e-01     4.68e+01   4.30e-01   4.72e+01   9.11e-03   2.42e-06
  2.1544e-01     4.25e+01   3.91e-01   4.29e+01   9.12e-03   2.91e-06
  2.3645e-01     3.87e+01   3.56e-01   3.90e+01   9.13e-03   3.50e-06
  2.5950e-01     3.51e+01   3.24e-01   3.54e+01   9.13e-03   4.22e-06
  2.8480e-01     3.19e+01   2.94e-01   3.22e+01   9.14e-03   5.07e-06
  3.1257e-01     2.90e+01   2.68e-01   2.92e+01   9.16e-03   6.10e-06
  3.4305e-01     2.63e+01   2.43e-01   2.65e+01   9.17e-03   7.33e-06
  3.7649e-01     2.39e+01   2.21e-01   2.41e+01   9.18e-03   8.81e-06
  4.1320e-01     2.16e+01   2.01e-01   2.19e+01   9.20e-03   1.06e-05
  4.5349e-01     1.96e+01   1.83e-01   1.98e+01   9.22e-03   1.27e-05
  4.9770e-01     1.78e+01   1.66e-01   1.80e+01   9.24e-03   1.53e-05
  5.4623e-01     1.61e+01   1.51e-01   1.63e+01   9.27e-03   1.84e-05
  5.9948e-01     1.46e+01   1.37e-01   1.47e+01   9.30e-03   2.21e-05
  6.5793e-01     1.32e+01   1.24e-01   1.33e+01   9.33e-03   2.66e-05
  7.2208e-01     1.19e+01   1.13e-01   1.20e+01   9.37e-03   3.19e-05
  7.9248e-01     1.08e+01   1.02e-01   1.09e+01   9.41e-03   3.83e-05
  8.6975e-01     9.74e+00   9.29e-02   9.83e+00   9.46e-03   4.60e-05
  9.5455e-01     8.78e+00   8.43e-02   8.87e+00   9.51e-03   5.52e-05
  1.0476e+00     7.92e+00   7.65e-02   7.99e+00   9.57e-03   6.63e-05
  1.1498e+00     7.13e+00   6.93e-02   7.20e+00   9.63e-03   7.95e-05
  1.2619e+00     6.41e+00   6.28e-02   6.47e+00   9.70e-03   9.54e-05
  1.3849e+00     5.76e+00   5.69e-02   5.81e+00   9.79e-03   1.14e-04
  1.5199e+00     5.17e+00   5.15e-02   5.22e+00   9.88e-03   1.37e-04
  1.6681e+00     4.63e+00   4.67e-02   4.67e+00   9.98e-03   1.64e-04
  1.8307e+00     4.14e+00   4.22e-02   4.18e+00   1.01e-02   1.97e-04
  2.0092e+00     3.70e+00   3.82e-02   3.74e+00   1.02e-02   2.36e-04
  2.2051e+00     3.30e+00   3.45e-02   3.33e+00   1.04e-02   2.83e-04
  2.4201e+00     2.93e+00   3.12e-02   2.97e+00   1.05e-02   3.39e-04
  2.6561e+00     2.61e+00   2.82e-02   2.63e+00   1.07e-02   4.05e-04
  2.9151e+00     2.31e+00   2.54e-02   2.34e+00   1.09e-02   4.85e-04
  3.1993e+00     2.04e+00   2.30e-02   2.07e+00   1.11e-02   5.79e-04
  3.5112e+00     1.80e+00   2.07e-02   1.82e+00   1.14e-02   6.92e-04
  3.8535e+00     1.59e+00   1.87e-02   1.60e+00   1.16e-02   8.27e-04
  4.2292e+00     1.39e+00   1.68e-02   1.41e+00   1.19e-02   9.87e-04
  4.6416e+00     1.22e+00   1.51e-02   1.23e+00   1.23e-02   1.18e-03
  5.0941e+00     1.06e+00   1.36e-02   1.08e+00   1.26e-02   1.41e-03
  5.5908e+00     9.24e-01   1.22e-02   9.36e-01   1.30e-02   1.67e-03
  6.1359e+00     8.01e-01   1.10e-02   8.12e-01   1.35e-02   1.99e-03
  6.7342e+00     6.91e-01   9.83e-03   7.01e-01   1.40e-02   2.37e-03
  7.3907e+00     5.95e-01   8.81e-03   6.04e-01   1.46e-02   2.82e-03
  8.1113e+00     5.10e-01   7.88e-03   5.18e-01   1.52e-02   3.36e-03
  8.9022e+00     4.35e-01   7.05e-03   4.42e-01   1.59e-02   3.99e-03
  9.7701e+00     3.70e-01   6.30e-03   3.77e-01   1.67e-02   4.73e-03
  1.0723e+01     3.14e-01   5.62e-03   3.19e-01   1.76e-02   5.61e-03
  1.1768e+01     2.64e-01   5.01e-03   2.69e-01   1.86e-02   6.64e-03
  1.2915e+01     2.22e-01   4.45e-03   2.26e-01   1.97e-02   7.86e-03
  1.4175e+01     1.86e-01   3.96e-03   1.89e-01   2.09e-02   9.29e-03
  1.5557e+01     1.54e-01   3.51e-03   1.58e-01   2.23e-02   1.10e-02
  1.7074e+01     1.28e-01   3.11e-03   1.31e-01   2.38e-02   1.29e-02
  1.8738e+01     1.05e-01   2.76e-03   1.08e-01   2.55e-02   1.53e-02
  2.0565e+01     8.66e-02   2.43e-03   8.91e-02   2.73e-02   1.80e-02
  2.2570e+01     7.08e-02   2.15e-03   7.29e-02   2.94e-02   2.11e-02
  2.4771e+01     5.76e-02   1.89e-03   5.95e-02   3.18e-02   2.48e-02
  2.7186e+01     4.67e-02   1.66e-03   4.83e-02   3.44e-02   2.90e-02
  2.9836e+01     3.76e-02   1.46e-03   3.91e-02   3.73e-02   3.40e-02
  3.2745e+01     3.02e-02   1.28e-03   3.15e-02   4.05e-02   3.97e-02
  3.5938e+01     2.42e-02   1.12e-03   2.53e-02   4.41e-02   4.64e-02
  3.9442e+01     1.93e-02   9.73e-04   2.02e-02   4.81e-02   5.40e-02
  4.3288e+01     1.53e-02   8.46e-04   1.61e-02   5.25e-02   6.28e-02
  4.7508e+01     1.21e-02   7.35e-04   1.28e-02   5.74e-02   7.30e-02
  5.2140e+01     9.50e-03   6.37e-04   1.01e-02   6.28e-02   8.46e-02
  5.7224e+01     7.45e-03   5.50e-04   8.00e-03   6.87e-02   9.78e-02
  6.2803e+01     5.82e-03   4.74e-04   6.30e-03   7.53e-02   1.13e-01
  6.8926e+01     4.53e-03   4.08e-04   4.94e-03   8.25e-02   1.30e-01
  7.5646e+01     3.52e-03   3.50e-04   3.87e-03   9.05e-02   1.50e-01
  8.3022e+01     2.72e-03   2.99e-04   3.02e-03   9.91e-02   1.72e-01
  9.1116e+01     2.10e-03   2.55e-04   2.35e-03   1.09e-01   1.97e-01
  1.0000e+02     1.61e-03   2.17e-04   1.83e-03   1.19e-01   2.25e-01
