# x= #theta [deg] ,  y= dJ/d#Omega(#theta) [GeV^{2} cm^{-5} sr^{-1}]
#      x     y[    sm       <subs>     <cp>       tot     <subs>/tot]
  5.7296e-04     7.43e+25   1.04e+21   1.72e+24   7.60e+25   1.37e-05
  6.5110e-04     7.43e+25   1.04e+21   1.72e+24   7.60e+25   1.37e-05
  7.3991e-04     7.43e+25   1.04e+21   1.72e+24   7.60e+25   1.37e-05
  8.4082e-04     7.43e+25   1.04e+21   1.72e+24   7.60e+25   1.37e-05
  9.5550e-04     7.43e+25   1.04e+21   1.71e+24   7.60e+25   1.37e-05
  1.0858e-03     7.43e+25   1.04e+21   1.71e+24   7.60e+25   1.37e-05
  1.2339e-03     7.43e+25   1.04e+21   1.71e+24   7.60e+25   1.37e-05
  1.4022e-03     7.42e+25   1.04e+21   1.71e+24   7.60e+25   1.37e-05
  1.5934e-03     7.42e+25   1.04e+21   1.71e+24   7.59e+25   1.37e-05
  1.8108e-03     7.42e+25   1.04e+21   1.71e+24   7.59e+25   1.37e-05
  2.0577e-03     7.41e+25   1.04e+21   1.71e+24   7.58e+25   1.37e-05
  2.3384e-03     7.41e+25   1.04e+21   1.71e+24   7.58e+25   1.37e-05
  2.6573e-03     7.40e+25   1.04e+21   1.71e+24   7.57e+25   1.37e-05
  3.0197e-03     7.39e+25   1.04e+21   1.71e+24   7.56e+25   1.37e-05
  3.4316e-03     7.38e+25   1.04e+21   1.70e+24   7.55e+25   1.38e-05
  3.8996e-03     7.36e+25   1.04e+21   1.70e+24   7.53e+25   1.38e-05
  4.4315e-03     7.34e+25   1.04e+21   1.69e+24   7.51e+25   1.38e-05
  5.0359e-03     7.31e+25   1.04e+21   1.69e+24   7.48e+25   1.39e-05
  5.7227e-03     7.28e+25   1.04e+21   1.68e+24   7.44e+25   1.39e-05
  6.5033e-03     7.23e+25   1.04e+21   1.67e+24   7.40e+25   1.40e-05
  7.3902e-03     7.18e+25   1.04e+21   1.66e+24   7.34e+25   1.41e-05
  8.3982e-03     7.11e+25   1.03e+21   1.64e+24   7.27e+25   1.42e-05
  9.5436e-03     7.02e+25   1.03e+21   1.62e+24   7.19e+25   1.44e-05
  1.0845e-02     6.90e+25   1.03e+21   1.59e+24   7.06e+25   1.46e-05
  1.2324e-02     6.77e+25   1.03e+21   1.56e+24   6.93e+25   1.49e-05
  1.4005e-02     6.60e+25   1.03e+21   1.52e+24   6.75e+25   1.52e-05
  1.5915e-02     6.47e+25   1.03e+21   1.49e+24   6.62e+25   1.55e-05
  1.8086e-02     6.26e+25   1.02e+21   1.44e+24   6.40e+25   1.60e-05
  2.0553e-02     6.02e+25   1.02e+21   1.39e+24   6.16e+25   1.65e-05
  2.3356e-02     5.76e+25   1.01e+21   1.33e+24   5.89e+25   1.72e-05
  2.6542e-02     5.47e+25   1.01e+21   1.26e+24   5.59e+25   1.80e-05
  3.0161e-02     5.15e+25   1.00e+21   1.19e+24   5.27e+25   1.90e-05
  3.4275e-02     4.83e+25   9.97e+20   1.11e+24   4.94e+25   2.02e-05
  3.8950e-02     4.49e+25   9.89e+20   1.04e+24   4.60e+25   2.15e-05
  4.4262e-02     4.15e+25   9.81e+20   9.59e+23   4.25e+25   2.31e-05
  5.0299e-02     3.82e+25   9.72e+20   8.81e+23   3.91e+25   2.49e-05
  5.7159e-02     3.49e+25   9.62e+20   8.05e+23   3.57e+25   2.69e-05
  6.4955e-02     3.18e+25   9.51e+20   7.33e+23   3.25e+25   2.93e-05
  7.3814e-02     2.89e+25   9.39e+20   6.67e+23   2.96e+25   3.18e-05
  8.3882e-02     2.60e+25   9.28e+20   5.99e+23   2.66e+25   3.49e-05
  9.5322e-02     2.35e+25   9.16e+20   5.43e+23   2.41e+25   3.80e-05
  1.0832e-01     2.09e+25   9.03e+20   4.83e+23   2.14e+25   4.22e-05
  1.2310e-01     1.87e+25   8.96e+20   4.32e+23   1.92e+25   4.68e-05
  1.3989e-01     1.67e+25   8.82e+20   3.85e+23   1.71e+25   5.16e-05
  1.5896e-01     1.49e+25   8.63e+20   3.43e+23   1.52e+25   5.68e-05
  1.8065e-01     1.32e+25   8.49e+20   3.05e+23   1.35e+25   6.28e-05
  2.0528e-01     1.17e+25   8.44e+20   2.70e+23   1.20e+25   7.04e-05
  2.3328e-01     1.04e+25   8.21e+20   2.39e+23   1.06e+25   7.74e-05
  2.6510e-01     9.17e+24   8.06e+20   2.12e+23   9.38e+24   8.59e-05
  3.0125e-01     8.10e+24   7.91e+20   1.87e+23   8.28e+24   9.55e-05
  3.4234e-01     7.20e+24   7.76e+20   1.66e+23   7.36e+24   1.05e-04
  3.8903e-01     6.29e+24   7.61e+20   1.45e+23   6.44e+24   1.18e-04
  4.4209e-01     5.54e+24   7.46e+20   1.28e+23   5.66e+24   1.32e-04
  5.0239e-01     4.87e+24   7.31e+20   1.13e+23   4.98e+24   1.47e-04
  5.7091e-01     4.27e+24   7.15e+20   9.90e+22   4.37e+24   1.64e-04
  6.4878e-01     3.75e+24   7.00e+20   8.69e+22   3.84e+24   1.82e-04
  7.3726e-01     3.28e+24   6.84e+20   7.62e+22   3.36e+24   2.04e-04
  8.3782e-01     2.88e+24   6.69e+20   6.68e+22   2.94e+24   2.27e-04
  9.5208e-01     2.51e+24   6.53e+20   5.85e+22   2.57e+24   2.54e-04
  1.0819e+00     2.20e+24   6.38e+20   5.12e+22   2.25e+24   2.84e-04
  1.2295e+00     1.92e+24   6.22e+20   4.47e+22   1.96e+24   3.17e-04
  1.3972e+00     1.67e+24   6.06e+20   3.90e+22   1.71e+24   3.55e-04
  1.5878e+00     1.45e+24   5.91e+20   3.40e+22   1.49e+24   3.97e-04
  1.8043e+00     1.26e+24   5.75e+20   2.96e+22   1.29e+24   4.45e-04
  2.0504e+00     1.09e+24   5.59e+20   2.58e+22   1.12e+24   4.99e-04
  2.3300e+00     9.47e+23   5.44e+20   2.24e+22   9.70e+23   5.61e-04
  2.6478e+00     8.18e+23   5.28e+20   1.94e+22   8.38e+23   6.29e-04
  3.0090e+00     7.06e+23   5.12e+20   1.68e+22   7.23e+23   7.08e-04
  3.4193e+00     6.07e+23   4.95e+20   1.46e+22   6.22e+23   7.95e-04
  3.8857e+00     5.23e+23   4.81e+20   1.26e+22   5.37e+23   8.97e-04
  4.4157e+00     4.46e+23   4.66e+20   1.08e+22   4.58e+23   1.02e-03
  5.0179e+00     3.81e+23   4.50e+20   9.31e+21   3.91e+23   1.15e-03
  5.7023e+00     3.24e+23   4.33e+20   7.98e+21   3.33e+23   1.30e-03
  6.4800e+00     2.75e+23   4.18e+20   6.83e+21   2.82e+23   1.48e-03
  7.3638e+00     2.32e+23   4.02e+20   5.83e+21   2.39e+23   1.69e-03
  8.3682e+00     1.96e+23   3.87e+20   4.96e+21   2.01e+23   1.93e-03
  9.5095e+00     1.64e+23   3.71e+20   4.21e+21   1.68e+23   2.21e-03
  1.0806e+01     1.37e+23   3.56e+20   3.56e+21   1.41e+23   2.53e-03
  1.2280e+01     1.13e+23   3.41e+20   3.00e+21   1.17e+23   2.92e-03
  1.3955e+01     9.36e+22   3.26e+20   2.51e+21   9.64e+22   3.38e-03
  1.5859e+01     7.67e+22   3.10e+20   2.10e+21   7.92e+22   3.92e-03
  1.8021e+01     6.26e+22   2.95e+20   1.75e+21   6.46e+22   4.57e-03
  2.0479e+01     5.07e+22   2.81e+20   1.45e+21   5.24e+22   5.35e-03
  2.3273e+01     4.08e+22   2.66e+20   1.19e+21   4.23e+22   6.29e-03
  2.6447e+01     3.26e+22   2.51e+20   9.80e+20   3.39e+22   7.43e-03
  3.0054e+01     2.59e+22   2.33e+20   8.01e+20   2.69e+22   8.64e-03
  3.4153e+01     2.04e+22   2.23e+20   6.51e+20   2.13e+22   1.05e-02
  3.8811e+01     1.60e+22   2.09e+20   5.27e+20   1.68e+22   1.25e-02
  4.4104e+01     1.25e+22   1.96e+20   4.25e+20   1.31e+22   1.49e-02
  5.0119e+01     9.74e+21   1.83e+20   3.31e+20   1.03e+22   1.78e-02
  5.6955e+01     7.56e+21   1.70e+20   2.75e+20   8.01e+21   2.13e-02
  6.4723e+01     5.87e+21   1.58e+20   2.21e+20   6.25e+21   2.53e-02
  7.3550e+01     4.58e+21   1.47e+20   1.78e+20   4.90e+21   3.00e-02
  8.3582e+01     3.60e+21   1.36e+20   1.44e+20   3.88e+21   3.52e-02
  9.4981e+01     2.86e+21   1.26e+20   1.18e+20   3.10e+21   4.07e-02
  1.0794e+02     2.31e+21   1.18e+20   9.74e+19   2.53e+21   4.65e-02
  1.2266e+02     1.92e+21   1.10e+20   8.24e+19   2.11e+21   5.21e-02
  1.3939e+02     1.64e+21   1.04e+20   7.18e+19   1.82e+21   5.73e-02
  1.5840e+02     1.48e+21   1.00e+20   6.52e+19   1.64e+21   6.10e-02
  1.8000e+02     1.42e+21   9.87e+19   6.28e+19   1.58e+21   6.25e-02
