# x= #theta [deg] ,  y= dJ/d#Omega(#theta) [GeV^{2} cm^{-5} sr^{-1}]
#      x     y[    sm       <subs>     <cp>       tot     <subs>/tot]
  5.7296e-04     1.03e+26   1.21e+21   2.35e+24   1.05e+26   1.15e-05
  6.5110e-04     1.03e+26   1.21e+21   2.35e+24   1.05e+26   1.15e-05
  7.3991e-04     1.03e+26   1.21e+21   2.35e+24   1.05e+26   1.15e-05
  8.4082e-04     1.03e+26   1.21e+21   2.35e+24   1.05e+26   1.15e-05
  9.5550e-04     1.03e+26   1.21e+21   2.35e+24   1.05e+26   1.15e-05
  1.0858e-03     1.03e+26   1.21e+21   2.35e+24   1.05e+26   1.15e-05
  1.2339e-03     1.03e+26   1.21e+21   2.35e+24   1.05e+26   1.15e-05
  1.4022e-03     1.03e+26   1.21e+21   2.35e+24   1.05e+26   1.15e-05
  1.5934e-03     1.02e+26   1.21e+21   2.35e+24   1.05e+26   1.15e-05
  1.8108e-03     1.02e+26   1.21e+21   2.35e+24   1.05e+26   1.15e-05
  2.0577e-03     1.02e+26   1.21e+21   2.35e+24   1.05e+26   1.16e-05
  2.3384e-03     1.02e+26   1.21e+21   2.35e+24   1.05e+26   1.16e-05
  2.6573e-03     1.02e+26   1.21e+21   2.34e+24   1.05e+26   1.16e-05
  3.0197e-03     1.02e+26   1.21e+21   2.34e+24   1.04e+26   1.16e-05
  3.4316e-03     1.02e+26   1.21e+21   2.34e+24   1.04e+26   1.16e-05
  3.8996e-03     1.02e+26   1.21e+21   2.33e+24   1.04e+26   1.16e-05
  4.4315e-03     1.01e+26   1.21e+21   2.32e+24   1.04e+26   1.17e-05
  5.0359e-03     1.01e+26   1.21e+21   2.32e+24   1.03e+26   1.17e-05
  5.7227e-03     1.01e+26   1.21e+21   2.31e+24   1.03e+26   1.17e-05
  6.5033e-03     1.00e+26   1.21e+21   2.29e+24   1.02e+26   1.18e-05
  7.3902e-03     9.92e+25   1.21e+21   2.28e+24   1.02e+26   1.19e-05
  8.3982e-03     9.83e+25   1.20e+21   2.25e+24   1.01e+26   1.20e-05
  9.5436e-03     9.72e+25   1.20e+21   2.23e+24   9.94e+25   1.21e-05
  1.0845e-02     9.56e+25   1.20e+21   2.19e+24   9.77e+25   1.23e-05
  1.2324e-02     9.38e+25   1.20e+21   2.15e+24   9.59e+25   1.25e-05
  1.4005e-02     9.15e+25   1.20e+21   2.10e+24   9.36e+25   1.28e-05
  1.5915e-02     8.97e+25   1.19e+21   2.06e+24   9.17e+25   1.30e-05
  1.8086e-02     8.68e+25   1.19e+21   1.99e+24   8.88e+25   1.34e-05
  2.0553e-02     8.36e+25   1.19e+21   1.92e+24   8.55e+25   1.39e-05
  2.3356e-02     8.00e+25   1.18e+21   1.83e+24   8.18e+25   1.44e-05
  2.6542e-02     7.60e+25   1.18e+21   1.74e+24   7.78e+25   1.51e-05
  3.0161e-02     7.18e+25   1.17e+21   1.65e+24   7.34e+25   1.59e-05
  3.4275e-02     6.73e+25   1.16e+21   1.54e+24   6.89e+25   1.69e-05
  3.8950e-02     6.27e+25   1.15e+21   1.44e+24   6.41e+25   1.80e-05
  4.4262e-02     5.80e+25   1.14e+21   1.33e+24   5.93e+25   1.93e-05
  5.0299e-02     5.33e+25   1.13e+21   1.22e+24   5.46e+25   2.08e-05
  5.7159e-02     4.88e+25   1.12e+21   1.12e+24   4.99e+25   2.25e-05
  6.4955e-02     4.44e+25   1.11e+21   1.02e+24   4.54e+25   2.44e-05
  7.3814e-02     4.04e+25   1.09e+21   9.27e+23   4.14e+25   2.64e-05
  8.3882e-02     3.63e+25   1.08e+21   8.33e+23   3.72e+25   2.91e-05
  9.5322e-02     3.27e+25   1.07e+21   7.50e+23   3.34e+25   3.19e-05
  1.0832e-01     2.93e+25   1.05e+21   6.72e+23   3.00e+25   3.51e-05
  1.2310e-01     2.62e+25   1.04e+21   6.01e+23   2.68e+25   3.89e-05
  1.3989e-01     2.34e+25   1.03e+21   5.36e+23   2.39e+25   4.29e-05
  1.5896e-01     2.08e+25   1.00e+21   4.77e+23   2.13e+25   4.72e-05
  1.8065e-01     1.85e+25   9.88e+20   4.24e+23   1.89e+25   5.22e-05
  2.0528e-01     1.64e+25   9.82e+20   3.76e+23   1.68e+25   5.86e-05
  2.3328e-01     1.45e+25   9.54e+20   3.33e+23   1.48e+25   6.43e-05
  2.6510e-01     1.28e+25   9.37e+20   2.95e+23   1.31e+25   7.14e-05
  3.0125e-01     1.13e+25   9.20e+20   2.60e+23   1.16e+25   7.94e-05
  3.4234e-01     1.01e+25   9.02e+20   2.32e+23   1.03e+25   8.75e-05
  3.8903e-01     8.79e+24   8.84e+20   2.02e+23   8.99e+24   9.83e-05
  4.4209e-01     7.73e+24   8.66e+20   1.78e+23   7.91e+24   1.10e-04
  5.0239e-01     6.79e+24   8.48e+20   1.56e+23   6.95e+24   1.22e-04
  5.7091e-01     5.96e+24   8.30e+20   1.37e+23   6.10e+24   1.36e-04
  6.4878e-01     5.22e+24   8.12e+20   1.20e+23   5.34e+24   1.52e-04
  7.3726e-01     4.57e+24   7.94e+20   1.06e+23   4.68e+24   1.70e-04
  8.3782e-01     4.00e+24   7.75e+20   9.25e+22   4.09e+24   1.89e-04
  9.5208e-01     3.49e+24   7.57e+20   8.09e+22   3.57e+24   2.12e-04
  1.0819e+00     3.05e+24   7.38e+20   7.07e+22   3.12e+24   2.37e-04
  1.2295e+00     2.65e+24   7.20e+20   6.17e+22   2.72e+24   2.65e-04
  1.3972e+00     2.31e+24   7.01e+20   5.38e+22   2.36e+24   2.97e-04
  1.5878e+00     2.00e+24   6.83e+20   4.69e+22   2.05e+24   3.33e-04
  1.8043e+00     1.74e+24   6.65e+20   4.07e+22   1.78e+24   3.74e-04
  2.0504e+00     1.50e+24   6.46e+20   3.54e+22   1.54e+24   4.20e-04
  2.3300e+00     1.30e+24   6.28e+20   3.07e+22   1.33e+24   4.72e-04
  2.6478e+00     1.12e+24   6.09e+20   2.66e+22   1.15e+24   5.31e-04
  3.0090e+00     9.62e+23   5.90e+20   2.30e+22   9.86e+23   5.99e-04
  3.4193e+00     8.25e+23   5.72e+20   1.98e+22   8.46e+23   6.76e-04
  3.8857e+00     7.09e+23   5.54e+20   1.71e+22   7.26e+23   7.62e-04
  4.4157e+00     6.02e+23   5.36e+20   1.47e+22   6.17e+23   8.68e-04
  5.0179e+00     5.12e+23   5.17e+20   1.26e+22   5.25e+23   9.86e-04
  5.7023e+00     4.33e+23   4.98e+20   1.07e+22   4.45e+23   1.12e-03
  6.4800e+00     3.66e+23   4.79e+20   9.16e+21   3.75e+23   1.28e-03
  7.3638e+00     3.07e+23   4.61e+20   7.79e+21   3.16e+23   1.46e-03
  8.3682e+00     2.57e+23   4.43e+20   6.60e+21   2.64e+23   1.68e-03
  9.5095e+00     2.14e+23   4.25e+20   5.58e+21   2.20e+23   1.93e-03
  1.0806e+01     1.77e+23   4.07e+20   4.72e+21   1.82e+23   2.23e-03
  1.2280e+01     1.46e+23   3.89e+20   3.93e+21   1.50e+23   2.59e-03
  1.3955e+01     1.19e+23   3.71e+20   3.28e+21   1.23e+23   3.02e-03
  1.5859e+01     9.70e+22   3.53e+20   2.73e+21   1.00e+23   3.53e-03
  1.8021e+01     7.83e+22   3.36e+20   2.25e+21   8.09e+22   4.15e-03
  2.0479e+01     6.33e+22   3.18e+20   1.86e+21   6.55e+22   4.86e-03
  2.3273e+01     5.00e+22   3.01e+20   1.52e+21   5.18e+22   5.81e-03
  2.6447e+01     3.95e+22   2.84e+20   1.24e+21   4.10e+22   6.93e-03
  3.0054e+01     3.10e+22   2.62e+20   1.00e+21   3.23e+22   8.14e-03
  3.4153e+01     2.42e+22   2.51e+20   8.09e+20   2.52e+22   9.96e-03
  3.8811e+01     1.87e+22   2.36e+20   6.50e+20   1.96e+22   1.20e-02
  4.4104e+01     1.44e+22   2.20e+20   5.20e+20   1.52e+22   1.45e-02
  5.0119e+01     1.11e+22   2.05e+20   4.01e+20   1.17e+22   1.75e-02
  5.6955e+01     8.50e+21   1.90e+20   3.31e+20   9.02e+21   2.11e-02
  6.4723e+01     6.52e+21   1.76e+20   2.64e+20   6.96e+21   2.53e-02
  7.3550e+01     5.03e+21   1.63e+20   2.11e+20   5.40e+21   3.02e-02
  8.3582e+01     3.92e+21   1.51e+20   1.69e+20   4.24e+21   3.57e-02
  9.4981e+01     3.09e+21   1.39e+20   1.38e+20   3.36e+21   4.14e-02
  1.0794e+02     2.48e+21   1.30e+20   1.13e+20   2.72e+21   4.76e-02
  1.2266e+02     2.05e+21   1.21e+20   9.55e+19   2.27e+21   5.34e-02
  1.3939e+02     1.75e+21   1.14e+20   8.30e+19   1.94e+21   5.89e-02
  1.5840e+02     1.56e+21   1.10e+20   7.52e+19   1.75e+21   6.28e-02
  1.8000e+02     1.50e+21   1.08e+20   7.24e+19   1.68e+21   6.43e-02
