# x= #theta [deg] ,  y= J(#theta) [GeV^{2} cm^{-5}]
#      x     y[    sm       <subs>     <cp>       tot     <subs>/tot]
  5.7296e-04     3.28e+20   9.90e+15   8.18e+18   3.36e+20   2.95e-05
  6.5110e-04     3.28e+20   9.90e+15   8.18e+18   3.36e+20   2.95e-05
  7.3991e-04     3.28e+20   9.90e+15   8.18e+18   3.36e+20   2.95e-05
  8.4082e-04     3.28e+20   9.90e+15   8.18e+18   3.36e+20   2.95e-05
  9.5550e-04     3.28e+20   9.90e+15   8.18e+18   3.36e+20   2.95e-05
  1.0858e-03     3.28e+20   9.90e+15   8.18e+18   3.36e+20   2.95e-05
  1.2339e-03     3.28e+20   9.90e+15   8.18e+18   3.36e+20   2.95e-05
  1.4022e-03     3.28e+20   9.90e+15   8.19e+18   3.36e+20   2.95e-05
  1.5934e-03     3.29e+20   9.90e+15   8.22e+18   3.37e+20   2.94e-05
  1.8108e-03     3.29e+20   9.90e+15   8.22e+18   3.37e+20   2.94e-05
  2.0577e-03     3.29e+20   9.90e+15   8.22e+18   3.37e+20   2.94e-05
  2.3384e-03     3.29e+20   9.90e+15   8.22e+18   3.37e+20   2.94e-05
  2.6573e-03     3.29e+20   9.90e+15   8.22e+18   3.37e+20   2.94e-05
  3.0197e-03     3.29e+20   9.90e+15   8.22e+18   3.37e+20   2.93e-05
  3.4316e-03     3.29e+20   9.90e+15   8.22e+18   3.37e+20   2.93e-05
  3.8996e-03     3.29e+20   9.90e+15   8.22e+18   3.37e+20   2.93e-05
  4.4315e-03     3.27e+20   9.90e+15   8.16e+18   3.35e+20   2.96e-05
  5.0359e-03     3.27e+20   9.90e+15   8.16e+18   3.35e+20   2.95e-05
  5.7227e-03     3.29e+20   9.90e+15   8.22e+18   3.38e+20   2.93e-05
  6.5033e-03     3.29e+20   9.90e+15   8.23e+18   3.38e+20   2.93e-05
  7.3902e-03     3.28e+20   9.90e+15   8.20e+18   3.37e+20   2.94e-05
  8.3982e-03     3.28e+20   9.90e+15   8.20e+18   3.37e+20   2.94e-05
  9.5436e-03     3.28e+20   9.90e+15   8.20e+18   3.37e+20   2.94e-05
  1.0845e-02     3.28e+20   9.90e+15   8.19e+18   3.36e+20   2.94e-05
  1.2324e-02     3.27e+20   9.90e+15   8.16e+18   3.35e+20   2.96e-05
  1.4005e-02     3.26e+20   9.90e+15   8.15e+18   3.34e+20   2.96e-05
  1.5915e-02     3.25e+20   9.90e+15   8.13e+18   3.34e+20   2.97e-05
  1.8086e-02     3.27e+20   9.90e+15   8.16e+18   3.35e+20   2.96e-05
  2.0553e-02     3.26e+20   9.90e+15   8.14e+18   3.34e+20   2.96e-05
  2.3356e-02     3.24e+20   9.89e+15   8.08e+18   3.32e+20   2.98e-05
  2.6542e-02     3.23e+20   9.89e+15   8.06e+18   3.31e+20   2.99e-05
  3.0161e-02     3.21e+20   9.88e+15   8.01e+18   3.29e+20   3.01e-05
  3.4275e-02     3.18e+20   9.84e+15   7.94e+18   3.26e+20   3.02e-05
  3.8950e-02     3.14e+20   9.82e+15   7.85e+18   3.22e+20   3.05e-05
  4.4262e-02     3.10e+20   9.80e+15   7.74e+18   3.18e+20   3.09e-05
  5.0299e-02     3.04e+20   9.78e+15   7.60e+18   3.12e+20   3.13e-05
  5.7159e-02     2.96e+20   9.74e+15   7.39e+18   3.03e+20   3.21e-05
  6.4955e-02     2.88e+20   9.70e+15   7.20e+18   2.95e+20   3.29e-05
  7.3814e-02     2.76e+20   9.64e+15   6.89e+18   2.83e+20   3.41e-05
  8.3882e-02     2.59e+20   9.56e+15   6.46e+18   2.65e+20   3.61e-05
  9.5322e-02     2.38e+20   9.47e+15   5.95e+18   2.44e+20   3.88e-05
  1.0832e-01     2.15e+20   9.37e+15   5.36e+18   2.20e+20   4.26e-05
  1.2310e-01     1.91e+20   9.24e+15   4.77e+18   1.96e+20   4.72e-05
  1.3989e-01     1.69e+20   9.11e+15   4.21e+18   1.73e+20   5.27e-05
  1.5896e-01     1.49e+20   8.99e+15   3.71e+18   1.52e+20   5.90e-05
  1.8065e-01     1.31e+20   8.87e+15   3.27e+18   1.34e+20   6.61e-05
  2.0528e-01     1.15e+20   8.68e+15   2.88e+18   1.18e+20   7.34e-05
  2.3328e-01     1.02e+20   8.54e+15   2.54e+18   1.04e+20   8.21e-05
  2.6510e-01     8.94e+19   8.39e+15   2.23e+18   9.16e+19   9.16e-05
  3.0125e-01     7.87e+19   8.22e+15   1.97e+18   8.06e+19   1.02e-04
  3.4234e-01     6.92e+19   8.06e+15   1.73e+18   7.09e+19   1.14e-04
  3.8903e-01     6.08e+19   7.90e+15   1.52e+18   6.23e+19   1.27e-04
  4.4209e-01     5.34e+19   7.74e+15   1.34e+18   5.48e+19   1.41e-04
  5.0239e-01     4.68e+19   7.58e+15   1.17e+18   4.80e+19   1.58e-04
  5.7091e-01     4.11e+19   7.42e+15   1.03e+18   4.21e+19   1.76e-04
  6.4878e-01     3.60e+19   7.26e+15   9.03e+17   3.69e+19   1.97e-04
  7.3726e-01     3.16e+19   7.10e+15   7.93e+17   3.24e+19   2.19e-04
  8.3782e-01     2.76e+19   6.94e+15   6.94e+17   2.83e+19   2.45e-04
  9.5208e-01     2.41e+19   6.78e+15   6.07e+17   2.47e+19   2.74e-04
  1.0819e+00     2.10e+19   6.61e+15   5.31e+17   2.16e+19   3.06e-04
  1.2295e+00     1.83e+19   6.45e+15   4.63e+17   1.88e+19   3.43e-04
  1.3972e+00     1.60e+19   6.29e+15   4.04e+17   1.64e+19   3.84e-04
  1.5878e+00     1.39e+19   6.12e+15   3.52e+17   1.43e+19   4.30e-04
  1.8043e+00     1.21e+19   5.96e+15   3.07e+17   1.24e+19   4.82e-04
  2.0504e+00     1.05e+19   5.80e+15   2.67e+17   1.07e+19   5.40e-04
  2.3300e+00     9.06e+18   5.64e+15   2.32e+17   9.29e+18   6.07e-04
  2.6478e+00     7.82e+18   5.47e+15   2.01e+17   8.03e+18   6.81e-04
  3.0090e+00     6.75e+18   5.31e+15   1.74e+17   6.93e+18   7.67e-04
  3.4193e+00     5.81e+18   5.15e+15   1.51e+17   5.96e+18   8.64e-04
  3.8857e+00     5.00e+18   4.99e+15   1.31e+17   5.14e+18   9.71e-04
  4.4157e+00     4.27e+18   4.83e+15   1.12e+17   4.38e+18   1.10e-03
  5.0179e+00     3.64e+18   4.66e+15   9.63e+16   3.74e+18   1.24e-03
  5.7023e+00     3.10e+18   4.49e+15   8.26e+16   3.19e+18   1.41e-03
  6.4800e+00     2.63e+18   4.33e+15   7.06e+16   2.70e+18   1.60e-03
  7.3638e+00     2.22e+18   4.17e+15   6.03e+16   2.28e+18   1.83e-03
  8.3682e+00     1.87e+18   4.01e+15   5.13e+16   1.92e+18   2.08e-03
  9.5095e+00     1.57e+18   3.85e+15   4.36e+16   1.61e+18   2.39e-03
  1.0806e+01     1.31e+18   3.69e+15   3.68e+16   1.35e+18   2.74e-03
  1.2280e+01     1.08e+18   3.53e+15   3.10e+16   1.12e+18   3.16e-03
  1.3955e+01     8.94e+17   3.37e+15   2.60e+16   9.23e+17   3.65e-03
  1.5859e+01     7.33e+17   3.22e+15   2.17e+16   7.58e+17   4.24e-03
  1.8021e+01     5.98e+17   3.06e+15   1.81e+16   6.19e+17   4.95e-03
  2.0479e+01     4.84e+17   2.91e+15   1.50e+16   5.02e+17   5.79e-03
  2.3273e+01     3.90e+17   2.75e+15   1.23e+16   4.05e+17   6.81e-03
  2.6447e+01     3.11e+17   2.60e+15   1.01e+16   3.24e+17   8.03e-03
  3.0054e+01     2.47e+17   2.42e+15   8.28e+15   2.58e+17   9.40e-03
  3.4153e+01     1.95e+17   2.31e+15   6.73e+15   2.04e+17   1.13e-02
  3.8811e+01     1.53e+17   2.17e+15   5.45e+15   1.61e+17   1.35e-02
  4.4104e+01     1.20e+17   2.03e+15   4.40e+15   1.26e+17   1.61e-02
  5.0119e+01     9.30e+16   1.89e+15   3.53e+15   9.84e+16   1.92e-02
  5.6955e+01     7.22e+16   1.76e+15   2.84e+15   7.68e+16   2.29e-02
  6.4723e+01     5.61e+16   1.64e+15   2.28e+15   6.00e+16   2.73e-02
  7.3550e+01     4.37e+16   1.52e+15   1.83e+15   4.70e+16   3.23e-02
  8.3582e+01     3.43e+16   1.41e+15   1.49e+15   3.72e+16   3.79e-02
  9.4981e+01     2.73e+16   1.30e+15   1.21e+15   2.98e+16   4.38e-02
  1.0794e+02     2.21e+16   1.21e+15   1.01e+15   2.43e+16   5.00e-02
  1.2266e+02     1.83e+16   1.14e+15   8.51e+14   2.03e+16   5.61e-02
  1.3939e+02     1.57e+16   1.08e+15   7.42e+14   1.75e+16   6.15e-02
  1.5840e+02     1.41e+16   1.03e+15   6.74e+14   1.58e+16   6.55e-02
  1.8000e+02     1.35e+16   1.02e+15   6.49e+14   1.52e+16   6.71e-02
