# x= #theta [deg] ,  y= dJ/d#Omega(#theta) [GeV^{2} cm^{-5} sr^{-1}]
#      x     y[    sm       <subs>     <cp>       tot     <subs>/tot]
  5.7296e-04     1.68e+26   1.22e+21   3.09e+24   1.71e+26   7.12e-06
  6.5110e-04     1.68e+26   1.22e+21   3.09e+24   1.71e+26   7.12e-06
  7.3991e-04     1.68e+26   1.22e+21   3.09e+24   1.71e+26   7.12e-06
  8.4082e-04     1.68e+26   1.22e+21   3.09e+24   1.71e+26   7.12e-06
  9.5550e-04     1.68e+26   1.22e+21   3.09e+24   1.71e+26   7.12e-06
  1.0858e-03     1.68e+26   1.22e+21   3.09e+24   1.71e+26   7.12e-06
  1.2339e-03     1.68e+26   1.22e+21   3.08e+24   1.71e+26   7.12e-06
  1.4022e-03     1.68e+26   1.22e+21   3.08e+24   1.71e+26   7.12e-06
  1.5934e-03     1.68e+26   1.22e+21   3.08e+24   1.71e+26   7.13e-06
  1.8108e-03     1.68e+26   1.22e+21   3.08e+24   1.71e+26   7.13e-06
  2.0577e-03     1.68e+26   1.22e+21   3.08e+24   1.71e+26   7.13e-06
  2.3384e-03     1.67e+26   1.22e+21   3.08e+24   1.70e+26   7.14e-06
  2.6573e-03     1.67e+26   1.22e+21   3.07e+24   1.70e+26   7.14e-06
  3.0197e-03     1.67e+26   1.22e+21   3.07e+24   1.70e+26   7.15e-06
  3.4316e-03     1.67e+26   1.22e+21   3.06e+24   1.70e+26   7.16e-06
  3.8996e-03     1.66e+26   1.22e+21   3.06e+24   1.69e+26   7.18e-06
  4.4315e-03     1.66e+26   1.22e+21   3.05e+24   1.69e+26   7.19e-06
  5.0359e-03     1.65e+26   1.21e+21   3.04e+24   1.68e+26   7.22e-06
  5.7227e-03     1.64e+26   1.21e+21   3.02e+24   1.68e+26   7.25e-06
  6.5033e-03     1.64e+26   1.21e+21   3.01e+24   1.67e+26   7.28e-06
  7.3902e-03     1.62e+26   1.21e+21   2.98e+24   1.65e+26   7.33e-06
  8.3982e-03     1.61e+26   1.21e+21   2.96e+24   1.64e+26   7.39e-06
  9.5436e-03     1.59e+26   1.21e+21   2.92e+24   1.62e+26   7.48e-06
  1.0845e-02     1.56e+26   1.21e+21   2.87e+24   1.59e+26   7.60e-06
  1.2324e-02     1.53e+26   1.21e+21   2.82e+24   1.56e+26   7.73e-06
  1.4005e-02     1.50e+26   1.20e+21   2.75e+24   1.52e+26   7.91e-06
  1.5915e-02     1.47e+26   1.20e+21   2.69e+24   1.49e+26   8.05e-06
  1.8086e-02     1.42e+26   1.20e+21   2.61e+24   1.45e+26   8.28e-06
  2.0553e-02     1.37e+26   1.19e+21   2.51e+24   1.39e+26   8.57e-06
  2.3356e-02     1.31e+26   1.19e+21   2.40e+24   1.33e+26   8.93e-06
  2.6542e-02     1.24e+26   1.18e+21   2.28e+24   1.26e+26   9.35e-06
  3.0161e-02     1.17e+26   1.18e+21   2.15e+24   1.19e+26   9.85e-06
  3.4275e-02     1.10e+26   1.17e+21   2.02e+24   1.12e+26   1.04e-05
  3.8950e-02     1.02e+26   1.16e+21   1.88e+24   1.04e+26   1.11e-05
  4.4262e-02     9.46e+25   1.15e+21   1.74e+24   9.64e+25   1.19e-05
  5.0299e-02     8.70e+25   1.14e+21   1.60e+24   8.86e+25   1.29e-05
  5.7159e-02     7.96e+25   1.13e+21   1.46e+24   8.10e+25   1.39e-05
  6.4955e-02     7.24e+25   1.11e+21   1.33e+24   7.37e+25   1.51e-05
  7.3814e-02     6.59e+25   1.10e+21   1.21e+24   6.71e+25   1.64e-05
  8.3882e-02     5.92e+25   1.09e+21   1.09e+24   6.03e+25   1.80e-05
  9.5322e-02     5.33e+25   1.07e+21   9.79e+23   5.43e+25   1.98e-05
  1.0832e-01     4.78e+25   1.06e+21   8.78e+23   4.87e+25   2.17e-05
  1.2310e-01     4.27e+25   1.05e+21   7.85e+23   4.35e+25   2.41e-05
  1.3989e-01     3.81e+25   1.03e+21   7.00e+23   3.88e+25   2.66e-05
  1.5896e-01     3.39e+25   1.01e+21   6.23e+23   3.45e+25   2.92e-05
  1.8065e-01     3.01e+25   9.93e+20   5.54e+23   3.07e+25   3.24e-05
  2.0528e-01     2.67e+25   9.87e+20   4.91e+23   2.72e+25   3.63e-05
  2.3328e-01     2.36e+25   9.59e+20   4.35e+23   2.41e+25   3.98e-05
  2.6510e-01     2.09e+25   9.42e+20   3.84e+23   2.13e+25   4.43e-05
  3.0125e-01     1.84e+25   9.24e+20   3.39e+23   1.88e+25   4.92e-05
  3.4234e-01     1.64e+25   9.07e+20   3.02e+23   1.67e+25   5.43e-05
  3.8903e-01     1.43e+25   8.88e+20   2.64e+23   1.46e+25   6.09e-05
  4.4209e-01     1.26e+25   8.70e+20   2.32e+23   1.28e+25   6.79e-05
  5.0239e-01     1.11e+25   8.52e+20   2.04e+23   1.13e+25   7.57e-05
  5.7091e-01     9.70e+24   8.34e+20   1.79e+23   9.88e+24   8.44e-05
  6.4878e-01     8.50e+24   8.16e+20   1.57e+23   8.66e+24   9.42e-05
  7.3726e-01     7.44e+24   7.97e+20   1.38e+23   7.58e+24   1.05e-04
  8.3782e-01     6.51e+24   7.79e+20   1.21e+23   6.63e+24   1.17e-04
  9.5208e-01     5.68e+24   7.61e+20   1.06e+23   5.79e+24   1.31e-04
  1.0819e+00     4.96e+24   7.42e+20   9.22e+22   5.05e+24   1.47e-04
  1.2295e+00     4.32e+24   7.23e+20   8.05e+22   4.40e+24   1.64e-04
  1.3972e+00     3.76e+24   7.05e+20   7.02e+22   3.83e+24   1.84e-04
  1.5878e+00     3.26e+24   6.86e+20   6.11e+22   3.32e+24   2.07e-04
  1.8043e+00     2.83e+24   6.68e+20   5.32e+22   2.88e+24   2.32e-04
  2.0504e+00     2.45e+24   6.49e+20   4.62e+22   2.49e+24   2.60e-04
  2.3300e+00     2.11e+24   6.31e+20   4.00e+22   2.15e+24   2.93e-04
  2.6478e+00     1.82e+24   6.12e+20   3.47e+22   1.86e+24   3.29e-04
  3.0090e+00     1.57e+24   5.93e+20   3.00e+22   1.60e+24   3.72e-04
  3.4193e+00     1.34e+24   5.75e+20   2.59e+22   1.37e+24   4.20e-04
  3.8857e+00     1.15e+24   5.56e+20   2.23e+22   1.18e+24   4.73e-04
  4.4157e+00     9.79e+23   5.38e+20   1.91e+22   9.99e+23   5.39e-04
  5.0179e+00     8.32e+23   5.20e+20   1.64e+22   8.49e+23   6.12e-04
  5.7023e+00     7.05e+23   5.00e+20   1.40e+22   7.19e+23   6.95e-04
  6.4800e+00     5.95e+23   4.82e+20   1.19e+22   6.07e+23   7.93e-04
  7.3638e+00     5.00e+23   4.63e+20   1.02e+22   5.10e+23   9.08e-04
  8.3682e+00     4.18e+23   4.45e+20   8.61e+21   4.27e+23   1.04e-03
  9.5095e+00     3.48e+23   4.27e+20   7.27e+21   3.55e+23   1.20e-03
  1.0806e+01     2.88e+23   4.09e+20   6.15e+21   2.94e+23   1.39e-03
  1.2280e+01     2.37e+23   3.91e+20   5.13e+21   2.42e+23   1.61e-03
  1.3955e+01     1.94e+23   3.73e+20   4.28e+21   1.99e+23   1.88e-03
  1.5859e+01     1.58e+23   3.55e+20   3.55e+21   1.61e+23   2.20e-03
  1.8021e+01     1.27e+23   3.37e+20   2.94e+21   1.30e+23   2.58e-03
  2.0479e+01     1.03e+23   3.20e+20   2.42e+21   1.06e+23   3.03e-03
  2.3273e+01     8.12e+22   3.02e+20   1.98e+21   8.34e+22   3.62e-03
  2.6447e+01     6.41e+22   2.85e+20   1.61e+21   6.60e+22   4.32e-03
  3.0054e+01     5.03e+22   2.63e+20   1.31e+21   5.19e+22   5.08e-03
  3.4153e+01     3.92e+22   2.52e+20   1.05e+21   4.05e+22   6.22e-03
  3.8811e+01     3.04e+22   2.37e+20   8.46e+20   3.15e+22   7.52e-03
  4.4104e+01     2.34e+22   2.20e+20   6.77e+20   2.43e+22   9.07e-03
  5.0119e+01     1.80e+22   2.05e+20   5.22e+20   1.87e+22   1.10e-02
  5.6955e+01     1.38e+22   1.91e+20   4.30e+20   1.44e+22   1.32e-02
  6.4723e+01     1.06e+22   1.77e+20   3.43e+20   1.11e+22   1.59e-02
  7.3550e+01     8.16e+21   1.64e+20   2.74e+20   8.60e+21   1.90e-02
  8.3582e+01     6.35e+21   1.52e+20   2.20e+20   6.73e+21   2.25e-02
  9.4981e+01     5.01e+21   1.40e+20   1.79e+20   5.33e+21   2.62e-02
  1.0794e+02     4.02e+21   1.30e+20   1.48e+20   4.30e+21   3.02e-02
  1.2266e+02     3.33e+21   1.21e+20   1.24e+20   3.57e+21   3.40e-02
  1.3939e+02     2.83e+21   1.15e+20   1.08e+20   3.06e+21   3.76e-02
  1.5840e+02     2.54e+21   1.10e+20   9.79e+19   2.75e+21   4.01e-02
  1.8000e+02     2.43e+21   1.08e+20   9.42e+19   2.64e+21   4.11e-02
