# x= #theta [deg] ,  y= J(#theta) [GeV^{2} cm^{-5}]
#      x     y[    sm       <subs>     <cp>       tot     <subs>/tot]
  5.7296e-04     4.48e+20   1.06e+16   1.03e+19   4.59e+20   2.31e-05
  6.5110e-04     4.48e+20   1.06e+16   1.03e+19   4.59e+20   2.31e-05
  7.3991e-04     4.48e+20   1.06e+16   1.03e+19   4.59e+20   2.31e-05
  8.4082e-04     4.48e+20   1.06e+16   1.03e+19   4.59e+20   2.31e-05
  9.5550e-04     4.48e+20   1.06e+16   1.03e+19   4.59e+20   2.31e-05
  1.0858e-03     4.48e+20   1.06e+16   1.03e+19   4.59e+20   2.31e-05
  1.2339e-03     4.48e+20   1.06e+16   1.03e+19   4.59e+20   2.31e-05
  1.4022e-03     4.50e+20   1.06e+16   1.03e+19   4.60e+20   2.31e-05
  1.5934e-03     4.50e+20   1.06e+16   1.03e+19   4.60e+20   2.31e-05
  1.8108e-03     4.50e+20   1.06e+16   1.03e+19   4.60e+20   2.31e-05
  2.0577e-03     4.50e+20   1.06e+16   1.03e+19   4.60e+20   2.31e-05
  2.3384e-03     4.50e+20   1.06e+16   1.03e+19   4.60e+20   2.30e-05
  2.6573e-03     4.50e+20   1.06e+16   1.03e+19   4.60e+20   2.31e-05
  3.0197e-03     4.50e+20   1.06e+16   1.03e+19   4.60e+20   2.31e-05
  3.4316e-03     4.48e+20   1.06e+16   1.03e+19   4.59e+20   2.31e-05
  3.8996e-03     4.48e+20   1.06e+16   1.03e+19   4.59e+20   2.31e-05
  4.4315e-03     4.48e+20   1.06e+16   1.03e+19   4.59e+20   2.31e-05
  5.0359e-03     4.47e+20   1.06e+16   1.03e+19   4.58e+20   2.32e-05
  5.7227e-03     4.47e+20   1.06e+16   1.03e+19   4.58e+20   2.32e-05
  6.5033e-03     4.48e+20   1.06e+16   1.03e+19   4.59e+20   2.31e-05
  7.3902e-03     4.46e+20   1.06e+16   1.02e+19   4.56e+20   2.33e-05
  8.3982e-03     4.47e+20   1.06e+16   1.02e+19   4.57e+20   2.32e-05
  9.5436e-03     4.48e+20   1.06e+16   1.03e+19   4.58e+20   2.31e-05
  1.0845e-02     4.48e+20   1.06e+16   1.03e+19   4.58e+20   2.31e-05
  1.2324e-02     4.48e+20   1.06e+16   1.03e+19   4.58e+20   2.31e-05
  1.4005e-02     4.48e+20   1.06e+16   1.03e+19   4.59e+20   2.31e-05
  1.5915e-02     4.48e+20   1.06e+16   1.03e+19   4.58e+20   2.32e-05
  1.8086e-02     4.46e+20   1.06e+16   1.02e+19   4.56e+20   2.32e-05
  2.0553e-02     4.43e+20   1.06e+16   1.02e+19   4.53e+20   2.34e-05
  2.3356e-02     4.43e+20   1.06e+16   1.02e+19   4.53e+20   2.34e-05
  2.6542e-02     4.41e+20   1.06e+16   1.01e+19   4.51e+20   2.35e-05
  3.0161e-02     4.38e+20   1.06e+16   1.00e+19   4.48e+20   2.36e-05
  3.4275e-02     4.34e+20   1.05e+16   9.96e+18   4.44e+20   2.37e-05
  3.8950e-02     4.30e+20   1.05e+16   9.86e+18   4.40e+20   2.39e-05
  4.4262e-02     4.23e+20   1.05e+16   9.71e+18   4.33e+20   2.42e-05
  5.0299e-02     4.16e+20   1.05e+16   9.55e+18   4.26e+20   2.46e-05
  5.7159e-02     4.06e+20   1.04e+16   9.31e+18   4.15e+20   2.51e-05
  6.4955e-02     3.94e+20   1.04e+16   9.04e+18   4.03e+20   2.57e-05
  7.3814e-02     3.77e+20   1.03e+16   8.65e+18   3.86e+20   2.68e-05
  8.3882e-02     3.51e+20   1.02e+16   8.04e+18   3.59e+20   2.86e-05
  9.5322e-02     3.28e+20   1.01e+16   7.53e+18   3.36e+20   3.02e-05
  1.0832e-01     2.96e+20   1.00e+16   6.80e+18   3.03e+20   3.31e-05
  1.2310e-01     2.64e+20   9.91e+15   6.06e+18   2.71e+20   3.66e-05
  1.3989e-01     2.34e+20   9.77e+15   5.38e+18   2.40e+20   4.08e-05
  1.5896e-01     2.07e+20   9.62e+15   4.75e+18   2.12e+20   4.54e-05
  1.8065e-01     1.83e+20   9.52e+15   4.19e+18   1.87e+20   5.10e-05
  2.0528e-01     1.61e+20   9.34e+15   3.69e+18   1.65e+20   5.68e-05
  2.3328e-01     1.42e+20   9.16e+15   3.25e+18   1.45e+20   6.32e-05
  2.6510e-01     1.25e+20   9.01e+15   2.86e+18   1.28e+20   7.06e-05
  3.0125e-01     1.10e+20   8.82e+15   2.52e+18   1.12e+20   7.85e-05
  3.4234e-01     9.66e+19   8.64e+15   2.22e+18   9.88e+19   8.75e-05
  3.8903e-01     8.48e+19   8.47e+15   1.95e+18   8.68e+19   9.76e-05
  4.4209e-01     7.45e+19   8.30e+15   1.71e+18   7.62e+19   1.09e-04
  5.0239e-01     6.54e+19   8.12e+15   1.51e+18   6.69e+19   1.21e-04
  5.7091e-01     5.73e+19   7.95e+15   1.32e+18   5.86e+19   1.36e-04
  6.4878e-01     5.01e+19   7.77e+15   1.16e+18   5.13e+19   1.51e-04
  7.3726e-01     4.40e+19   7.60e+15   1.02e+18   4.50e+19   1.69e-04
  8.3782e-01     3.84e+19   7.42e+15   8.88e+17   3.93e+19   1.89e-04
  9.5208e-01     3.35e+19   7.24e+15   7.76e+17   3.43e+19   2.11e-04
  1.0819e+00     2.92e+19   7.07e+15   6.78e+17   2.99e+19   2.36e-04
  1.2295e+00     2.54e+19   6.89e+15   5.92e+17   2.60e+19   2.65e-04
  1.3972e+00     2.21e+19   6.71e+15   5.16e+17   2.26e+19   2.97e-04
  1.5878e+00     1.92e+19   6.54e+15   4.49e+17   1.97e+19   3.33e-04
  1.8043e+00     1.66e+19   6.36e+15   3.90e+17   1.70e+19   3.73e-04
  2.0504e+00     1.44e+19   6.18e+15   3.39e+17   1.47e+19   4.20e-04
  2.3300e+00     1.24e+19   6.01e+15   2.94e+17   1.27e+19   4.72e-04
  2.6478e+00     1.07e+19   5.83e+15   2.54e+17   1.10e+19   5.31e-04
  3.0090e+00     9.21e+18   5.65e+15   2.20e+17   9.44e+18   5.99e-04
  3.4193e+00     7.90e+18   5.47e+15   1.90e+17   8.10e+18   6.76e-04
  3.8857e+00     6.78e+18   5.30e+15   1.64e+17   6.95e+18   7.62e-04
  4.4157e+00     5.76e+18   5.13e+15   1.40e+17   5.91e+18   8.68e-04
  5.0179e+00     4.90e+18   4.95e+15   1.20e+17   5.02e+18   9.86e-04
  5.7023e+00     4.15e+18   4.76e+15   1.03e+17   4.26e+18   1.12e-03
  6.4800e+00     3.50e+18   4.59e+15   8.77e+16   3.59e+18   1.28e-03
  7.3638e+00     2.94e+18   4.41e+15   7.46e+16   3.02e+18   1.46e-03
  8.3682e+00     2.46e+18   4.24e+15   6.32e+16   2.53e+18   1.68e-03
  9.5095e+00     2.05e+18   4.07e+15   5.34e+16   2.10e+18   1.93e-03
  1.0806e+01     1.70e+18   3.89e+15   4.52e+16   1.74e+18   2.23e-03
  1.2280e+01     1.40e+18   3.72e+15   3.76e+16   1.44e+18   2.59e-03
  1.3955e+01     1.14e+18   3.55e+15   3.14e+16   1.18e+18   3.02e-03
  1.5859e+01     9.28e+17   3.38e+15   2.61e+16   9.58e+17   3.53e-03
  1.8021e+01     7.49e+17   3.21e+15   2.16e+16   7.74e+17   4.15e-03
  2.0479e+01     6.06e+17   3.05e+15   1.78e+16   6.27e+17   4.86e-03
  2.3273e+01     4.78e+17   2.88e+15   1.45e+16   4.96e+17   5.81e-03
  2.6447e+01     3.78e+17   2.72e+15   1.18e+16   3.93e+17   6.93e-03
  3.0054e+01     2.97e+17   2.51e+15   9.60e+15   3.09e+17   8.14e-03
  3.4153e+01     2.31e+17   2.40e+15   7.75e+15   2.41e+17   9.96e-03
  3.8811e+01     1.79e+17   2.26e+15   6.22e+15   1.88e+17   1.20e-02
  4.4104e+01     1.38e+17   2.10e+15   4.98e+15   1.45e+17   1.45e-02
  5.0119e+01     1.06e+17   1.96e+15   3.83e+15   1.12e+17   1.75e-02
  5.6955e+01     8.13e+16   1.82e+15   3.16e+15   8.63e+16   2.11e-02
  6.4723e+01     6.24e+16   1.69e+15   2.52e+15   6.67e+16   2.53e-02
  7.3550e+01     4.81e+16   1.56e+15   2.02e+15   5.17e+16   3.02e-02
  8.3582e+01     3.75e+16   1.45e+15   1.62e+15   4.05e+16   3.57e-02
  9.4981e+01     2.95e+16   1.33e+15   1.32e+15   3.22e+16   4.14e-02
  1.0794e+02     2.37e+16   1.24e+15   1.09e+15   2.61e+16   4.76e-02
  1.2266e+02     1.96e+16   1.16e+15   9.14e+14   2.17e+16   5.34e-02
  1.3939e+02     1.67e+16   1.09e+15   7.94e+14   1.86e+16   5.89e-02
  1.5840e+02     1.50e+16   1.05e+15   7.20e+14   1.67e+16   6.28e-02
  1.8000e+02     1.44e+16   1.03e+15   6.93e+14   1.61e+16   6.43e-02
