# x= #theta [deg] ,  y= dJ/d#Omega(#theta) [GeV^{2} cm^{-5} sr^{-1}]
#      x     y[    sm       <subs>     <cp>       tot     <subs>/tot]
  5.7296e-04     7.96e+25   1.14e+21   1.99e+24   8.15e+25   1.39e-05
  6.5110e-04     7.95e+25   1.14e+21   1.99e+24   8.15e+25   1.39e-05
  7.3991e-04     7.95e+25   1.14e+21   1.99e+24   8.15e+25   1.39e-05
  8.4082e-04     7.95e+25   1.14e+21   1.99e+24   8.15e+25   1.39e-05
  9.5550e-04     7.95e+25   1.14e+21   1.99e+24   8.15e+25   1.39e-05
  1.0858e-03     7.95e+25   1.14e+21   1.99e+24   8.15e+25   1.39e-05
  1.2339e-03     7.95e+25   1.14e+21   1.99e+24   8.15e+25   1.39e-05
  1.4022e-03     7.95e+25   1.14e+21   1.99e+24   8.14e+25   1.39e-05
  1.5934e-03     7.94e+25   1.14e+21   1.98e+24   8.14e+25   1.39e-05
  1.8108e-03     7.94e+25   1.14e+21   1.98e+24   8.14e+25   1.40e-05
  2.0577e-03     7.93e+25   1.14e+21   1.98e+24   8.13e+25   1.40e-05
  2.3384e-03     7.92e+25   1.14e+21   1.98e+24   8.12e+25   1.40e-05
  2.6573e-03     7.91e+25   1.13e+21   1.98e+24   8.11e+25   1.40e-05
  3.0197e-03     7.90e+25   1.13e+21   1.97e+24   8.10e+25   1.40e-05
  3.4316e-03     7.89e+25   1.13e+21   1.97e+24   8.08e+25   1.40e-05
  3.8996e-03     7.87e+25   1.13e+21   1.97e+24   8.06e+25   1.41e-05
  4.4315e-03     7.84e+25   1.13e+21   1.96e+24   8.04e+25   1.41e-05
  5.0359e-03     7.81e+25   1.13e+21   1.95e+24   8.00e+25   1.42e-05
  5.7227e-03     7.76e+25   1.13e+21   1.94e+24   7.96e+25   1.42e-05
  6.5033e-03     7.71e+25   1.13e+21   1.93e+24   7.90e+25   1.43e-05
  7.3902e-03     7.65e+25   1.13e+21   1.91e+24   7.84e+25   1.44e-05
  8.3982e-03     7.56e+25   1.13e+21   1.89e+24   7.75e+25   1.46e-05
  9.5436e-03     7.45e+25   1.13e+21   1.86e+24   7.63e+25   1.48e-05
  1.0845e-02     7.32e+25   1.13e+21   1.83e+24   7.50e+25   1.50e-05
  1.2324e-02     7.15e+25   1.12e+21   1.79e+24   7.33e+25   1.54e-05
  1.4005e-02     7.01e+25   1.12e+21   1.75e+24   7.19e+25   1.56e-05
  1.5915e-02     6.80e+25   1.12e+21   1.70e+24   6.98e+25   1.60e-05
  1.8086e-02     6.57e+25   1.12e+21   1.64e+24   6.73e+25   1.66e-05
  2.0553e-02     6.29e+25   1.11e+21   1.57e+24   6.45e+25   1.72e-05
  2.3356e-02     6.00e+25   1.11e+21   1.50e+24   6.15e+25   1.80e-05
  2.6542e-02     5.67e+25   1.10e+21   1.42e+24   5.81e+25   1.89e-05
  3.0161e-02     5.30e+25   1.09e+21   1.29e+24   5.43e+25   2.01e-05
  3.4275e-02     4.98e+25   1.09e+21   1.24e+24   5.10e+25   2.13e-05
  3.8950e-02     4.61e+25   1.08e+21   1.15e+24   4.73e+25   2.28e-05
  4.4262e-02     4.25e+25   1.07e+21   1.06e+24   4.36e+25   2.45e-05
  5.0299e-02     3.89e+25   1.06e+21   9.73e+23   3.99e+25   2.65e-05
  5.7159e-02     3.55e+25   1.05e+21   8.87e+23   3.64e+25   2.87e-05
  6.4955e-02     3.22e+25   1.03e+21   8.05e+23   3.30e+25   3.13e-05
  7.3814e-02     2.91e+25   1.02e+21   7.28e+23   2.99e+25   3.42e-05
  8.3882e-02     2.63e+25   1.01e+21   6.56e+23   2.69e+25   3.74e-05
  9.5322e-02     2.36e+25   9.94e+20   5.89e+23   2.42e+25   4.12e-05
  1.0832e-01     2.11e+25   9.80e+20   5.27e+23   2.16e+25   4.53e-05
  1.2310e-01     1.88e+25   9.73e+20   4.71e+23   1.93e+25   5.04e-05
  1.3989e-01     1.68e+25   9.51e+20   4.19e+23   1.72e+25   5.53e-05
  1.5896e-01     1.49e+25   9.36e+20   3.73e+23   1.53e+25   6.12e-05
  1.8065e-01     1.33e+25   9.31e+20   3.31e+23   1.36e+25   6.86e-05
  2.0528e-01     1.17e+25   9.06e+20   2.93e+23   1.20e+25   7.52e-05
  2.3328e-01     1.04e+25   8.90e+20   2.60e+23   1.07e+25   8.35e-05
  2.6510e-01     9.19e+24   8.74e+20   2.30e+23   9.42e+24   9.28e-05
  3.0125e-01     8.11e+24   8.58e+20   2.03e+23   8.31e+24   1.03e-04
  3.4234e-01     7.18e+24   8.42e+20   1.80e+23   7.36e+24   1.14e-04
  3.8903e-01     6.30e+24   8.25e+20   1.58e+23   6.45e+24   1.28e-04
  4.4209e-01     5.54e+24   8.09e+20   1.39e+23   5.68e+24   1.42e-04
  5.0239e-01     4.90e+24   7.92e+20   1.23e+23   5.02e+24   1.58e-04
  5.7091e-01     4.27e+24   7.75e+20   1.07e+23   4.38e+24   1.77e-04
  6.4878e-01     3.75e+24   7.59e+20   9.40e+22   3.84e+24   1.97e-04
  7.3726e-01     3.28e+24   7.42e+20   8.25e+22   3.37e+24   2.20e-04
  8.3782e-01     2.87e+24   7.25e+20   7.23e+22   2.95e+24   2.46e-04
  9.5208e-01     2.51e+24   7.08e+20   6.33e+22   2.58e+24   2.75e-04
  1.0819e+00     2.19e+24   6.91e+20   5.53e+22   2.25e+24   3.07e-04
  1.2295e+00     1.91e+24   6.74e+20   4.83e+22   1.96e+24   3.43e-04
  1.3972e+00     1.67e+24   6.57e+20   4.22e+22   1.71e+24   3.84e-04
  1.5878e+00     1.45e+24   6.40e+20   3.68e+22   1.49e+24   4.30e-04
  1.8043e+00     1.26e+24   6.23e+20   3.20e+22   1.29e+24   4.82e-04
  2.0504e+00     1.09e+24   6.06e+20   2.79e+22   1.12e+24   5.41e-04
  2.3300e+00     9.46e+23   5.89e+20   2.42e+22   9.70e+23   6.07e-04
  2.6478e+00     8.17e+23   5.72e+20   2.10e+22   8.39e+23   6.81e-04
  3.0090e+00     7.05e+23   5.55e+20   1.82e+22   7.23e+23   7.67e-04
  3.4193e+00     6.06e+23   5.38e+20   1.57e+22   6.23e+23   8.64e-04
  3.8857e+00     5.21e+23   5.21e+20   1.37e+22   5.35e+23   9.75e-04
  4.4157e+00     4.46e+23   5.04e+20   1.17e+22   4.58e+23   1.10e-03
  5.0179e+00     3.80e+23   4.86e+20   1.01e+22   3.91e+23   1.24e-03
  5.7023e+00     3.24e+23   4.70e+20   8.63e+21   3.33e+23   1.41e-03
  6.4800e+00     2.75e+23   4.53e+20   7.38e+21   2.82e+23   1.60e-03
  7.3638e+00     2.32e+23   4.36e+20   6.30e+21   2.39e+23   1.83e-03
  8.3682e+00     1.95e+23   4.19e+20   5.36e+21   2.01e+23   2.08e-03
  9.5095e+00     1.64e+23   4.02e+20   4.56e+21   1.68e+23   2.39e-03
  1.0806e+01     1.36e+23   3.86e+20   3.84e+21   1.41e+23   2.74e-03
  1.2280e+01     1.13e+23   3.69e+20   3.24e+21   1.17e+23   3.16e-03
  1.3955e+01     9.34e+22   3.52e+20   2.72e+21   9.64e+22   3.65e-03
  1.5859e+01     7.66e+22   3.36e+20   2.27e+21   7.92e+22   4.24e-03
  1.8021e+01     6.24e+22   3.20e+20   1.90e+21   6.47e+22   4.95e-03
  2.0479e+01     5.06e+22   3.04e+20   1.56e+21   5.24e+22   5.79e-03
  2.3273e+01     4.07e+22   2.88e+20   1.29e+21   4.23e+22   6.81e-03
  2.6447e+01     3.25e+22   2.72e+20   1.06e+21   3.39e+22   8.03e-03
  3.0054e+01     2.58e+22   2.52e+20   8.65e+20   2.70e+22   9.34e-03
  3.4153e+01     2.04e+22   2.42e+20   7.03e+20   2.13e+22   1.13e-02
  3.8811e+01     1.60e+22   2.26e+20   5.69e+20   1.68e+22   1.35e-02
  4.4104e+01     1.25e+22   2.12e+20   4.59e+20   1.32e+22   1.61e-02
  5.0119e+01     9.71e+21   1.98e+20   3.69e+20   1.03e+22   1.92e-02
  5.6955e+01     7.54e+21   1.84e+20   2.97e+20   8.02e+21   2.29e-02
  6.4723e+01     5.86e+21   1.71e+20   2.38e+20   6.27e+21   2.73e-02
  7.3550e+01     4.56e+21   1.59e+20   1.92e+20   4.91e+21   3.23e-02
  8.3582e+01     3.58e+21   1.47e+20   1.55e+20   3.89e+21   3.79e-02
  9.4981e+01     2.85e+21   1.36e+20   1.27e+20   3.11e+21   4.38e-02
  1.0794e+02     2.30e+21   1.27e+20   1.05e+20   2.54e+21   5.00e-02
  1.2266e+02     1.91e+21   1.19e+20   8.90e+19   2.12e+21   5.61e-02
  1.3939e+02     1.64e+21   1.12e+20   7.75e+19   1.83e+21   6.15e-02
  1.5840e+02     1.47e+21   1.08e+20   7.04e+19   1.65e+21   6.55e-02
  1.8000e+02     1.41e+21   1.06e+20   6.78e+19   1.59e+21   6.71e-02
