# x= #theta [deg] ,  y= J(#theta) [GeV^{2} cm^{-5}]
#      x     y[    sm       <subs>     <cp>       tot     <subs>/tot]
  5.7296e-04     6.10e+20   1.06e+16   1.22e+19   6.22e+20   1.71e-05
  6.5110e-04     6.10e+20   1.06e+16   1.22e+19   6.22e+20   1.71e-05
  7.3991e-04     6.10e+20   1.06e+16   1.22e+19   6.22e+20   1.71e-05
  8.4082e-04     6.10e+20   1.06e+16   1.22e+19   6.22e+20   1.71e-05
  9.5550e-04     6.10e+20   1.06e+16   1.22e+19   6.22e+20   1.71e-05
  1.0858e-03     6.10e+20   1.06e+16   1.22e+19   6.22e+20   1.71e-05
  1.2339e-03     6.10e+20   1.06e+16   1.22e+19   6.22e+20   1.71e-05
  1.4022e-03     6.10e+20   1.06e+16   1.22e+19   6.22e+20   1.71e-05
  1.5934e-03     6.10e+20   1.06e+16   1.22e+19   6.22e+20   1.71e-05
  1.8108e-03     6.12e+20   1.06e+16   1.23e+19   6.24e+20   1.71e-05
  2.0577e-03     6.12e+20   1.06e+16   1.23e+19   6.24e+20   1.71e-05
  2.3384e-03     6.12e+20   1.06e+16   1.23e+19   6.24e+20   1.71e-05
  2.6573e-03     6.11e+20   1.06e+16   1.23e+19   6.24e+20   1.71e-05
  3.0197e-03     6.11e+20   1.06e+16   1.23e+19   6.24e+20   1.71e-05
  3.4316e-03     6.11e+20   1.06e+16   1.23e+19   6.24e+20   1.71e-05
  3.8996e-03     6.11e+20   1.06e+16   1.23e+19   6.24e+20   1.71e-05
  4.4315e-03     6.11e+20   1.06e+16   1.23e+19   6.23e+20   1.71e-05
  5.0359e-03     6.10e+20   1.06e+16   1.22e+19   6.22e+20   1.71e-05
  5.7227e-03     6.10e+20   1.06e+16   1.22e+19   6.22e+20   1.71e-05
  6.5033e-03     6.09e+20   1.06e+16   1.22e+19   6.21e+20   1.71e-05
  7.3902e-03     6.06e+20   1.06e+16   1.22e+19   6.18e+20   1.72e-05
  8.3982e-03     6.09e+20   1.06e+16   1.22e+19   6.21e+20   1.71e-05
  9.5436e-03     6.09e+20   1.06e+16   1.22e+19   6.21e+20   1.71e-05
  1.0845e-02     6.09e+20   1.06e+16   1.22e+19   6.21e+20   1.71e-05
  1.2324e-02     6.09e+20   1.06e+16   1.22e+19   6.21e+20   1.71e-05
  1.4005e-02     6.10e+20   1.06e+16   1.22e+19   6.22e+20   1.71e-05
  1.5915e-02     6.09e+20   1.06e+16   1.22e+19   6.21e+20   1.71e-05
  1.8086e-02     6.07e+20   1.06e+16   1.22e+19   6.19e+20   1.72e-05
  2.0553e-02     6.04e+20   1.06e+16   1.21e+19   6.16e+20   1.73e-05
  2.3356e-02     6.02e+20   1.06e+16   1.21e+19   6.14e+20   1.73e-05
  2.6542e-02     5.99e+20   1.06e+16   1.20e+19   6.11e+20   1.74e-05
  3.0161e-02     5.95e+20   1.06e+16   1.19e+19   6.07e+20   1.75e-05
  3.4275e-02     5.90e+20   1.06e+16   1.18e+19   6.02e+20   1.76e-05
  3.8950e-02     5.84e+20   1.06e+16   1.17e+19   5.96e+20   1.77e-05
  4.4262e-02     5.76e+20   1.05e+16   1.16e+19   5.88e+20   1.79e-05
  5.0299e-02     5.66e+20   1.05e+16   1.14e+19   5.77e+20   1.82e-05
  5.7159e-02     5.51e+20   1.05e+16   1.11e+19   5.63e+20   1.86e-05
  6.4955e-02     5.36e+20   1.04e+16   1.08e+19   5.47e+20   1.91e-05
  7.3814e-02     5.13e+20   1.04e+16   1.03e+19   5.23e+20   1.98e-05
  8.3882e-02     4.84e+20   1.03e+16   9.71e+18   4.94e+20   2.08e-05
  9.5322e-02     4.47e+20   1.02e+16   8.97e+18   4.56e+20   2.24e-05
  1.0832e-01     4.04e+20   1.01e+16   8.10e+18   4.12e+20   2.45e-05
  1.2310e-01     3.60e+20   9.96e+15   7.23e+18   3.68e+20   2.71e-05
  1.3989e-01     3.20e+20   9.81e+15   6.42e+18   3.26e+20   3.01e-05
  1.5896e-01     2.82e+20   9.67e+15   5.67e+18   2.88e+20   3.36e-05
  1.8065e-01     2.49e+20   9.56e+15   5.00e+18   2.54e+20   3.76e-05
  2.0528e-01     2.20e+20   9.40e+15   4.41e+18   2.24e+20   4.20e-05
  2.3328e-01     1.93e+20   9.20e+15   3.88e+18   1.97e+20   4.66e-05
  2.6510e-01     1.70e+20   9.05e+15   3.42e+18   1.74e+20   5.21e-05
  3.0125e-01     1.50e+20   8.86e+15   3.01e+18   1.53e+20   5.79e-05
  3.4234e-01     1.32e+20   8.68e+15   2.65e+18   1.35e+20   6.45e-05
  3.8903e-01     1.16e+20   8.51e+15   2.33e+18   1.18e+20   7.20e-05
  4.4209e-01     1.02e+20   8.34e+15   2.05e+18   1.04e+20   8.03e-05
  5.0239e-01     8.94e+19   8.16e+15   1.80e+18   9.12e+19   8.95e-05
  5.7091e-01     7.84e+19   7.99e+15   1.58e+18   8.00e+19   9.99e-05
  6.4878e-01     6.85e+19   7.81e+15   1.38e+18   6.99e+19   1.12e-04
  7.3726e-01     6.01e+19   7.63e+15   1.21e+18   6.13e+19   1.24e-04
  8.3782e-01     5.25e+19   7.46e+15   1.06e+18   5.36e+19   1.39e-04
  9.5208e-01     4.58e+19   7.28e+15   9.29e+17   4.68e+19   1.56e-04
  1.0819e+00     4.00e+19   7.10e+15   8.11e+17   4.08e+19   1.74e-04
  1.2295e+00     3.48e+19   6.93e+15   7.08e+17   3.55e+19   1.95e-04
  1.3972e+00     3.03e+19   6.75e+15   6.17e+17   3.09e+19   2.18e-04
  1.5878e+00     2.63e+19   6.57e+15   5.37e+17   2.68e+19   2.45e-04
  1.8043e+00     2.28e+19   6.39e+15   4.67e+17   2.33e+19   2.75e-04
  2.0504e+00     1.97e+19   6.22e+15   4.06e+17   2.01e+19   3.09e-04
  2.3300e+00     1.70e+19   6.04e+15   3.52e+17   1.74e+19   3.47e-04
  2.6478e+00     1.47e+19   5.86e+15   3.05e+17   1.50e+19   3.91e-04
  3.0090e+00     1.26e+19   5.68e+15   2.64e+17   1.29e+19   4.41e-04
  3.4193e+00     1.08e+19   5.50e+15   2.27e+17   1.11e+19   4.98e-04
  3.8857e+00     9.30e+18   5.33e+15   1.96e+17   9.51e+18   5.61e-04
  4.4157e+00     7.91e+18   5.16e+15   1.68e+17   8.08e+18   6.38e-04
  5.0179e+00     6.72e+18   4.98e+15   1.44e+17   6.87e+18   7.25e-04
  5.7023e+00     5.70e+18   4.79e+15   1.23e+17   5.82e+18   8.23e-04
  6.4800e+00     4.81e+18   4.62e+15   1.05e+17   4.92e+18   9.39e-04
  7.3638e+00     4.04e+18   4.44e+15   8.95e+16   4.14e+18   1.07e-03
  8.3682e+00     3.38e+18   4.27e+15   7.59e+16   3.46e+18   1.23e-03
  9.5095e+00     2.82e+18   4.09e+15   6.41e+16   2.89e+18   1.42e-03
  1.0806e+01     2.33e+18   3.92e+15   5.41e+16   2.39e+18   1.64e-03
  1.2280e+01     1.92e+18   3.75e+15   4.53e+16   1.97e+18   1.90e-03
  1.3955e+01     1.58e+18   3.57e+15   3.78e+16   1.62e+18   2.21e-03
  1.5859e+01     1.28e+18   3.40e+15   3.14e+16   1.32e+18   2.59e-03
  1.8021e+01     1.04e+18   3.23e+15   2.60e+16   1.06e+18   3.04e-03
  2.0479e+01     8.38e+17   3.07e+15   2.14e+16   8.62e+17   3.56e-03
  2.3273e+01     6.62e+17   2.90e+15   1.75e+16   6.83e+17   4.25e-03
  2.6447e+01     5.24e+17   2.74e+15   1.43e+16   5.41e+17   5.06e-03
  3.0054e+01     4.12e+17   2.53e+15   1.16e+16   4.26e+17   5.94e-03
  3.4153e+01     3.21e+17   2.42e+15   9.37e+15   3.33e+17   7.27e-03
  3.8811e+01     2.49e+17   2.27e+15   7.53e+15   2.59e+17   8.78e-03
  4.4104e+01     1.92e+17   2.12e+15   6.03e+15   2.00e+17   1.06e-02
  5.0119e+01     1.48e+17   1.97e+15   4.65e+15   1.55e+17   1.28e-02
  5.6955e+01     1.14e+17   1.83e+15   3.84e+15   1.19e+17   1.54e-02
  6.4723e+01     8.73e+16   1.70e+15   3.06e+15   9.21e+16   1.85e-02
  7.3550e+01     6.74e+16   1.58e+15   2.45e+15   7.14e+16   2.21e-02
  8.3582e+01     5.25e+16   1.46e+15   1.97e+15   5.59e+16   2.61e-02
  9.4981e+01     4.14e+16   1.35e+15   1.60e+15   4.44e+16   3.04e-02
  1.0794e+02     3.33e+16   1.25e+15   1.32e+15   3.59e+16   3.49e-02
  1.2266e+02     2.76e+16   1.17e+15   1.11e+15   2.98e+16   3.92e-02
  1.3939e+02     2.35e+16   1.11e+15   9.67e+14   2.55e+16   4.33e-02
  1.5840e+02     2.10e+16   1.06e+15   8.77e+14   2.30e+16   4.62e-02
  1.8000e+02     2.02e+16   1.05e+15   8.44e+14   2.21e+16   4.74e-02
