# x= #theta [deg] ,  y= J(#theta) [GeV^{2} cm^{-5}]
#      x     y[    sm       <subs>     <cp>       tot     <subs>/tot]
  5.7296e-04     7.31e+20   1.07e+16   1.34e+19   7.45e+20   1.43e-05
  6.5110e-04     7.31e+20   1.07e+16   1.34e+19   7.45e+20   1.43e-05
  7.3991e-04     7.31e+20   1.07e+16   1.34e+19   7.45e+20   1.43e-05
  8.4082e-04     7.31e+20   1.07e+16   1.34e+19   7.45e+20   1.43e-05
  9.5550e-04     7.31e+20   1.07e+16   1.34e+19   7.45e+20   1.43e-05
  1.0858e-03     7.31e+20   1.07e+16   1.34e+19   7.45e+20   1.43e-05
  1.2339e-03     7.31e+20   1.07e+16   1.34e+19   7.45e+20   1.43e-05
  1.4022e-03     7.34e+20   1.07e+16   1.35e+19   7.47e+20   1.43e-05
  1.5934e-03     7.34e+20   1.07e+16   1.35e+19   7.47e+20   1.43e-05
  1.8108e-03     7.34e+20   1.07e+16   1.35e+19   7.47e+20   1.43e-05
  2.0577e-03     7.34e+20   1.07e+16   1.35e+19   7.47e+20   1.43e-05
  2.3384e-03     7.34e+20   1.07e+16   1.35e+19   7.47e+20   1.43e-05
  2.6573e-03     7.31e+20   1.07e+16   1.35e+19   7.45e+20   1.43e-05
  3.0197e-03     7.31e+20   1.07e+16   1.34e+19   7.45e+20   1.43e-05
  3.4316e-03     7.31e+20   1.07e+16   1.34e+19   7.45e+20   1.43e-05
  3.8996e-03     7.31e+20   1.07e+16   1.34e+19   7.45e+20   1.43e-05
  4.4315e-03     7.31e+20   1.07e+16   1.34e+19   7.45e+20   1.43e-05
  5.0359e-03     7.29e+20   1.07e+16   1.34e+19   7.43e+20   1.44e-05
  5.7227e-03     7.30e+20   1.07e+16   1.34e+19   7.43e+20   1.44e-05
  6.5033e-03     7.31e+20   1.07e+16   1.34e+19   7.45e+20   1.43e-05
  7.3902e-03     7.27e+20   1.07e+16   1.34e+19   7.40e+20   1.44e-05
  8.3982e-03     7.30e+20   1.07e+16   1.34e+19   7.44e+20   1.43e-05
  9.5436e-03     7.31e+20   1.07e+16   1.34e+19   7.44e+20   1.43e-05
  1.0845e-02     7.31e+20   1.07e+16   1.34e+19   7.44e+20   1.43e-05
  1.2324e-02     7.31e+20   1.07e+16   1.34e+19   7.44e+20   1.43e-05
  1.4005e-02     7.30e+20   1.07e+16   1.34e+19   7.43e+20   1.43e-05
  1.5915e-02     7.30e+20   1.07e+16   1.34e+19   7.44e+20   1.43e-05
  1.8086e-02     7.27e+20   1.07e+16   1.34e+19   7.40e+20   1.44e-05
  2.0553e-02     7.22e+20   1.07e+16   1.33e+19   7.36e+20   1.45e-05
  2.3356e-02     7.23e+20   1.07e+16   1.33e+19   7.36e+20   1.45e-05
  2.6542e-02     7.19e+20   1.06e+16   1.32e+19   7.32e+20   1.45e-05
  3.0161e-02     7.14e+20   1.06e+16   1.31e+19   7.27e+20   1.46e-05
  3.4275e-02     7.08e+20   1.06e+16   1.30e+19   7.21e+20   1.47e-05
  3.8950e-02     7.01e+20   1.06e+16   1.29e+19   7.14e+20   1.48e-05
  4.4262e-02     6.91e+20   1.06e+16   1.27e+19   7.04e+20   1.50e-05
  5.0299e-02     6.79e+20   1.05e+16   1.25e+19   6.92e+20   1.52e-05
  5.7159e-02     6.62e+20   1.05e+16   1.22e+19   6.74e+20   1.56e-05
  6.4955e-02     6.43e+20   1.04e+16   1.18e+19   6.55e+20   1.59e-05
  7.3814e-02     6.15e+20   1.04e+16   1.13e+19   6.27e+20   1.66e-05
  8.3882e-02     5.72e+20   1.03e+16   1.05e+19   5.82e+20   1.77e-05
  9.5322e-02     5.34e+20   1.02e+16   9.82e+18   5.44e+20   1.88e-05
  1.0832e-01     4.83e+20   1.01e+16   8.88e+18   4.92e+20   2.05e-05
  1.2310e-01     4.31e+20   9.97e+15   7.92e+18   4.39e+20   2.27e-05
  1.3989e-01     3.82e+20   9.82e+15   7.02e+18   3.89e+20   2.53e-05
  1.5896e-01     3.37e+20   9.66e+15   6.20e+18   3.43e+20   2.81e-05
  1.8065e-01     2.97e+20   9.57e+15   5.47e+18   3.03e+20   3.16e-05
  2.0528e-01     2.62e+20   9.39e+15   4.82e+18   2.67e+20   3.52e-05
  2.3328e-01     2.31e+20   9.21e+15   4.24e+18   2.35e+20   3.92e-05
  2.6510e-01     2.03e+20   9.05e+15   3.74e+18   2.07e+20   4.37e-05
  3.0125e-01     1.79e+20   8.86e+15   3.29e+18   1.82e+20   4.87e-05
  3.4234e-01     1.57e+20   8.69e+15   2.90e+18   1.60e+20   5.42e-05
  3.8903e-01     1.38e+20   8.51e+15   2.54e+18   1.41e+20   6.04e-05
  4.4209e-01     1.21e+20   8.34e+15   2.24e+18   1.24e+20   6.75e-05
  5.0239e-01     1.07e+20   8.16e+15   1.97e+18   1.08e+20   7.52e-05
  5.7091e-01     9.33e+19   7.99e+15   1.72e+18   9.50e+19   8.41e-05
  6.4878e-01     8.16e+19   7.81e+15   1.51e+18   8.32e+19   9.39e-05
  7.3726e-01     7.16e+19   7.63e+15   1.33e+18   7.29e+19   1.05e-04
  8.3782e-01     6.25e+19   7.46e+15   1.16e+18   6.37e+19   1.17e-04
  9.5208e-01     5.46e+19   7.28e+15   1.01e+18   5.56e+19   1.31e-04
  1.0819e+00     4.76e+19   7.10e+15   8.85e+17   4.85e+19   1.47e-04
  1.2295e+00     4.14e+19   6.92e+15   7.72e+17   4.22e+19   1.64e-04
  1.3972e+00     3.60e+19   6.75e+15   6.73e+17   3.67e+19   1.84e-04
  1.5878e+00     3.12e+19   6.57e+15   5.86e+17   3.18e+19   2.06e-04
  1.8043e+00     2.71e+19   6.39e+15   5.09e+17   2.76e+19   2.32e-04
  2.0504e+00     2.34e+19   6.21e+15   4.42e+17   2.39e+19   2.60e-04
  2.3300e+00     2.02e+19   6.04e+15   3.83e+17   2.06e+19   2.93e-04
  2.6478e+00     1.74e+19   5.85e+15   3.32e+17   1.78e+19   3.29e-04
  3.0090e+00     1.50e+19   5.68e+15   2.87e+17   1.53e+19   3.71e-04
  3.4193e+00     1.29e+19   5.50e+15   2.47e+17   1.31e+19   4.19e-04
  3.8857e+00     1.10e+19   5.33e+15   2.14e+17   1.13e+19   4.73e-04
  4.4157e+00     9.38e+18   5.15e+15   1.83e+17   9.56e+18   5.38e-04
  5.0179e+00     7.97e+18   4.97e+15   1.57e+17   8.13e+18   6.12e-04
  5.7023e+00     6.75e+18   4.79e+15   1.34e+17   6.89e+18   6.95e-04
  6.4800e+00     5.69e+18   4.61e+15   1.14e+17   5.81e+18   7.93e-04
  7.3638e+00     4.78e+18   4.43e+15   9.72e+16   4.88e+18   9.08e-04
  8.3682e+00     4.00e+18   4.26e+15   8.24e+16   4.09e+18   1.04e-03
  9.5095e+00     3.33e+18   4.08e+15   6.96e+16   3.40e+18   1.20e-03
  1.0806e+01     2.76e+18   3.91e+15   5.89e+16   2.82e+18   1.39e-03
  1.2280e+01     2.27e+18   3.74e+15   4.91e+16   2.32e+18   1.61e-03
  1.3955e+01     1.86e+18   3.57e+15   4.09e+16   1.90e+18   1.88e-03
  1.5859e+01     1.51e+18   3.39e+15   3.40e+16   1.55e+18   2.20e-03
  1.8021e+01     1.22e+18   3.23e+15   2.81e+16   1.25e+18   2.58e-03
  2.0479e+01     9.84e+17   3.06e+15   2.31e+16   1.01e+18   3.03e-03
  2.3273e+01     7.77e+17   2.89e+15   1.89e+16   7.99e+17   3.62e-03
  2.6447e+01     6.14e+17   2.73e+15   1.54e+16   6.32e+17   4.32e-03
  3.0054e+01     4.81e+17   2.52e+15   1.25e+16   4.97e+17   5.08e-03
  3.4153e+01     3.75e+17   2.41e+15   1.01e+16   3.88e+17   6.22e-03
  3.8811e+01     2.91e+17   2.26e+15   8.10e+15   3.01e+17   7.52e-03
  4.4104e+01     2.24e+17   2.11e+15   6.48e+15   2.33e+17   9.07e-03
  5.0119e+01     1.72e+17   1.96e+15   4.99e+15   1.79e+17   1.10e-02
  5.6955e+01     1.32e+17   1.82e+15   4.12e+15   1.38e+17   1.32e-02
  6.4723e+01     1.01e+17   1.69e+15   3.28e+15   1.06e+17   1.59e-02
  7.3550e+01     7.81e+16   1.57e+15   2.62e+15   8.23e+16   1.90e-02
  8.3582e+01     6.08e+16   1.45e+15   2.11e+15   6.44e+16   2.25e-02
  9.4981e+01     4.79e+16   1.34e+15   1.71e+15   5.10e+16   2.62e-02
  1.0794e+02     3.85e+16   1.24e+15   1.41e+15   4.12e+16   3.02e-02
  1.2266e+02     3.18e+16   1.16e+15   1.19e+15   3.42e+16   3.40e-02
  1.3939e+02     2.71e+16   1.10e+15   1.03e+15   2.92e+16   3.76e-02
  1.5840e+02     2.43e+16   1.05e+15   9.37e+14   2.63e+16   4.01e-02
  1.8000e+02     2.33e+16   1.04e+15   9.02e+14   2.52e+16   4.11e-02
