# x= r [kpc] ,  y= #rho(r) [GeV cm^{-3}]
#      x     y[    sm       <subs>      tot    <subs>/tot  N_cl(<r)/N_tot]
  1.0000e-02     1.23e+00   7.02e-04   1.23e+00   5.69e-04   3.71e-13
  1.0975e-02     1.23e+00   7.02e-04   1.23e+00   5.69e-04   4.90e-13
  1.2045e-02     1.23e+00   7.02e-04   1.23e+00   5.69e-04   6.48e-13
  1.3219e-02     1.23e+00   7.02e-04   1.23e+00   5.69e-04   8.56e-13
  1.4508e-02     1.23e+00   7.02e-04   1.23e+00   5.69e-04   1.13e-12
  1.5923e-02     1.23e+00   7.02e-04   1.23e+00   5.69e-04   1.50e-12
  1.7475e-02     1.23e+00   7.02e-04   1.23e+00   5.69e-04   1.98e-12
  1.9179e-02     1.23e+00   7.02e-04   1.23e+00   5.69e-04   2.62e-12
  2.1049e-02     1.23e+00   7.02e-04   1.23e+00   5.69e-04   3.46e-12
  2.3101e-02     1.23e+00   7.02e-04   1.23e+00   5.69e-04   4.57e-12
  2.5354e-02     1.23e+00   7.02e-04   1.23e+00   5.70e-04   6.04e-12
  2.7826e-02     1.23e+00   7.02e-04   1.23e+00   5.70e-04   7.99e-12
  3.0539e-02     1.23e+00   7.02e-04   1.23e+00   5.70e-04   1.06e-11
  3.3516e-02     1.23e+00   7.02e-04   1.23e+00   5.70e-04   1.40e-11
  3.6784e-02     1.23e+00   7.02e-04   1.23e+00   5.70e-04   1.85e-11
  4.0370e-02     1.23e+00   7.02e-04   1.23e+00   5.70e-04   2.44e-11
  4.4306e-02     1.23e+00   7.02e-04   1.23e+00   5.71e-04   3.22e-11
  4.8626e-02     1.23e+00   7.02e-04   1.23e+00   5.71e-04   4.26e-11
  5.3367e-02     1.23e+00   7.02e-04   1.23e+00   5.71e-04   5.64e-11
  5.8570e-02     1.23e+00   7.02e-04   1.23e+00   5.71e-04   7.45e-11
  6.4281e-02     1.23e+00   7.02e-04   1.23e+00   5.72e-04   9.85e-11
  7.0548e-02     1.23e+00   7.02e-04   1.23e+00   5.72e-04   1.30e-10
  7.7426e-02     1.23e+00   7.02e-04   1.23e+00   5.73e-04   1.72e-10
  8.4975e-02     1.22e+00   7.02e-04   1.22e+00   5.73e-04   2.27e-10
  9.3260e-02     1.22e+00   7.02e-04   1.22e+00   5.73e-04   3.00e-10
  1.0235e-01     1.22e+00   7.02e-04   1.22e+00   5.74e-04   3.97e-10
  1.1233e-01     1.22e+00   7.02e-04   1.22e+00   5.75e-04   5.25e-10
  1.2328e-01     1.22e+00   7.02e-04   1.22e+00   5.75e-04   6.94e-10
  1.3530e-01     1.22e+00   7.01e-04   1.22e+00   5.76e-04   9.17e-10
  1.4850e-01     1.22e+00   7.01e-04   1.22e+00   5.77e-04   1.21e-09
  1.6298e-01     1.21e+00   7.01e-04   1.21e+00   5.78e-04   1.60e-09
  1.7886e-01     1.21e+00   7.01e-04   1.21e+00   5.78e-04   2.12e-09
  1.9630e-01     1.21e+00   7.01e-04   1.21e+00   5.80e-04   2.80e-09
  2.1544e-01     1.21e+00   7.01e-04   1.21e+00   5.81e-04   3.70e-09
  2.3645e-01     1.20e+00   7.01e-04   1.20e+00   5.82e-04   4.89e-09
  2.5950e-01     1.20e+00   7.01e-04   1.20e+00   5.83e-04   6.47e-09
  2.8480e-01     1.20e+00   7.01e-04   1.20e+00   5.85e-04   8.55e-09
  3.1257e-01     1.19e+00   7.00e-04   1.19e+00   5.86e-04   1.13e-08
  3.4305e-01     1.19e+00   7.00e-04   1.19e+00   5.88e-04   1.49e-08
  3.7649e-01     1.19e+00   7.00e-04   1.19e+00   5.90e-04   1.97e-08
  4.1320e-01     1.18e+00   7.00e-04   1.18e+00   5.93e-04   2.61e-08
  4.5349e-01     1.17e+00   7.00e-04   1.18e+00   5.95e-04   3.45e-08
  4.9770e-01     1.17e+00   6.99e-04   1.17e+00   5.98e-04   4.56e-08
  5.4623e-01     1.16e+00   6.99e-04   1.16e+00   6.01e-04   6.02e-08
  5.9948e-01     1.16e+00   6.99e-04   1.16e+00   6.04e-04   7.96e-08
  6.5793e-01     1.15e+00   6.98e-04   1.15e+00   6.08e-04   1.05e-07
  7.2208e-01     1.14e+00   6.98e-04   1.14e+00   6.13e-04   1.39e-07
  7.9248e-01     1.13e+00   6.98e-04   1.13e+00   6.17e-04   1.84e-07
  8.6975e-01     1.12e+00   6.97e-04   1.12e+00   6.22e-04   2.43e-07
  9.5455e-01     1.11e+00   6.97e-04   1.11e+00   6.28e-04   3.21e-07
  1.0476e+00     1.10e+00   6.96e-04   1.10e+00   6.35e-04   4.23e-07
  1.1498e+00     1.08e+00   6.96e-04   1.08e+00   6.42e-04   5.59e-07
  1.2619e+00     1.07e+00   6.95e-04   1.07e+00   6.51e-04   7.39e-07
  1.3849e+00     1.05e+00   6.94e-04   1.05e+00   6.60e-04   9.76e-07
  1.5199e+00     1.03e+00   6.93e-04   1.03e+00   6.71e-04   1.29e-06
  1.6681e+00     1.01e+00   6.93e-04   1.01e+00   6.83e-04   1.70e-06
  1.8307e+00     9.93e-01   6.92e-04   9.93e-01   6.96e-04   2.25e-06
  2.0092e+00     9.69e-01   6.91e-04   9.70e-01   7.12e-04   2.97e-06
  2.2051e+00     9.44e-01   6.90e-04   9.45e-01   7.30e-04   3.92e-06
  2.4201e+00     9.17e-01   6.88e-04   9.17e-01   7.50e-04   5.18e-06
  2.6561e+00     8.87e-01   6.87e-04   8.88e-01   7.74e-04   6.83e-06
  2.9151e+00     8.55e-01   6.85e-04   8.55e-01   8.01e-04   9.02e-06
  3.1993e+00     8.20e-01   6.84e-04   8.21e-01   8.33e-04   1.19e-05
  3.5112e+00     7.83e-01   6.82e-04   7.84e-01   8.70e-04   1.57e-05
  3.8535e+00     7.43e-01   6.80e-04   7.44e-01   9.14e-04   2.07e-05
  4.2292e+00     7.01e-01   6.78e-04   7.02e-01   9.65e-04   2.73e-05
  4.6416e+00     6.57e-01   6.75e-04   6.58e-01   1.03e-03   3.60e-05
  5.0941e+00     6.11e-01   6.73e-04   6.12e-01   1.10e-03   4.75e-05
  5.5908e+00     5.64e-01   6.70e-04   5.65e-01   1.19e-03   6.26e-05
  6.1359e+00     5.16e-01   6.67e-04   5.17e-01   1.29e-03   8.24e-05
  6.7342e+00     4.67e-01   6.63e-04   4.68e-01   1.42e-03   1.09e-04
  7.3907e+00     4.19e-01   6.60e-04   4.20e-01   1.57e-03   1.43e-04
  8.1113e+00     3.72e-01   6.55e-04   3.73e-01   1.76e-03   1.88e-04
  8.9022e+00     3.27e-01   6.51e-04   3.28e-01   1.99e-03   2.47e-04
  9.7701e+00     2.84e-01   6.46e-04   2.85e-01   2.27e-03   3.25e-04
  1.0723e+01     2.44e-01   6.40e-04   2.45e-01   2.62e-03   4.27e-04
  1.1768e+01     2.08e-01   6.34e-04   2.08e-01   3.05e-03   5.61e-04
  1.2915e+01     1.75e-01   6.28e-04   1.75e-01   3.58e-03   7.35e-04
  1.4175e+01     1.45e-01   6.21e-04   1.46e-01   4.25e-03   9.64e-04
  1.5557e+01     1.20e-01   6.13e-04   1.21e-01   5.08e-03   1.26e-03
  1.7074e+01     9.82e-02   6.04e-04   9.88e-02   6.11e-03   1.65e-03
  1.8738e+01     7.96e-02   5.94e-04   8.02e-02   7.41e-03   2.16e-03
  2.0565e+01     6.41e-02   5.84e-04   6.47e-02   9.03e-03   2.82e-03
  2.2570e+01     5.12e-02   5.73e-04   5.18e-02   1.11e-02   3.67e-03
  2.4771e+01     4.07e-02   5.60e-04   4.12e-02   1.36e-02   4.78e-03
  2.7186e+01     3.21e-02   5.47e-04   3.26e-02   1.67e-02   6.21e-03
  2.9836e+01     2.52e-02   5.32e-04   2.57e-02   2.07e-02   8.05e-03
  3.2745e+01     1.97e-02   5.16e-04   2.02e-02   2.56e-02   1.04e-02
  3.5938e+01     1.53e-02   4.99e-04   1.58e-02   3.16e-02   1.34e-02
  3.9442e+01     1.18e-02   4.80e-04   1.23e-02   3.91e-02   1.73e-02
  4.3288e+01     9.07e-03   4.60e-04   9.53e-03   4.82e-02   2.22e-02
  4.7508e+01     6.94e-03   4.38e-04   7.38e-03   5.94e-02   2.84e-02
  5.2140e+01     5.28e-03   4.15e-04   5.70e-03   7.29e-02   3.62e-02
  5.7224e+01     4.00e-03   3.91e-04   4.39e-03   8.90e-02   4.59e-02
  6.2803e+01     3.01e-03   3.66e-04   3.38e-03   1.08e-01   5.79e-02
  6.8926e+01     2.26e-03   3.39e-04   2.60e-03   1.31e-01   7.27e-02
  7.5646e+01     1.68e-03   3.12e-04   1.99e-03   1.57e-01   9.08e-02
  8.3022e+01     1.24e-03   2.85e-04   1.52e-03   1.87e-01   1.13e-01
  9.1116e+01     9.08e-04   2.57e-04   1.17e-03   2.21e-01   1.39e-01
  1.0000e+02     6.61e-04   2.30e-04   8.91e-04   2.58e-01   1.70e-01
