# x= r [kpc] ,  y= #rho(r) [GeV cm^{-3}]
#      x     y[    sm       <subs>      tot    <subs>/tot  N_cl(<r)/N_tot]
  1.0000e-02     1.92e+00   7.35e-04   1.92e+00   3.83e-04   3.71e-13
  1.0975e-02     1.92e+00   7.35e-04   1.92e+00   3.83e-04   4.90e-13
  1.2045e-02     1.92e+00   7.35e-04   1.92e+00   3.83e-04   6.48e-13
  1.3219e-02     1.92e+00   7.35e-04   1.92e+00   3.83e-04   8.56e-13
  1.4508e-02     1.92e+00   7.35e-04   1.92e+00   3.83e-04   1.13e-12
  1.5923e-02     1.92e+00   7.35e-04   1.92e+00   3.83e-04   1.50e-12
  1.7475e-02     1.92e+00   7.35e-04   1.92e+00   3.83e-04   1.98e-12
  1.9179e-02     1.92e+00   7.35e-04   1.92e+00   3.83e-04   2.62e-12
  2.1049e-02     1.92e+00   7.35e-04   1.92e+00   3.83e-04   3.46e-12
  2.3101e-02     1.92e+00   7.35e-04   1.92e+00   3.83e-04   4.57e-12
  2.5354e-02     1.92e+00   7.35e-04   1.92e+00   3.83e-04   6.04e-12
  2.7826e-02     1.92e+00   7.35e-04   1.92e+00   3.83e-04   7.99e-12
  3.0539e-02     1.91e+00   7.35e-04   1.92e+00   3.83e-04   1.06e-11
  3.3516e-02     1.91e+00   7.35e-04   1.91e+00   3.84e-04   1.40e-11
  3.6784e-02     1.91e+00   7.35e-04   1.91e+00   3.84e-04   1.85e-11
  4.0370e-02     1.91e+00   7.35e-04   1.91e+00   3.84e-04   2.44e-11
  4.4306e-02     1.91e+00   7.35e-04   1.91e+00   3.84e-04   3.22e-11
  4.8626e-02     1.91e+00   7.34e-04   1.91e+00   3.84e-04   4.26e-11
  5.3367e-02     1.91e+00   7.34e-04   1.91e+00   3.84e-04   5.64e-11
  5.8570e-02     1.91e+00   7.34e-04   1.91e+00   3.85e-04   7.45e-11
  6.4281e-02     1.91e+00   7.34e-04   1.91e+00   3.85e-04   9.85e-11
  7.0548e-02     1.91e+00   7.34e-04   1.91e+00   3.85e-04   1.30e-10
  7.7426e-02     1.91e+00   7.34e-04   1.91e+00   3.85e-04   1.72e-10
  8.4975e-02     1.90e+00   7.34e-04   1.90e+00   3.86e-04   2.27e-10
  9.3260e-02     1.90e+00   7.34e-04   1.90e+00   3.86e-04   3.00e-10
  1.0235e-01     1.90e+00   7.34e-04   1.90e+00   3.86e-04   3.97e-10
  1.1233e-01     1.90e+00   7.34e-04   1.90e+00   3.87e-04   5.25e-10
  1.2328e-01     1.90e+00   7.34e-04   1.90e+00   3.87e-04   6.94e-10
  1.3530e-01     1.89e+00   7.34e-04   1.89e+00   3.88e-04   9.17e-10
  1.4850e-01     1.89e+00   7.34e-04   1.89e+00   3.88e-04   1.21e-09
  1.6298e-01     1.89e+00   7.34e-04   1.89e+00   3.89e-04   1.60e-09
  1.7886e-01     1.88e+00   7.34e-04   1.88e+00   3.89e-04   2.12e-09
  1.9630e-01     1.88e+00   7.34e-04   1.88e+00   3.90e-04   2.80e-09
  2.1544e-01     1.88e+00   7.33e-04   1.88e+00   3.91e-04   3.70e-09
  2.3645e-01     1.87e+00   7.33e-04   1.87e+00   3.92e-04   4.89e-09
  2.5950e-01     1.87e+00   7.33e-04   1.87e+00   3.92e-04   6.47e-09
  2.8480e-01     1.86e+00   7.33e-04   1.86e+00   3.94e-04   8.55e-09
  3.1257e-01     1.86e+00   7.33e-04   1.86e+00   3.95e-04   1.13e-08
  3.4305e-01     1.85e+00   7.33e-04   1.85e+00   3.96e-04   1.49e-08
  3.7649e-01     1.84e+00   7.33e-04   1.84e+00   3.97e-04   1.97e-08
  4.1320e-01     1.84e+00   7.32e-04   1.84e+00   3.99e-04   2.61e-08
  4.5349e-01     1.83e+00   7.32e-04   1.83e+00   4.00e-04   3.45e-08
  4.9770e-01     1.82e+00   7.32e-04   1.82e+00   4.02e-04   4.56e-08
  5.4623e-01     1.81e+00   7.31e-04   1.81e+00   4.04e-04   6.02e-08
  5.9948e-01     1.80e+00   7.31e-04   1.80e+00   4.07e-04   7.96e-08
  6.5793e-01     1.78e+00   7.31e-04   1.79e+00   4.09e-04   1.05e-07
  7.2208e-01     1.77e+00   7.30e-04   1.77e+00   4.12e-04   1.39e-07
  7.9248e-01     1.76e+00   7.30e-04   1.76e+00   4.15e-04   1.84e-07
  8.6975e-01     1.74e+00   7.30e-04   1.74e+00   4.19e-04   2.43e-07
  9.5455e-01     1.72e+00   7.29e-04   1.72e+00   4.23e-04   3.21e-07
  1.0476e+00     1.70e+00   7.28e-04   1.70e+00   4.27e-04   4.23e-07
  1.1498e+00     1.68e+00   7.28e-04   1.68e+00   4.32e-04   5.59e-07
  1.2619e+00     1.66e+00   7.27e-04   1.66e+00   4.38e-04   7.39e-07
  1.3849e+00     1.63e+00   7.26e-04   1.64e+00   4.44e-04   9.76e-07
  1.5199e+00     1.61e+00   7.26e-04   1.61e+00   4.51e-04   1.29e-06
  1.6681e+00     1.58e+00   7.25e-04   1.58e+00   4.59e-04   1.70e-06
  1.8307e+00     1.54e+00   7.24e-04   1.54e+00   4.69e-04   2.25e-06
  2.0092e+00     1.51e+00   7.23e-04   1.51e+00   4.79e-04   2.97e-06
  2.2051e+00     1.47e+00   7.21e-04   1.47e+00   4.91e-04   3.92e-06
  2.4201e+00     1.43e+00   7.20e-04   1.43e+00   5.05e-04   5.18e-06
  2.6561e+00     1.38e+00   7.19e-04   1.38e+00   5.21e-04   6.83e-06
  2.9151e+00     1.33e+00   7.17e-04   1.33e+00   5.39e-04   9.02e-06
  3.1993e+00     1.28e+00   7.15e-04   1.28e+00   5.61e-04   1.19e-05
  3.5112e+00     1.22e+00   7.14e-04   1.22e+00   5.86e-04   1.57e-05
  3.8535e+00     1.16e+00   7.12e-04   1.16e+00   6.15e-04   2.07e-05
  4.2292e+00     1.09e+00   7.09e-04   1.09e+00   6.50e-04   2.73e-05
  4.6416e+00     1.02e+00   7.07e-04   1.02e+00   6.91e-04   3.60e-05
  5.0941e+00     9.51e-01   7.04e-04   9.52e-01   7.40e-04   4.75e-05
  5.5908e+00     8.78e-01   7.01e-04   8.78e-01   7.98e-04   6.26e-05
  6.1359e+00     8.03e-01   6.98e-04   8.03e-01   8.69e-04   8.24e-05
  6.7342e+00     7.27e-01   6.94e-04   7.28e-01   9.54e-04   1.09e-04
  7.3907e+00     6.52e-01   6.90e-04   6.53e-01   1.06e-03   1.43e-04
  8.1113e+00     5.79e-01   6.86e-04   5.80e-01   1.18e-03   1.88e-04
  8.9022e+00     5.09e-01   6.81e-04   5.09e-01   1.34e-03   2.47e-04
  9.7701e+00     4.42e-01   6.76e-04   4.43e-01   1.53e-03   3.25e-04
  1.0723e+01     3.80e-01   6.70e-04   3.80e-01   1.76e-03   4.27e-04
  1.1768e+01     3.23e-01   6.64e-04   3.24e-01   2.05e-03   5.61e-04
  1.2915e+01     2.72e-01   6.57e-04   2.72e-01   2.41e-03   7.35e-04
  1.4175e+01     2.27e-01   6.49e-04   2.27e-01   2.86e-03   9.64e-04
  1.5557e+01     1.87e-01   6.41e-04   1.88e-01   3.42e-03   1.26e-03
  1.7074e+01     1.53e-01   6.32e-04   1.54e-01   4.11e-03   1.65e-03
  1.8738e+01     1.24e-01   6.22e-04   1.25e-01   4.99e-03   2.16e-03
  2.0565e+01     1.00e-01   6.11e-04   1.01e-01   6.08e-03   2.82e-03
  2.2570e+01     8.00e-02   5.99e-04   8.06e-02   7.44e-03   3.67e-03
  2.4771e+01     6.35e-02   5.86e-04   6.41e-02   9.14e-03   4.78e-03
  2.7186e+01     5.02e-02   5.72e-04   5.08e-02   1.13e-02   6.21e-03
  2.9836e+01     3.94e-02   5.57e-04   4.00e-02   1.39e-02   8.05e-03
  3.2745e+01     3.08e-02   5.40e-04   3.14e-02   1.72e-02   1.04e-02
  3.5938e+01     2.40e-02   5.22e-04   2.45e-02   2.13e-02   1.34e-02
  3.9442e+01     1.86e-02   5.02e-04   1.91e-02   2.63e-02   1.73e-02
  4.3288e+01     1.43e-02   4.81e-04   1.48e-02   3.25e-02   2.22e-02
  4.7508e+01     1.10e-02   4.59e-04   1.15e-02   4.00e-02   2.84e-02
  5.2140e+01     8.43e-03   4.35e-04   8.86e-03   4.90e-02   3.62e-02
  5.7224e+01     6.42e-03   4.09e-04   6.83e-03   5.99e-02   4.59e-02
  6.2803e+01     4.87e-03   3.83e-04   5.25e-03   7.28e-02   5.79e-02
  6.8926e+01     3.68e-03   3.55e-04   4.04e-03   8.80e-02   7.27e-02
  7.5646e+01     2.77e-03   3.27e-04   3.09e-03   1.06e-01   9.08e-02
  8.3022e+01     2.07e-03   2.98e-04   2.37e-03   1.26e-01   1.13e-01
  9.1116e+01     1.54e-03   2.69e-04   1.81e-03   1.49e-01   1.39e-01
  1.0000e+02     1.14e-03   2.41e-04   1.38e-03   1.74e-01   1.70e-01
