# x= #theta [deg] ,  y= J(#theta) [GeV^{2} cm^{-5}]
#      x     y[    sm       <subs>     <cp>       tot     <subs>/tot]
  5.7296e-04     5.05e+17   4.21e+14   7.65e+14   5.06e+17   8.31e-04
  6.5110e-04     5.05e+17   4.21e+14   7.65e+14   5.06e+17   8.31e-04
  7.3991e-04     5.05e+17   4.21e+14   7.65e+14   5.06e+17   8.31e-04
  8.4082e-04     5.05e+17   4.21e+14   7.65e+14   5.06e+17   8.31e-04
  9.5550e-04     5.05e+17   4.21e+14   7.65e+14   5.06e+17   8.31e-04
  1.0858e-03     5.05e+17   4.21e+14   7.65e+14   5.06e+17   8.31e-04
  1.2339e-03     5.05e+17   4.21e+14   7.65e+14   5.06e+17   8.31e-04
  1.4022e-03     5.05e+17   4.21e+14   7.65e+14   5.06e+17   8.31e-04
  1.5934e-03     5.05e+17   4.21e+14   7.65e+14   5.06e+17   8.31e-04
  1.8108e-03     5.05e+17   4.21e+14   7.65e+14   5.06e+17   8.31e-04
  2.0577e-03     5.05e+17   4.21e+14   7.65e+14   5.06e+17   8.31e-04
  2.3384e-03     5.05e+17   4.21e+14   7.65e+14   5.06e+17   8.31e-04
  2.6573e-03     5.05e+17   4.21e+14   7.65e+14   5.06e+17   8.31e-04
  3.0197e-03     5.05e+17   4.21e+14   7.65e+14   5.06e+17   8.31e-04
  3.4316e-03     5.05e+17   4.21e+14   7.65e+14   5.06e+17   8.31e-04
  3.8996e-03     5.05e+17   4.21e+14   7.65e+14   5.06e+17   8.31e-04
  4.4315e-03     5.05e+17   4.21e+14   7.65e+14   5.06e+17   8.31e-04
  5.0359e-03     5.05e+17   4.21e+14   7.65e+14   5.06e+17   8.31e-04
  5.7227e-03     5.05e+17   4.21e+14   7.65e+14   5.06e+17   8.31e-04
  6.5033e-03     5.05e+17   4.21e+14   7.65e+14   5.06e+17   8.31e-04
  7.3902e-03     5.05e+17   4.21e+14   7.65e+14   5.06e+17   8.31e-04
  8.3982e-03     5.05e+17   4.21e+14   7.65e+14   5.06e+17   8.31e-04
  9.5436e-03     5.05e+17   4.21e+14   7.65e+14   5.06e+17   8.31e-04
  1.0845e-02     5.05e+17   4.21e+14   7.65e+14   5.06e+17   8.31e-04
  1.2324e-02     5.05e+17   4.21e+14   7.65e+14   5.06e+17   8.31e-04
  1.4005e-02     5.05e+17   4.21e+14   7.65e+14   5.06e+17   8.31e-04
  1.5915e-02     5.05e+17   4.21e+14   7.65e+14   5.06e+17   8.31e-04
  1.8086e-02     5.05e+17   4.21e+14   7.65e+14   5.06e+17   8.31e-04
  2.0553e-02     5.05e+17   4.21e+14   7.65e+14   5.06e+17   8.31e-04
  2.3356e-02     5.05e+17   4.21e+14   7.65e+14   5.06e+17   8.31e-04
  2.6542e-02     5.05e+17   4.21e+14   7.65e+14   5.06e+17   8.31e-04
  3.0161e-02     5.05e+17   4.21e+14   7.65e+14   5.06e+17   8.31e-04
  3.4275e-02     5.05e+17   4.21e+14   7.65e+14   5.06e+17   8.31e-04
  3.8950e-02     5.05e+17   4.21e+14   7.65e+14   5.06e+17   8.31e-04
  4.4262e-02     5.05e+17   4.21e+14   7.65e+14   5.06e+17   8.31e-04
  5.0299e-02     5.05e+17   4.21e+14   7.65e+14   5.06e+17   8.31e-04
  5.7159e-02     5.05e+17   4.21e+14   7.65e+14   5.06e+17   8.31e-04
  6.4955e-02     5.05e+17   4.21e+14   7.65e+14   5.06e+17   8.31e-04
  7.3814e-02     5.05e+17   4.21e+14   7.65e+14   5.06e+17   8.31e-04
  8.3882e-02     5.05e+17   4.21e+14   7.65e+14   5.06e+17   8.31e-04
  9.5322e-02     5.05e+17   4.21e+14   7.65e+14   5.06e+17   8.31e-04
  1.0832e-01     5.05e+17   4.21e+14   7.65e+14   5.06e+17   8.31e-04
  1.2310e-01     5.05e+17   4.21e+14   7.65e+14   5.06e+17   8.31e-04
  1.3989e-01     5.05e+17   4.21e+14   7.65e+14   5.06e+17   8.31e-04
  1.5896e-01     5.05e+17   4.21e+14   7.65e+14   5.06e+17   8.31e-04
  1.8065e-01     5.05e+17   4.21e+14   7.65e+14   5.06e+17   8.31e-04
  2.0528e-01     5.05e+17   4.21e+14   7.65e+14   5.06e+17   8.31e-04
  2.3328e-01     5.05e+17   4.21e+14   7.65e+14   5.06e+17   8.31e-04
  2.6510e-01     5.05e+17   4.21e+14   7.65e+14   5.06e+17   8.31e-04
  3.0125e-01     5.05e+17   4.21e+14   7.65e+14   5.06e+17   8.31e-04
  3.4234e-01     5.05e+17   4.21e+14   7.65e+14   5.06e+17   8.31e-04
  3.8903e-01     5.05e+17   4.21e+14   7.65e+14   5.06e+17   8.31e-04
  4.4209e-01     5.05e+17   4.21e+14   7.65e+14   5.06e+17   8.31e-04
  5.0239e-01     5.05e+17   4.21e+14   7.65e+14   5.06e+17   8.32e-04
  5.7091e-01     5.05e+17   4.21e+14   7.65e+14   5.06e+17   8.32e-04
  6.4878e-01     5.05e+17   4.21e+14   7.65e+14   5.06e+17   8.32e-04
  7.3726e-01     5.04e+17   4.21e+14   7.65e+14   5.06e+17   8.32e-04
  8.3782e-01     5.04e+17   4.21e+14   7.65e+14   5.05e+17   8.32e-04
  9.5208e-01     5.04e+17   4.21e+14   7.65e+14   5.05e+17   8.33e-04
  1.0819e+00     5.04e+17   4.21e+14   7.65e+14   5.05e+17   8.33e-04
  1.2295e+00     5.03e+17   4.21e+14   7.64e+14   5.04e+17   8.34e-04
  1.3972e+00     5.03e+17   4.21e+14   7.64e+14   5.04e+17   8.35e-04
  1.5878e+00     5.02e+17   4.21e+14   7.64e+14   5.03e+17   8.36e-04
  1.8043e+00     5.01e+17   4.21e+14   7.63e+14   5.03e+17   8.37e-04
  2.0504e+00     5.01e+17   4.21e+14   7.63e+14   5.02e+17   8.38e-04
  2.3300e+00     4.99e+17   4.21e+14   7.62e+14   5.01e+17   8.40e-04
  2.6478e+00     4.98e+17   4.21e+14   7.61e+14   4.99e+17   8.43e-04
  3.0090e+00     4.96e+17   4.21e+14   7.60e+14   4.97e+17   8.46e-04
  3.4193e+00     4.94e+17   4.21e+14   7.59e+14   4.95e+17   8.49e-04
  3.8857e+00     4.92e+17   4.21e+14   7.57e+14   4.93e+17   8.54e-04
  4.4157e+00     4.88e+17   4.21e+14   7.55e+14   4.90e+17   8.59e-04
  5.0179e+00     4.84e+17   4.20e+14   7.52e+14   4.86e+17   8.66e-04
  5.7023e+00     4.80e+17   4.20e+14   7.49e+14   4.81e+17   8.74e-04
  6.4800e+00     4.74e+17   4.20e+14   7.45e+14   4.75e+17   8.85e-04
  7.3638e+00     4.67e+17   4.20e+14   7.40e+14   4.68e+17   8.98e-04
  8.3682e+00     4.59e+17   4.20e+14   7.34e+14   4.60e+17   9.14e-04
  9.5095e+00     4.48e+17   4.20e+14   7.27e+14   4.50e+17   9.34e-04
  1.0806e+01     4.37e+17   4.20e+14   7.18e+14   4.38e+17   9.59e-04
  1.2280e+01     4.23e+17   4.20e+14   7.08e+14   4.24e+17   9.90e-04
  1.3955e+01     4.06e+17   4.19e+14   6.95e+14   4.07e+17   1.03e-03
  1.5859e+01     3.87e+17   4.19e+14   6.80e+14   3.88e+17   1.08e-03
  1.8021e+01     3.66e+17   4.18e+14   6.61e+14   3.67e+17   1.14e-03
  2.0479e+01     3.42e+17   4.18e+14   6.49e+14   3.43e+17   1.22e-03
  2.3273e+01     3.15e+17   4.17e+14   6.02e+14   3.16e+17   1.32e-03
  2.6447e+01     2.86e+17   4.16e+14   5.87e+14   2.87e+17   1.45e-03
  3.0054e+01     2.56e+17   4.15e+14   5.55e+14   2.57e+17   1.61e-03
  3.4153e+01     2.25e+17   4.13e+14   5.20e+14   2.26e+17   1.83e-03
  3.8811e+01     1.94e+17   4.11e+14   4.82e+14   1.95e+17   2.11e-03
  4.4104e+01     1.64e+17   4.09e+14   4.41e+14   1.65e+17   2.48e-03
  5.0119e+01     1.36e+17   4.06e+14   3.99e+14   1.37e+17   2.96e-03
  5.6955e+01     1.11e+17   4.02e+14   3.57e+14   1.12e+17   3.59e-03
  6.4723e+01     8.99e+16   3.98e+14   3.17e+14   9.06e+16   4.39e-03
  7.3550e+01     7.19e+16   3.93e+14   2.79e+14   7.26e+16   5.41e-03
  8.3582e+01     5.74e+16   3.87e+14   2.43e+14   5.80e+16   6.67e-03
  9.4981e+01     4.61e+16   3.77e+14   2.12e+14   4.67e+16   8.08e-03
  1.0794e+02     3.74e+16   3.71e+14   1.86e+14   3.80e+16   9.76e-03
  1.2266e+02     3.10e+16   3.64e+14   1.64e+14   3.16e+16   1.15e-02
  1.3939e+02     2.67e+16   3.58e+14   1.48e+14   2.72e+16   1.32e-02
  1.5840e+02     2.39e+16   3.53e+14   1.37e+14   2.44e+16   1.45e-02
  1.8000e+02     2.29e+16   3.52e+14   1.33e+14   2.34e+16   1.50e-02
