# x= #theta [deg] ,  y= J(#theta) [GeV^{2} cm^{-5}]
#      x     y[    sm       <subs>     <cp>       tot     <subs>/tot]
  5.7296e-04     3.12e+17   4.18e+14   5.84e+14   3.13e+17   1.33e-03
  6.5110e-04     3.12e+17   4.18e+14   5.84e+14   3.13e+17   1.33e-03
  7.3991e-04     3.12e+17   4.18e+14   5.84e+14   3.13e+17   1.33e-03
  8.4082e-04     3.12e+17   4.18e+14   5.84e+14   3.13e+17   1.33e-03
  9.5550e-04     3.12e+17   4.18e+14   5.84e+14   3.13e+17   1.33e-03
  1.0858e-03     3.12e+17   4.18e+14   5.84e+14   3.13e+17   1.33e-03
  1.2339e-03     3.12e+17   4.18e+14   5.84e+14   3.13e+17   1.33e-03
  1.4022e-03     3.12e+17   4.18e+14   5.84e+14   3.13e+17   1.33e-03
  1.5934e-03     3.12e+17   4.18e+14   5.84e+14   3.13e+17   1.33e-03
  1.8108e-03     3.12e+17   4.18e+14   5.84e+14   3.13e+17   1.33e-03
  2.0577e-03     3.12e+17   4.18e+14   5.84e+14   3.13e+17   1.33e-03
  2.3384e-03     3.12e+17   4.18e+14   5.84e+14   3.13e+17   1.33e-03
  2.6573e-03     3.12e+17   4.18e+14   5.84e+14   3.13e+17   1.33e-03
  3.0197e-03     3.12e+17   4.18e+14   5.84e+14   3.13e+17   1.33e-03
  3.4316e-03     3.12e+17   4.18e+14   5.84e+14   3.13e+17   1.33e-03
  3.8996e-03     3.12e+17   4.18e+14   5.84e+14   3.13e+17   1.33e-03
  4.4315e-03     3.12e+17   4.18e+14   5.84e+14   3.13e+17   1.33e-03
  5.0359e-03     3.12e+17   4.18e+14   5.84e+14   3.13e+17   1.33e-03
  5.7227e-03     3.12e+17   4.18e+14   5.84e+14   3.13e+17   1.33e-03
  6.5033e-03     3.12e+17   4.18e+14   5.84e+14   3.13e+17   1.33e-03
  7.3902e-03     3.12e+17   4.18e+14   5.84e+14   3.13e+17   1.33e-03
  8.3982e-03     3.12e+17   4.18e+14   5.84e+14   3.13e+17   1.33e-03
  9.5436e-03     3.12e+17   4.18e+14   5.84e+14   3.13e+17   1.33e-03
  1.0845e-02     3.12e+17   4.18e+14   5.84e+14   3.13e+17   1.33e-03
  1.2324e-02     3.12e+17   4.18e+14   5.84e+14   3.13e+17   1.33e-03
  1.4005e-02     3.12e+17   4.18e+14   5.84e+14   3.13e+17   1.33e-03
  1.5915e-02     3.12e+17   4.18e+14   5.84e+14   3.13e+17   1.33e-03
  1.8086e-02     3.12e+17   4.18e+14   5.84e+14   3.13e+17   1.33e-03
  2.0553e-02     3.12e+17   4.18e+14   5.84e+14   3.13e+17   1.33e-03
  2.3356e-02     3.12e+17   4.18e+14   5.84e+14   3.13e+17   1.33e-03
  2.6542e-02     3.12e+17   4.18e+14   5.84e+14   3.13e+17   1.33e-03
  3.0161e-02     3.12e+17   4.18e+14   5.84e+14   3.13e+17   1.33e-03
  3.4275e-02     3.12e+17   4.18e+14   5.84e+14   3.13e+17   1.33e-03
  3.8950e-02     3.12e+17   4.18e+14   5.84e+14   3.13e+17   1.33e-03
  4.4262e-02     3.12e+17   4.18e+14   5.84e+14   3.13e+17   1.33e-03
  5.0299e-02     3.12e+17   4.18e+14   5.84e+14   3.13e+17   1.33e-03
  5.7159e-02     3.12e+17   4.18e+14   5.84e+14   3.13e+17   1.33e-03
  6.4955e-02     3.12e+17   4.18e+14   5.84e+14   3.13e+17   1.33e-03
  7.3814e-02     3.12e+17   4.18e+14   5.84e+14   3.13e+17   1.33e-03
  8.3882e-02     3.12e+17   4.18e+14   5.84e+14   3.13e+17   1.33e-03
  9.5322e-02     3.12e+17   4.18e+14   5.84e+14   3.13e+17   1.33e-03
  1.0832e-01     3.12e+17   4.18e+14   5.84e+14   3.13e+17   1.33e-03
  1.2310e-01     3.12e+17   4.18e+14   5.84e+14   3.13e+17   1.33e-03
  1.3989e-01     3.12e+17   4.18e+14   5.84e+14   3.13e+17   1.33e-03
  1.5896e-01     3.12e+17   4.18e+14   5.84e+14   3.13e+17   1.33e-03
  1.8065e-01     3.12e+17   4.18e+14   5.84e+14   3.13e+17   1.33e-03
  2.0528e-01     3.12e+17   4.18e+14   5.84e+14   3.13e+17   1.33e-03
  2.3328e-01     3.12e+17   4.18e+14   5.84e+14   3.13e+17   1.33e-03
  2.6510e-01     3.12e+17   4.18e+14   5.84e+14   3.13e+17   1.33e-03
  3.0125e-01     3.12e+17   4.18e+14   5.84e+14   3.13e+17   1.33e-03
  3.4234e-01     3.12e+17   4.18e+14   5.84e+14   3.13e+17   1.33e-03
  3.8903e-01     3.12e+17   4.18e+14   5.84e+14   3.13e+17   1.33e-03
  4.4209e-01     3.12e+17   4.18e+14   5.84e+14   3.13e+17   1.34e-03
  5.0239e-01     3.12e+17   4.18e+14   5.84e+14   3.13e+17   1.34e-03
  5.7091e-01     3.12e+17   4.18e+14   5.84e+14   3.13e+17   1.34e-03
  6.4878e-01     3.12e+17   4.18e+14   5.84e+14   3.13e+17   1.34e-03
  7.3726e-01     3.12e+17   4.18e+14   5.84e+14   3.13e+17   1.34e-03
  8.3782e-01     3.11e+17   4.18e+14   5.84e+14   3.12e+17   1.34e-03
  9.5208e-01     3.11e+17   4.18e+14   5.84e+14   3.12e+17   1.34e-03
  1.0819e+00     3.11e+17   4.18e+14   5.84e+14   3.12e+17   1.34e-03
  1.2295e+00     3.11e+17   4.18e+14   5.83e+14   3.12e+17   1.34e-03
  1.3972e+00     3.11e+17   4.18e+14   5.83e+14   3.12e+17   1.34e-03
  1.5878e+00     3.10e+17   4.18e+14   5.83e+14   3.11e+17   1.34e-03
  1.8043e+00     3.10e+17   4.18e+14   5.83e+14   3.11e+17   1.34e-03
  2.0504e+00     3.09e+17   4.18e+14   5.82e+14   3.10e+17   1.35e-03
  2.3300e+00     3.09e+17   4.18e+14   5.82e+14   3.10e+17   1.35e-03
  2.6478e+00     3.08e+17   4.18e+14   5.81e+14   3.09e+17   1.35e-03
  3.0090e+00     3.07e+17   4.18e+14   5.80e+14   3.08e+17   1.36e-03
  3.4193e+00     3.06e+17   4.18e+14   5.79e+14   3.07e+17   1.36e-03
  3.8857e+00     3.04e+17   4.18e+14   5.78e+14   3.05e+17   1.37e-03
  4.4157e+00     3.02e+17   4.18e+14   5.77e+14   3.03e+17   1.38e-03
  5.0179e+00     3.00e+17   4.17e+14   5.75e+14   3.01e+17   1.39e-03
  5.7023e+00     2.97e+17   4.17e+14   5.72e+14   2.98e+17   1.40e-03
  6.4800e+00     2.94e+17   4.17e+14   5.69e+14   2.95e+17   1.42e-03
  7.3638e+00     2.89e+17   4.17e+14   5.66e+14   2.90e+17   1.44e-03
  8.3682e+00     2.84e+17   4.17e+14   5.62e+14   2.85e+17   1.46e-03
  9.5095e+00     2.79e+17   4.17e+14   5.56e+14   2.79e+17   1.49e-03
  1.0806e+01     2.71e+17   4.17e+14   5.50e+14   2.72e+17   1.53e-03
  1.2280e+01     2.63e+17   4.17e+14   5.42e+14   2.64e+17   1.58e-03
  1.3955e+01     2.53e+17   4.16e+14   5.32e+14   2.54e+17   1.64e-03
  1.5859e+01     2.42e+17   4.16e+14   5.21e+14   2.43e+17   1.71e-03
  1.8021e+01     2.29e+17   4.15e+14   5.08e+14   2.30e+17   1.81e-03
  2.0479e+01     2.15e+17   4.15e+14   4.74e+14   2.15e+17   1.93e-03
  2.3273e+01     1.98e+17   4.14e+14   4.81e+14   1.99e+17   2.08e-03
  2.6447e+01     1.81e+17   4.13e+14   4.60e+14   1.82e+17   2.27e-03
  3.0054e+01     1.62e+17   4.12e+14   4.29e+14   1.63e+17   2.52e-03
  3.4153e+01     1.43e+17   4.10e+14   4.02e+14   1.44e+17   2.85e-03
  3.8811e+01     1.24e+17   4.08e+14   3.74e+14   1.25e+17   3.27e-03
  4.4104e+01     1.01e+17   4.06e+14   3.43e+14   1.02e+17   3.98e-03
  5.0119e+01     8.81e+16   4.03e+14   3.12e+14   8.88e+16   4.54e-03
  5.6955e+01     7.24e+16   4.00e+14   2.79e+14   7.31e+16   5.47e-03
  6.4723e+01     5.87e+16   3.96e+14   2.49e+14   5.94e+16   6.66e-03
  7.3550e+01     4.72e+16   3.91e+14   2.19e+14   4.78e+16   8.17e-03
  8.3582e+01     3.78e+16   3.85e+14   1.92e+14   3.84e+16   1.00e-02
  9.4981e+01     3.05e+16   3.76e+14   1.68e+14   3.10e+16   1.21e-02
  1.0794e+02     2.48e+16   3.69e+14   1.47e+14   2.53e+16   1.46e-02
  1.2266e+02     2.06e+16   3.63e+14   1.30e+14   2.11e+16   1.72e-02
  1.3939e+02     1.77e+16   3.57e+14   1.17e+14   1.82e+16   1.96e-02
  1.5840e+02     1.61e+16   3.53e+14   1.09e+14   1.66e+16   2.12e-02
  1.8000e+02     1.53e+16   3.51e+14   1.06e+14   1.57e+16   2.23e-02
