# x= #theta [deg] ,  y= dJ/d#Omega(#theta) [GeV^{2} cm^{-5} sr^{-1}]
#      x     y[    sm       <subs>     <cp>       tot     <subs>/tot]
  5.7296e-04     7.95e+22   4.43e+19   1.01e+20   7.96e+22   5.56e-04
  6.5110e-04     7.95e+22   4.43e+19   1.01e+20   7.96e+22   5.56e-04
  7.3991e-04     7.95e+22   4.43e+19   1.01e+20   7.96e+22   5.56e-04
  8.4082e-04     7.95e+22   4.43e+19   1.01e+20   7.96e+22   5.56e-04
  9.5550e-04     7.95e+22   4.43e+19   1.01e+20   7.96e+22   5.56e-04
  1.0858e-03     7.95e+22   4.43e+19   1.01e+20   7.96e+22   5.56e-04
  1.2339e-03     7.95e+22   4.43e+19   1.01e+20   7.96e+22   5.56e-04
  1.4022e-03     7.95e+22   4.43e+19   1.01e+20   7.96e+22   5.56e-04
  1.5934e-03     7.95e+22   4.43e+19   1.01e+20   7.96e+22   5.56e-04
  1.8108e-03     7.95e+22   4.43e+19   1.01e+20   7.96e+22   5.56e-04
  2.0577e-03     7.95e+22   4.43e+19   1.01e+20   7.96e+22   5.56e-04
  2.3384e-03     7.95e+22   4.43e+19   1.01e+20   7.96e+22   5.56e-04
  2.6573e-03     7.95e+22   4.43e+19   1.01e+20   7.96e+22   5.56e-04
  3.0197e-03     7.95e+22   4.43e+19   1.01e+20   7.96e+22   5.56e-04
  3.4316e-03     7.95e+22   4.43e+19   1.01e+20   7.96e+22   5.56e-04
  3.8996e-03     7.95e+22   4.43e+19   1.01e+20   7.96e+22   5.56e-04
  4.4315e-03     7.95e+22   4.43e+19   1.01e+20   7.96e+22   5.56e-04
  5.0359e-03     7.95e+22   4.43e+19   1.01e+20   7.96e+22   5.56e-04
  5.7227e-03     7.95e+22   4.43e+19   1.01e+20   7.96e+22   5.56e-04
  6.5033e-03     7.95e+22   4.43e+19   1.01e+20   7.96e+22   5.56e-04
  7.3902e-03     7.95e+22   4.43e+19   1.01e+20   7.96e+22   5.56e-04
  8.3982e-03     7.95e+22   4.43e+19   1.01e+20   7.96e+22   5.56e-04
  9.5436e-03     7.95e+22   4.43e+19   1.01e+20   7.96e+22   5.56e-04
  1.0845e-02     7.95e+22   4.43e+19   1.01e+20   7.96e+22   5.56e-04
  1.2324e-02     7.95e+22   4.43e+19   1.01e+20   7.96e+22   5.56e-04
  1.4005e-02     7.95e+22   4.43e+19   1.01e+20   7.96e+22   5.56e-04
  1.5915e-02     7.95e+22   4.43e+19   1.01e+20   7.96e+22   5.56e-04
  1.8086e-02     7.95e+22   4.43e+19   1.01e+20   7.96e+22   5.56e-04
  2.0553e-02     7.95e+22   4.43e+19   1.01e+20   7.96e+22   5.56e-04
  2.3356e-02     7.95e+22   4.43e+19   1.01e+20   7.96e+22   5.56e-04
  2.6542e-02     7.95e+22   4.43e+19   1.01e+20   7.96e+22   5.56e-04
  3.0161e-02     7.95e+22   4.43e+19   1.01e+20   7.96e+22   5.56e-04
  3.4275e-02     7.95e+22   4.43e+19   1.01e+20   7.96e+22   5.56e-04
  3.8950e-02     7.95e+22   4.43e+19   1.01e+20   7.96e+22   5.56e-04
  4.4262e-02     7.95e+22   4.43e+19   1.01e+20   7.96e+22   5.56e-04
  5.0299e-02     7.95e+22   4.43e+19   1.01e+20   7.96e+22   5.56e-04
  5.7159e-02     7.95e+22   4.43e+19   1.01e+20   7.96e+22   5.56e-04
  6.4955e-02     7.95e+22   4.43e+19   1.01e+20   7.96e+22   5.56e-04
  7.3814e-02     7.95e+22   4.43e+19   1.01e+20   7.96e+22   5.56e-04
  8.3882e-02     7.95e+22   4.43e+19   1.01e+20   7.96e+22   5.56e-04
  9.5322e-02     7.95e+22   4.43e+19   1.01e+20   7.96e+22   5.56e-04
  1.0832e-01     7.95e+22   4.43e+19   1.01e+20   7.96e+22   5.56e-04
  1.2310e-01     7.95e+22   4.43e+19   1.01e+20   7.96e+22   5.56e-04
  1.3989e-01     7.95e+22   4.43e+19   1.01e+20   7.96e+22   5.56e-04
  1.5896e-01     7.95e+22   4.43e+19   1.01e+20   7.96e+22   5.56e-04
  1.8065e-01     7.95e+22   4.43e+19   1.01e+20   7.96e+22   5.56e-04
  2.0528e-01     7.95e+22   4.43e+19   1.01e+20   7.96e+22   5.56e-04
  2.3328e-01     7.95e+22   4.43e+19   1.01e+20   7.96e+22   5.56e-04
  2.6510e-01     7.95e+22   4.43e+19   1.01e+20   7.96e+22   5.56e-04
  3.0125e-01     7.95e+22   4.43e+19   1.01e+20   7.96e+22   5.56e-04
  3.4234e-01     7.95e+22   4.43e+19   1.01e+20   7.96e+22   5.56e-04
  3.8903e-01     7.94e+22   4.43e+19   1.01e+20   7.96e+22   5.56e-04
  4.4209e-01     7.94e+22   4.43e+19   1.01e+20   7.96e+22   5.57e-04
  5.0239e-01     7.94e+22   4.43e+19   1.01e+20   7.96e+22   5.57e-04
  5.7091e-01     7.94e+22   4.43e+19   1.01e+20   7.96e+22   5.57e-04
  6.4878e-01     7.94e+22   4.43e+19   1.01e+20   7.95e+22   5.57e-04
  7.3726e-01     7.94e+22   4.43e+19   1.01e+20   7.95e+22   5.57e-04
  8.3782e-01     7.93e+22   4.43e+19   1.01e+20   7.95e+22   5.57e-04
  9.5208e-01     7.93e+22   4.43e+19   1.01e+20   7.94e+22   5.58e-04
  1.0819e+00     7.92e+22   4.43e+19   1.01e+20   7.94e+22   5.58e-04
  1.2295e+00     7.92e+22   4.43e+19   1.01e+20   7.93e+22   5.58e-04
  1.3972e+00     7.91e+22   4.43e+19   1.01e+20   7.92e+22   5.59e-04
  1.5878e+00     7.90e+22   4.43e+19   1.01e+20   7.91e+22   5.60e-04
  1.8043e+00     7.89e+22   4.43e+19   1.01e+20   7.90e+22   5.61e-04
  2.0504e+00     7.87e+22   4.43e+19   1.01e+20   7.89e+22   5.62e-04
  2.3300e+00     7.85e+22   4.43e+19   1.00e+20   7.87e+22   5.63e-04
  2.6478e+00     7.83e+22   4.43e+19   1.00e+20   7.84e+22   5.65e-04
  3.0090e+00     7.80e+22   4.43e+19   1.00e+20   7.81e+22   5.67e-04
  3.4193e+00     7.76e+22   4.43e+19   9.99e+19   7.78e+22   5.69e-04
  3.8857e+00     7.72e+22   4.43e+19   9.97e+19   7.73e+22   5.72e-04
  4.4157e+00     7.67e+22   4.43e+19   9.94e+19   7.68e+22   5.76e-04
  5.0179e+00     7.60e+22   4.43e+19   9.91e+19   7.62e+22   5.81e-04
  5.7023e+00     7.52e+22   4.43e+19   9.86e+19   7.54e+22   5.87e-04
  6.4800e+00     7.42e+22   4.43e+19   9.81e+19   7.44e+22   5.95e-04
  7.3638e+00     7.31e+22   4.42e+19   9.74e+19   7.32e+22   6.04e-04
  8.3682e+00     7.17e+22   4.42e+19   9.65e+19   7.18e+22   6.16e-04
  9.5095e+00     7.00e+22   4.42e+19   9.55e+19   7.01e+22   6.30e-04
  1.0806e+01     6.81e+22   4.42e+19   9.43e+19   6.82e+22   6.48e-04
  1.2280e+01     6.57e+22   4.42e+19   9.28e+19   6.59e+22   6.70e-04
  1.3955e+01     6.30e+22   4.41e+19   9.10e+19   6.32e+22   6.99e-04
  1.5859e+01     5.99e+22   4.41e+19   8.89e+19   6.01e+22   7.34e-04
  1.8021e+01     5.64e+22   4.40e+19   8.64e+19   5.65e+22   7.79e-04
  2.0479e+01     5.25e+22   4.40e+19   8.46e+19   5.26e+22   8.36e-04
  2.3273e+01     4.81e+22   4.39e+19   8.13e+19   4.83e+22   9.09e-04
  2.6447e+01     4.35e+22   4.38e+19   7.62e+19   4.36e+22   1.00e-03
  3.0054e+01     3.87e+22   4.36e+19   7.19e+19   3.88e+22   1.12e-03
  3.4153e+01     3.37e+22   4.34e+19   6.71e+19   3.38e+22   1.28e-03
  3.8811e+01     2.89e+22   4.32e+19   6.19e+19   2.90e+22   1.49e-03
  4.4104e+01     2.42e+22   4.30e+19   5.65e+19   2.43e+22   1.76e-03
  5.0119e+01     2.00e+22   4.26e+19   5.10e+19   2.01e+22   2.12e-03
  5.6955e+01     1.62e+22   4.22e+19   4.54e+19   1.63e+22   2.59e-03
  6.4723e+01     1.30e+22   4.18e+19   4.01e+19   1.31e+22   3.19e-03
  7.3550e+01     1.03e+22   4.12e+19   3.51e+19   1.04e+22   3.96e-03
  8.3582e+01     8.20e+21   4.06e+19   3.06e+19   8.27e+21   4.91e-03
  9.4981e+01     6.55e+21   3.95e+19   2.66e+19   6.61e+21   5.98e-03
  1.0794e+02     5.30e+21   3.88e+19   2.32e+19   5.36e+21   7.24e-03
  1.2266e+02     4.38e+21   3.81e+19   2.05e+19   4.44e+21   8.58e-03
  1.3939e+02     3.75e+21   3.74e+19   1.84e+19   3.81e+21   9.83e-03
  1.5840e+02     3.36e+21   3.69e+19   1.70e+19   3.41e+21   1.08e-02
  1.8000e+02     3.27e+21   3.67e+19   1.65e+19   3.33e+21   1.10e-02
