# x= #theta [deg] ,  y= dJ/d#Omega(#theta) [GeV^{2} cm^{-5} sr^{-1}]
#      x     y[    sm       <subs>     <cp>       tot     <subs>/tot]
  5.7296e-04     3.26e+22   4.36e+19   6.10e+19   3.27e+22   1.33e-03
  6.5110e-04     3.26e+22   4.36e+19   6.10e+19   3.27e+22   1.33e-03
  7.3991e-04     3.26e+22   4.36e+19   6.10e+19   3.27e+22   1.33e-03
  8.4082e-04     3.26e+22   4.36e+19   6.10e+19   3.27e+22   1.33e-03
  9.5550e-04     3.26e+22   4.36e+19   6.10e+19   3.27e+22   1.33e-03
  1.0858e-03     3.26e+22   4.36e+19   6.10e+19   3.27e+22   1.33e-03
  1.2339e-03     3.26e+22   4.36e+19   6.10e+19   3.27e+22   1.33e-03
  1.4022e-03     3.26e+22   4.36e+19   6.10e+19   3.27e+22   1.33e-03
  1.5934e-03     3.26e+22   4.36e+19   6.10e+19   3.27e+22   1.33e-03
  1.8108e-03     3.26e+22   4.36e+19   6.10e+19   3.27e+22   1.33e-03
  2.0577e-03     3.26e+22   4.36e+19   6.10e+19   3.27e+22   1.33e-03
  2.3384e-03     3.26e+22   4.36e+19   6.10e+19   3.27e+22   1.33e-03
  2.6573e-03     3.26e+22   4.36e+19   6.10e+19   3.27e+22   1.33e-03
  3.0197e-03     3.26e+22   4.36e+19   6.10e+19   3.27e+22   1.33e-03
  3.4316e-03     3.26e+22   4.36e+19   6.10e+19   3.27e+22   1.33e-03
  3.8996e-03     3.26e+22   4.36e+19   6.10e+19   3.27e+22   1.33e-03
  4.4315e-03     3.26e+22   4.36e+19   6.10e+19   3.27e+22   1.33e-03
  5.0359e-03     3.26e+22   4.36e+19   6.10e+19   3.27e+22   1.33e-03
  5.7227e-03     3.26e+22   4.36e+19   6.10e+19   3.27e+22   1.33e-03
  6.5033e-03     3.26e+22   4.36e+19   6.10e+19   3.27e+22   1.33e-03
  7.3902e-03     3.26e+22   4.36e+19   6.10e+19   3.27e+22   1.33e-03
  8.3982e-03     3.26e+22   4.36e+19   6.10e+19   3.27e+22   1.33e-03
  9.5436e-03     3.26e+22   4.36e+19   6.10e+19   3.27e+22   1.33e-03
  1.0845e-02     3.26e+22   4.36e+19   6.10e+19   3.27e+22   1.33e-03
  1.2324e-02     3.26e+22   4.36e+19   6.10e+19   3.27e+22   1.33e-03
  1.4005e-02     3.26e+22   4.36e+19   6.10e+19   3.27e+22   1.33e-03
  1.5915e-02     3.26e+22   4.36e+19   6.10e+19   3.27e+22   1.33e-03
  1.8086e-02     3.26e+22   4.36e+19   6.10e+19   3.27e+22   1.33e-03
  2.0553e-02     3.26e+22   4.36e+19   6.10e+19   3.27e+22   1.33e-03
  2.3356e-02     3.26e+22   4.36e+19   6.10e+19   3.27e+22   1.33e-03
  2.6542e-02     3.26e+22   4.36e+19   6.10e+19   3.27e+22   1.33e-03
  3.0161e-02     3.26e+22   4.36e+19   6.10e+19   3.27e+22   1.33e-03
  3.4275e-02     3.26e+22   4.36e+19   6.10e+19   3.27e+22   1.33e-03
  3.8950e-02     3.26e+22   4.36e+19   6.10e+19   3.27e+22   1.33e-03
  4.4262e-02     3.26e+22   4.36e+19   6.10e+19   3.27e+22   1.33e-03
  5.0299e-02     3.26e+22   4.36e+19   6.10e+19   3.27e+22   1.33e-03
  5.7159e-02     3.26e+22   4.36e+19   6.10e+19   3.27e+22   1.33e-03
  6.4955e-02     3.26e+22   4.36e+19   6.10e+19   3.27e+22   1.33e-03
  7.3814e-02     3.26e+22   4.36e+19   6.10e+19   3.27e+22   1.33e-03
  8.3882e-02     3.26e+22   4.36e+19   6.10e+19   3.27e+22   1.33e-03
  9.5322e-02     3.26e+22   4.36e+19   6.10e+19   3.27e+22   1.33e-03
  1.0832e-01     3.26e+22   4.36e+19   6.10e+19   3.27e+22   1.33e-03
  1.2310e-01     3.26e+22   4.36e+19   6.10e+19   3.27e+22   1.33e-03
  1.3989e-01     3.26e+22   4.36e+19   6.10e+19   3.27e+22   1.33e-03
  1.5896e-01     3.26e+22   4.36e+19   6.10e+19   3.27e+22   1.33e-03
  1.8065e-01     3.26e+22   4.36e+19   6.10e+19   3.27e+22   1.33e-03
  2.0528e-01     3.26e+22   4.36e+19   6.10e+19   3.27e+22   1.33e-03
  2.3328e-01     3.26e+22   4.36e+19   6.10e+19   3.27e+22   1.33e-03
  2.6510e-01     3.26e+22   4.36e+19   6.10e+19   3.27e+22   1.33e-03
  3.0125e-01     3.26e+22   4.36e+19   6.10e+19   3.27e+22   1.33e-03
  3.4234e-01     3.26e+22   4.36e+19   6.10e+19   3.27e+22   1.33e-03
  3.8903e-01     3.26e+22   4.36e+19   6.10e+19   3.27e+22   1.33e-03
  4.4209e-01     3.26e+22   4.36e+19   6.10e+19   3.27e+22   1.34e-03
  5.0239e-01     3.26e+22   4.36e+19   6.10e+19   3.27e+22   1.34e-03
  5.7091e-01     3.26e+22   4.36e+19   6.10e+19   3.27e+22   1.34e-03
  6.4878e-01     3.26e+22   4.36e+19   6.10e+19   3.27e+22   1.34e-03
  7.3726e-01     3.26e+22   4.36e+19   6.10e+19   3.27e+22   1.34e-03
  8.3782e-01     3.25e+22   4.36e+19   6.10e+19   3.26e+22   1.34e-03
  9.5208e-01     3.25e+22   4.36e+19   6.10e+19   3.26e+22   1.34e-03
  1.0819e+00     3.25e+22   4.36e+19   6.10e+19   3.26e+22   1.34e-03
  1.2295e+00     3.25e+22   4.36e+19   6.10e+19   3.26e+22   1.34e-03
  1.3972e+00     3.25e+22   4.36e+19   6.09e+19   3.26e+22   1.34e-03
  1.5878e+00     3.24e+22   4.36e+19   6.09e+19   3.25e+22   1.34e-03
  1.8043e+00     3.24e+22   4.36e+19   6.09e+19   3.25e+22   1.34e-03
  2.0504e+00     3.23e+22   4.36e+19   6.08e+19   3.24e+22   1.35e-03
  2.3300e+00     3.23e+22   4.36e+19   6.08e+19   3.24e+22   1.35e-03
  2.6478e+00     3.22e+22   4.36e+19   6.07e+19   3.23e+22   1.35e-03
  3.0090e+00     3.21e+22   4.36e+19   6.06e+19   3.22e+22   1.36e-03
  3.4193e+00     3.19e+22   4.36e+19   6.05e+19   3.20e+22   1.36e-03
  3.8857e+00     3.18e+22   4.36e+19   6.04e+19   3.19e+22   1.37e-03
  4.4157e+00     3.16e+22   4.36e+19   6.02e+19   3.17e+22   1.38e-03
  5.0179e+00     3.13e+22   4.36e+19   6.00e+19   3.14e+22   1.39e-03
  5.7023e+00     3.10e+22   4.36e+19   5.98e+19   3.11e+22   1.40e-03
  6.4800e+00     3.07e+22   4.36e+19   5.95e+19   3.08e+22   1.42e-03
  7.3638e+00     3.02e+22   4.36e+19   5.91e+19   3.03e+22   1.44e-03
  8.3682e+00     2.97e+22   4.36e+19   5.87e+19   2.98e+22   1.46e-03
  9.5095e+00     2.91e+22   4.36e+19   5.81e+19   2.92e+22   1.49e-03
  1.0806e+01     2.84e+22   4.36e+19   5.74e+19   2.85e+22   1.53e-03
  1.2280e+01     2.75e+22   4.35e+19   5.66e+19   2.76e+22   1.58e-03
  1.3955e+01     2.65e+22   4.35e+19   5.56e+19   2.66e+22   1.64e-03
  1.5859e+01     2.53e+22   4.35e+19   5.45e+19   2.54e+22   1.71e-03
  1.8021e+01     2.39e+22   4.34e+19   5.31e+19   2.40e+22   1.81e-03
  2.0479e+01     2.24e+22   4.33e+19   4.96e+19   2.25e+22   1.93e-03
  2.3273e+01     2.07e+22   4.33e+19   5.02e+19   2.08e+22   2.08e-03
  2.6447e+01     1.89e+22   4.32e+19   4.80e+19   1.90e+22   2.27e-03
  3.0054e+01     1.70e+22   4.30e+19   4.48e+19   1.71e+22   2.52e-03
  3.4153e+01     1.50e+22   4.29e+19   4.20e+19   1.51e+22   2.85e-03
  3.8811e+01     1.30e+22   4.27e+19   3.90e+19   1.30e+22   3.27e-03
  4.4104e+01     1.06e+22   4.24e+19   3.59e+19   1.07e+22   3.98e-03
  5.0119e+01     9.21e+21   4.21e+19   3.26e+19   9.28e+21   4.54e-03
  5.6955e+01     7.57e+21   4.18e+19   2.92e+19   7.64e+21   5.47e-03
  6.4723e+01     6.14e+21   4.13e+19   2.60e+19   6.20e+21   6.66e-03
  7.3550e+01     4.93e+21   4.08e+19   2.29e+19   5.00e+21   8.17e-03
  8.3582e+01     3.95e+21   4.03e+19   2.00e+19   4.01e+21   1.00e-02
  9.4981e+01     3.18e+21   3.92e+19   1.75e+19   3.24e+21   1.21e-02
  1.0794e+02     2.59e+21   3.86e+19   1.54e+19   2.65e+21   1.46e-02
  1.2266e+02     2.16e+21   3.79e+19   1.36e+19   2.21e+21   1.72e-02
  1.3939e+02     1.85e+21   3.73e+19   1.22e+19   1.90e+21   1.96e-02
  1.5840e+02     1.69e+21   3.68e+19   1.14e+19   1.74e+21   2.12e-02
  1.8000e+02     1.60e+21   3.67e+19   1.10e+19   1.64e+21   2.23e-02
