# x= #theta [deg] ,  y= J(#theta) [GeV^{2} cm^{-5}]
#      x     y[    sm       <subs>     <cp>       tot     <subs>/tot]
  5.7296e-04     7.61e+17   4.24e+14   9.66e+14   7.62e+17   5.56e-04
  6.5110e-04     7.61e+17   4.24e+14   9.66e+14   7.62e+17   5.56e-04
  7.3991e-04     7.61e+17   4.24e+14   9.66e+14   7.62e+17   5.56e-04
  8.4082e-04     7.61e+17   4.24e+14   9.66e+14   7.62e+17   5.56e-04
  9.5550e-04     7.61e+17   4.24e+14   9.66e+14   7.62e+17   5.56e-04
  1.0858e-03     7.61e+17   4.24e+14   9.66e+14   7.62e+17   5.56e-04
  1.2339e-03     7.61e+17   4.24e+14   9.66e+14   7.62e+17   5.56e-04
  1.4022e-03     7.61e+17   4.24e+14   9.66e+14   7.62e+17   5.56e-04
  1.5934e-03     7.61e+17   4.24e+14   9.66e+14   7.62e+17   5.56e-04
  1.8108e-03     7.61e+17   4.24e+14   9.66e+14   7.62e+17   5.56e-04
  2.0577e-03     7.61e+17   4.24e+14   9.66e+14   7.62e+17   5.56e-04
  2.3384e-03     7.61e+17   4.24e+14   9.66e+14   7.62e+17   5.56e-04
  2.6573e-03     7.61e+17   4.24e+14   9.66e+14   7.62e+17   5.56e-04
  3.0197e-03     7.61e+17   4.24e+14   9.66e+14   7.62e+17   5.56e-04
  3.4316e-03     7.61e+17   4.24e+14   9.66e+14   7.62e+17   5.56e-04
  3.8996e-03     7.61e+17   4.24e+14   9.66e+14   7.62e+17   5.56e-04
  4.4315e-03     7.61e+17   4.24e+14   9.66e+14   7.62e+17   5.56e-04
  5.0359e-03     7.61e+17   4.24e+14   9.66e+14   7.62e+17   5.56e-04
  5.7227e-03     7.61e+17   4.24e+14   9.66e+14   7.62e+17   5.56e-04
  6.5033e-03     7.61e+17   4.24e+14   9.66e+14   7.62e+17   5.56e-04
  7.3902e-03     7.61e+17   4.24e+14   9.66e+14   7.62e+17   5.56e-04
  8.3982e-03     7.61e+17   4.24e+14   9.66e+14   7.62e+17   5.56e-04
  9.5436e-03     7.61e+17   4.24e+14   9.66e+14   7.62e+17   5.56e-04
  1.0845e-02     7.61e+17   4.24e+14   9.66e+14   7.62e+17   5.56e-04
  1.2324e-02     7.61e+17   4.24e+14   9.66e+14   7.62e+17   5.56e-04
  1.4005e-02     7.61e+17   4.24e+14   9.66e+14   7.62e+17   5.56e-04
  1.5915e-02     7.61e+17   4.24e+14   9.66e+14   7.62e+17   5.56e-04
  1.8086e-02     7.61e+17   4.24e+14   9.66e+14   7.62e+17   5.56e-04
  2.0553e-02     7.61e+17   4.24e+14   9.66e+14   7.62e+17   5.56e-04
  2.3356e-02     7.61e+17   4.24e+14   9.66e+14   7.62e+17   5.56e-04
  2.6542e-02     7.61e+17   4.24e+14   9.66e+14   7.62e+17   5.56e-04
  3.0161e-02     7.61e+17   4.24e+14   9.66e+14   7.62e+17   5.56e-04
  3.4275e-02     7.61e+17   4.24e+14   9.66e+14   7.62e+17   5.56e-04
  3.8950e-02     7.61e+17   4.24e+14   9.66e+14   7.62e+17   5.56e-04
  4.4262e-02     7.61e+17   4.24e+14   9.66e+14   7.62e+17   5.56e-04
  5.0299e-02     7.61e+17   4.24e+14   9.66e+14   7.62e+17   5.56e-04
  5.7159e-02     7.61e+17   4.24e+14   9.66e+14   7.62e+17   5.56e-04
  6.4955e-02     7.61e+17   4.24e+14   9.66e+14   7.62e+17   5.56e-04
  7.3814e-02     7.61e+17   4.24e+14   9.66e+14   7.62e+17   5.56e-04
  8.3882e-02     7.61e+17   4.24e+14   9.66e+14   7.62e+17   5.56e-04
  9.5322e-02     7.61e+17   4.24e+14   9.66e+14   7.62e+17   5.56e-04
  1.0832e-01     7.61e+17   4.24e+14   9.66e+14   7.62e+17   5.56e-04
  1.2310e-01     7.61e+17   4.24e+14   9.66e+14   7.62e+17   5.56e-04
  1.3989e-01     7.61e+17   4.24e+14   9.66e+14   7.62e+17   5.56e-04
  1.5896e-01     7.61e+17   4.24e+14   9.66e+14   7.62e+17   5.56e-04
  1.8065e-01     7.61e+17   4.24e+14   9.66e+14   7.62e+17   5.56e-04
  2.0528e-01     7.61e+17   4.24e+14   9.66e+14   7.62e+17   5.56e-04
  2.3328e-01     7.61e+17   4.24e+14   9.66e+14   7.62e+17   5.56e-04
  2.6510e-01     7.61e+17   4.24e+14   9.66e+14   7.62e+17   5.56e-04
  3.0125e-01     7.60e+17   4.24e+14   9.66e+14   7.62e+17   5.56e-04
  3.4234e-01     7.60e+17   4.24e+14   9.66e+14   7.62e+17   5.56e-04
  3.8903e-01     7.60e+17   4.24e+14   9.65e+14   7.62e+17   5.56e-04
  4.4209e-01     7.60e+17   4.24e+14   9.65e+14   7.62e+17   5.57e-04
  5.0239e-01     7.60e+17   4.24e+14   9.65e+14   7.62e+17   5.57e-04
  5.7091e-01     7.60e+17   4.24e+14   9.65e+14   7.61e+17   5.57e-04
  6.4878e-01     7.60e+17   4.24e+14   9.65e+14   7.61e+17   5.57e-04
  7.3726e-01     7.60e+17   4.24e+14   9.65e+14   7.61e+17   5.57e-04
  8.3782e-01     7.59e+17   4.24e+14   9.65e+14   7.61e+17   5.57e-04
  9.5208e-01     7.59e+17   4.24e+14   9.65e+14   7.60e+17   5.58e-04
  1.0819e+00     7.58e+17   4.24e+14   9.64e+14   7.60e+17   5.58e-04
  1.2295e+00     7.58e+17   4.24e+14   9.64e+14   7.59e+17   5.58e-04
  1.3972e+00     7.57e+17   4.24e+14   9.64e+14   7.58e+17   5.59e-04
  1.5878e+00     7.56e+17   4.24e+14   9.63e+14   7.57e+17   5.60e-04
  1.8043e+00     7.55e+17   4.24e+14   9.63e+14   7.56e+17   5.61e-04
  2.0504e+00     7.53e+17   4.24e+14   9.62e+14   7.55e+17   5.62e-04
  2.3300e+00     7.52e+17   4.24e+14   9.61e+14   7.53e+17   5.63e-04
  2.6478e+00     7.49e+17   4.24e+14   9.60e+14   7.51e+17   5.65e-04
  3.0090e+00     7.46e+17   4.24e+14   9.58e+14   7.48e+17   5.67e-04
  3.4193e+00     7.43e+17   4.24e+14   9.57e+14   7.44e+17   5.69e-04
  3.8857e+00     7.39e+17   4.24e+14   9.54e+14   7.40e+17   5.72e-04
  4.4157e+00     7.34e+17   4.24e+14   9.51e+14   7.35e+17   5.76e-04
  5.0179e+00     7.27e+17   4.24e+14   9.48e+14   7.29e+17   5.81e-04
  5.7023e+00     7.20e+17   4.24e+14   9.44e+14   7.21e+17   5.87e-04
  6.4800e+00     7.11e+17   4.24e+14   9.38e+14   7.12e+17   5.95e-04
  7.3638e+00     6.99e+17   4.23e+14   9.32e+14   7.01e+17   6.04e-04
  8.3682e+00     6.86e+17   4.23e+14   9.24e+14   6.87e+17   6.16e-04
  9.5095e+00     6.70e+17   4.23e+14   9.14e+14   6.71e+17   6.30e-04
  1.0806e+01     6.51e+17   4.23e+14   9.03e+14   6.53e+17   6.48e-04
  1.2280e+01     6.29e+17   4.23e+14   8.88e+14   6.30e+17   6.70e-04
  1.3955e+01     6.03e+17   4.22e+14   8.71e+14   6.05e+17   6.99e-04
  1.5859e+01     5.74e+17   4.22e+14   8.51e+14   5.75e+17   7.34e-04
  1.8021e+01     5.40e+17   4.21e+14   8.27e+14   5.41e+17   7.79e-04
  2.0479e+01     5.02e+17   4.21e+14   8.10e+14   5.03e+17   8.36e-04
  2.3273e+01     4.61e+17   4.20e+14   7.78e+14   4.62e+17   9.09e-04
  2.6447e+01     4.16e+17   4.19e+14   7.29e+14   4.18e+17   1.00e-03
  3.0054e+01     3.70e+17   4.17e+14   6.88e+14   3.71e+17   1.12e-03
  3.4153e+01     3.23e+17   4.16e+14   6.42e+14   3.24e+17   1.28e-03
  3.8811e+01     2.76e+17   4.14e+14   5.93e+14   2.77e+17   1.49e-03
  4.4104e+01     2.32e+17   4.11e+14   5.41e+14   2.33e+17   1.76e-03
  5.0119e+01     1.91e+17   4.08e+14   4.88e+14   1.92e+17   2.12e-03
  5.6955e+01     1.55e+17   4.04e+14   4.34e+14   1.56e+17   2.59e-03
  6.4723e+01     1.24e+17   4.00e+14   3.84e+14   1.25e+17   3.19e-03
  7.3550e+01     9.89e+16   3.94e+14   3.36e+14   9.96e+16   3.96e-03
  8.3582e+01     7.85e+16   3.88e+14   2.93e+14   7.92e+16   4.91e-03
  9.4981e+01     6.27e+16   3.78e+14   2.54e+14   6.33e+16   5.98e-03
  1.0794e+02     5.07e+16   3.71e+14   2.22e+14   5.13e+16   7.24e-03
  1.2266e+02     4.19e+16   3.64e+14   1.96e+14   4.25e+16   8.58e-03
  1.3939e+02     3.59e+16   3.58e+14   1.76e+14   3.64e+16   9.83e-03
  1.5840e+02     3.21e+16   3.54e+14   1.63e+14   3.27e+16   1.08e-02
  1.8000e+02     3.13e+16   3.52e+14   1.58e+14   3.18e+16   1.10e-02
